[INFO ] [2014-03-14 09:50:45] initServletBean (FrameworkServlet.java:454) 
 FrameworkServlet 'multiViewController': initialization started
[INFO ] [2014-03-14 09:50:45] prepareRefresh (AbstractApplicationContext.java:510) 
 Refreshing WebApplicationContext for namespace 'multiViewController-servlet': startup date [Fri Mar 14 09:50:45 CST 2014]; parent: Root WebApplicationContext
[INFO ] [2014-03-14 09:50:45] loadBeanDefinitions (XmlBeanDefinitionReader.java:315) 
 Loading XML bean definitions from class path resource [config/spring-conf/application-ecardcity-om.xml]
[INFO ] [2014-03-14 09:50:45] preInstantiateSingletons (DefaultListableBeanFactory.java:598) 
 Pre-instantiating singletons in org.springframework.beans.factory.support.DefaultListableBeanFactory@13306f7: defining beans [org.springframework.context.annotation.internalConfigurationAnnotationProcessor,org.springframework.context.annotation.internalAutowiredAnnotationProcessor,org.springframework.context.annotation.internalRequiredAnnotationProcessor,org.springframework.context.annotation.internalCommonAnnotationProcessor,org.springframework.context.annotation.internalPersistenceAnnotationProcessor,collectController,collectResource,org.springframework.web.servlet.mvc.method.annotation.RequestMappingHandlerMapping#0,org.springframework.web.servlet.mvc.method.annotation.RequestMappingHandlerAdapter#0,org.springframework.context.annotation.ConfigurationClassPostProcessor.importAwareProcessor]; parent: org.springframework.beans.factory.support.DefaultListableBeanFactory@12dfac3
[INFO ] [2014-03-14 09:50:45] registerHandlerMethod (AbstractHandlerMethodMapping.java:179) 
 Mapped "{[/collectService/collect/addIndustryUI],methods=[POST || GET],params=[],headers=[],consumes=[],produces=[],custom=[]}" onto public cn.newcapec.framework.core.rest.Msg cn.newcapec.function.ecardcity.om.controller.CollectController.getIndustryList()
[INFO ] [2014-03-14 09:50:45] initServletBean (FrameworkServlet.java:473) 
 FrameworkServlet 'multiViewController': initialization completed in 78 ms
[INFO ] [2014-03-14 11:35:51] initServletBean (FrameworkServlet.java:454) 
 FrameworkServlet 'multiViewController': initialization started
[INFO ] [2014-03-14 11:35:51] prepareRefresh (AbstractApplicationContext.java:510) 
 Refreshing WebApplicationContext for namespace 'multiViewController-servlet': startup date [Fri Mar 14 11:35:51 CST 2014]; parent: Root WebApplicationContext
[INFO ] [2014-03-14 11:35:51] loadBeanDefinitions (XmlBeanDefinitionReader.java:315) 
 Loading XML bean definitions from class path resource [config/spring-conf/application-ecardcity-om.xml]
[INFO ] [2014-03-14 11:35:51] preInstantiateSingletons (DefaultListableBeanFactory.java:598) 
 Pre-instantiating singletons in org.springframework.beans.factory.support.DefaultListableBeanFactory@1214c59: defining beans [org.springframework.context.annotation.internalConfigurationAnnotationProcessor,org.springframework.context.annotation.internalAutowiredAnnotationProcessor,org.springframework.context.annotation.internalRequiredAnnotationProcessor,org.springframework.context.annotation.internalCommonAnnotationProcessor,org.springframework.context.annotation.internalPersistenceAnnotationProcessor,termInfoService,collectController,termInfoDAO,collectResource,termInfoResource,org.springframework.web.servlet.mvc.method.annotation.RequestMappingHandlerMapping#0,org.springframework.web.servlet.mvc.method.annotation.RequestMappingHandlerAdapter#0,org.springframework.context.annotation.ConfigurationClassPostProcessor.importAwareProcessor]; parent: org.springframework.beans.factory.support.DefaultListableBeanFactory@c7e8af
[INFO ] [2014-03-14 11:35:51] registerHandlerMethod (AbstractHandlerMethodMapping.java:179) 
 Mapped "{[/collectService/collect/addIndustryUI],methods=[POST || GET],params=[],headers=[],consumes=[],produces=[],custom=[]}" onto public cn.newcapec.framework.core.rest.Msg cn.newcapec.function.ecardcity.om.controller.CollectController.getIndustryList()
[INFO ] [2014-03-14 11:35:52] initServletBean (FrameworkServlet.java:473) 
 FrameworkServlet 'multiViewController': initialization completed in 94 ms
[ERROR] [2014-03-14 11:40:47] getRepresentation (ExceptionStatusService.java:43) 
 The server has not found anything matching the request URI
[INFO ] [2014-03-14 11:42:06] initServletBean (FrameworkServlet.java:454) 
 FrameworkServlet 'multiViewController': initialization started
[INFO ] [2014-03-14 11:42:06] prepareRefresh (AbstractApplicationContext.java:510) 
 Refreshing WebApplicationContext for namespace 'multiViewController-servlet': startup date [Fri Mar 14 11:42:06 CST 2014]; parent: Root WebApplicationContext
[INFO ] [2014-03-14 11:42:06] loadBeanDefinitions (XmlBeanDefinitionReader.java:315) 
 Loading XML bean definitions from class path resource [config/spring-conf/application-ecardcity-om.xml]
[INFO ] [2014-03-14 11:42:06] preInstantiateSingletons (DefaultListableBeanFactory.java:598) 
 Pre-instantiating singletons in org.springframework.beans.factory.support.DefaultListableBeanFactory@10f0031: defining beans [org.springframework.context.annotation.internalConfigurationAnnotationProcessor,org.springframework.context.annotation.internalAutowiredAnnotationProcessor,org.springframework.context.annotation.internalRequiredAnnotationProcessor,org.springframework.context.annotation.internalCommonAnnotationProcessor,org.springframework.context.annotation.internalPersistenceAnnotationProcessor,termInfoService,collectController,termInfoDAO,collectResource,termInfoResource,org.springframework.web.servlet.mvc.method.annotation.RequestMappingHandlerMapping#0,org.springframework.web.servlet.mvc.method.annotation.RequestMappingHandlerAdapter#0,org.springframework.context.annotation.ConfigurationClassPostProcessor.importAwareProcessor]; parent: org.springframework.beans.factory.support.DefaultListableBeanFactory@7d6acc
[INFO ] [2014-03-14 11:42:06] registerHandlerMethod (AbstractHandlerMethodMapping.java:179) 
 Mapped "{[/collectService/collect/addIndustryUI],methods=[POST || GET],params=[],headers=[],consumes=[],produces=[],custom=[]}" onto public cn.newcapec.framework.core.rest.Msg cn.newcapec.function.ecardcity.om.controller.CollectController.getIndustryList()
[INFO ] [2014-03-14 11:42:06] initServletBean (FrameworkServlet.java:473) 
 FrameworkServlet 'multiViewController': initialization completed in 95 ms
[INFO ] [2014-03-14 11:42:36] initServletBean (FrameworkServlet.java:454) 
 FrameworkServlet 'multiViewController': initialization started
[INFO ] [2014-03-14 11:42:36] prepareRefresh (AbstractApplicationContext.java:510) 
 Refreshing WebApplicationContext for namespace 'multiViewController-servlet': startup date [Fri Mar 14 11:42:36 CST 2014]; parent: Root WebApplicationContext
[INFO ] [2014-03-14 11:42:36] loadBeanDefinitions (XmlBeanDefinitionReader.java:315) 
 Loading XML bean definitions from class path resource [config/spring-conf/application-ecardcity-om.xml]
[INFO ] [2014-03-14 11:42:36] preInstantiateSingletons (DefaultListableBeanFactory.java:598) 
 Pre-instantiating singletons in org.springframework.beans.factory.support.DefaultListableBeanFactory@1169a7f: defining beans [org.springframework.context.annotation.internalConfigurationAnnotationProcessor,org.springframework.context.annotation.internalAutowiredAnnotationProcessor,org.springframework.context.annotation.internalRequiredAnnotationProcessor,org.springframework.context.annotation.internalCommonAnnotationProcessor,org.springframework.context.annotation.internalPersistenceAnnotationProcessor,termInfoService,collectController,termInfoDAO,collectResource,termInfoResource,org.springframework.web.servlet.mvc.method.annotation.RequestMappingHandlerMapping#0,org.springframework.web.servlet.mvc.method.annotation.RequestMappingHandlerAdapter#0,org.springframework.context.annotation.ConfigurationClassPostProcessor.importAwareProcessor]; parent: org.springframework.beans.factory.support.DefaultListableBeanFactory@1eeaa9e
[INFO ] [2014-03-14 11:42:36] registerHandlerMethod (AbstractHandlerMethodMapping.java:179) 
 Mapped "{[/collectService/collect/addIndustryUI],methods=[POST || GET],params=[],headers=[],consumes=[],produces=[],custom=[]}" onto public cn.newcapec.framework.core.rest.Msg cn.newcapec.function.ecardcity.om.controller.CollectController.getIndustryList()
[INFO ] [2014-03-14 11:42:36] initServletBean (FrameworkServlet.java:473) 
 FrameworkServlet 'multiViewController': initialization completed in 94 ms
[ERROR] [2014-03-14 11:42:42] getRepresentation (ExceptionStatusService.java:43) 
 The server has not found anything matching the request URI
[INFO ] [2014-03-14 11:43:43] initServletBean (FrameworkServlet.java:454) 
 FrameworkServlet 'multiViewController': initialization started
[INFO ] [2014-03-14 11:43:43] prepareRefresh (AbstractApplicationContext.java:510) 
 Refreshing WebApplicationContext for namespace 'multiViewController-servlet': startup date [Fri Mar 14 11:43:43 CST 2014]; parent: Root WebApplicationContext
[INFO ] [2014-03-14 11:43:43] loadBeanDefinitions (XmlBeanDefinitionReader.java:315) 
 Loading XML bean definitions from class path resource [config/spring-conf/application-ecardcity-om.xml]
[INFO ] [2014-03-14 11:43:43] preInstantiateSingletons (DefaultListableBeanFactory.java:598) 
 Pre-instantiating singletons in org.springframework.beans.factory.support.DefaultListableBeanFactory@1214c59: defining beans [org.springframework.context.annotation.internalConfigurationAnnotationProcessor,org.springframework.context.annotation.internalAutowiredAnnotationProcessor,org.springframework.context.annotation.internalRequiredAnnotationProcessor,org.springframework.context.annotation.internalCommonAnnotationProcessor,org.springframework.context.annotation.internalPersistenceAnnotationProcessor,termInfoService,collectController,termInfoDAO,collectResource,termInfoResource,org.springframework.web.servlet.mvc.method.annotation.RequestMappingHandlerMapping#0,org.springframework.web.servlet.mvc.method.annotation.RequestMappingHandlerAdapter#0,org.springframework.context.annotation.ConfigurationClassPostProcessor.importAwareProcessor]; parent: org.springframework.beans.factory.support.DefaultListableBeanFactory@c7e8af
[INFO ] [2014-03-14 11:43:43] registerHandlerMethod (AbstractHandlerMethodMapping.java:179) 
 Mapped "{[/collectService/collect/addIndustryUI],methods=[POST || GET],params=[],headers=[],consumes=[],produces=[],custom=[]}" onto public cn.newcapec.framework.core.rest.Msg cn.newcapec.function.ecardcity.om.controller.CollectController.getIndustryList()
[INFO ] [2014-03-14 11:43:43] initServletBean (FrameworkServlet.java:473) 
 FrameworkServlet 'multiViewController': initialization completed in 110 ms
[ERROR] [2014-03-14 11:43:55] getRepresentation (ExceptionStatusService.java:43) 
 The server has not found anything matching the request URI
[INFO ] [2014-03-14 11:46:39] initServletBean (FrameworkServlet.java:454) 
 FrameworkServlet 'multiViewController': initialization started
[INFO ] [2014-03-14 11:46:39] prepareRefresh (AbstractApplicationContext.java:510) 
 Refreshing WebApplicationContext for namespace 'multiViewController-servlet': startup date [Fri Mar 14 11:46:39 CST 2014]; parent: Root WebApplicationContext
[INFO ] [2014-03-14 11:46:39] loadBeanDefinitions (XmlBeanDefinitionReader.java:315) 
 Loading XML bean definitions from class path resource [config/spring-conf/application-ecardcity-om.xml]
[INFO ] [2014-03-14 11:46:39] preInstantiateSingletons (DefaultListableBeanFactory.java:598) 
 Pre-instantiating singletons in org.springframework.beans.factory.support.DefaultListableBeanFactory@1f84f6c: defining beans [org.springframework.context.annotation.internalConfigurationAnnotationProcessor,org.springframework.context.annotation.internalAutowiredAnnotationProcessor,org.springframework.context.annotation.internalRequiredAnnotationProcessor,org.springframework.context.annotation.internalCommonAnnotationProcessor,org.springframework.context.annotation.internalPersistenceAnnotationProcessor,termInfoService,collectController,termInfoDAO,collectResource,termInfoResource,org.springframework.web.servlet.mvc.method.annotation.RequestMappingHandlerMapping#0,org.springframework.web.servlet.mvc.method.annotation.RequestMappingHandlerAdapter#0,org.springframework.context.annotation.ConfigurationClassPostProcessor.importAwareProcessor]; parent: org.springframework.beans.factory.support.DefaultListableBeanFactory@c7e8af
[INFO ] [2014-03-14 11:46:39] registerHandlerMethod (AbstractHandlerMethodMapping.java:179) 
 Mapped "{[/collectService/collect/addIndustryUI],methods=[POST || GET],params=[],headers=[],consumes=[],produces=[],custom=[]}" onto public cn.newcapec.framework.core.rest.Msg cn.newcapec.function.ecardcity.om.controller.CollectController.getIndustryList()
[INFO ] [2014-03-14 11:46:40] initServletBean (FrameworkServlet.java:473) 
 FrameworkServlet 'multiViewController': initialization completed in 125 ms
[ERROR] [2014-03-14 11:46:44] getRepresentation (ExceptionStatusService.java:43) 
 The server has not found anything matching the request URI
[INFO ] [2014-03-14 11:48:15] initServletBean (FrameworkServlet.java:454) 
 FrameworkServlet 'multiViewController': initialization started
[INFO ] [2014-03-14 11:48:15] prepareRefresh (AbstractApplicationContext.java:510) 
 Refreshing WebApplicationContext for namespace 'multiViewController-servlet': startup date [Fri Mar 14 11:48:15 CST 2014]; parent: Root WebApplicationContext
[INFO ] [2014-03-14 11:48:15] loadBeanDefinitions (XmlBeanDefinitionReader.java:315) 
 Loading XML bean definitions from class path resource [config/spring-conf/application-ecardcity-om.xml]
[INFO ] [2014-03-14 11:48:15] preInstantiateSingletons (DefaultListableBeanFactory.java:598) 
 Pre-instantiating singletons in org.springframework.beans.factory.support.DefaultListableBeanFactory@1d5a2f2: defining beans [org.springframework.context.annotation.internalConfigurationAnnotationProcessor,org.springframework.context.annotation.internalAutowiredAnnotationProcessor,org.springframework.context.annotation.internalRequiredAnnotationProcessor,org.springframework.context.annotation.internalCommonAnnotationProcessor,org.springframework.context.annotation.internalPersistenceAnnotationProcessor,termInfoService,collectController,termInfoDAO,collectResource,termInfoResource,org.springframework.web.servlet.mvc.method.annotation.RequestMappingHandlerMapping#0,org.springframework.web.servlet.mvc.method.annotation.RequestMappingHandlerAdapter#0,org.springframework.context.annotation.ConfigurationClassPostProcessor.importAwareProcessor]; parent: org.springframework.beans.factory.support.DefaultListableBeanFactory@c7e8af
[INFO ] [2014-03-14 11:48:15] registerHandlerMethod (AbstractHandlerMethodMapping.java:179) 
 Mapped "{[/collectService/collect/addIndustryUI],methods=[POST || GET],params=[],headers=[],consumes=[],produces=[],custom=[]}" onto public cn.newcapec.framework.core.rest.Msg cn.newcapec.function.ecardcity.om.controller.CollectController.getIndustryList()
[INFO ] [2014-03-14 11:48:15] initServletBean (FrameworkServlet.java:473) 
 FrameworkServlet 'multiViewController': initialization completed in 109 ms
[ERROR] [2014-03-14 11:48:20] getRepresentation (ExceptionStatusService.java:43) 
 The server has not found anything matching the request URI
[ERROR] [2014-03-14 11:49:00] getRepresentation (ExceptionStatusService.java:43) 
 The server has not found anything matching the request URI
[INFO ] [2014-03-14 13:16:56] initServletBean (FrameworkServlet.java:454) 
 FrameworkServlet 'multiViewController': initialization started
[INFO ] [2014-03-14 13:16:56] prepareRefresh (AbstractApplicationContext.java:510) 
 Refreshing WebApplicationContext for namespace 'multiViewController-servlet': startup date [Fri Mar 14 13:16:56 CST 2014]; parent: Root WebApplicationContext
[INFO ] [2014-03-14 13:16:56] loadBeanDefinitions (XmlBeanDefinitionReader.java:315) 
 Loading XML bean definitions from class path resource [config/spring-conf/application-ecardcity-om.xml]
[INFO ] [2014-03-14 13:16:56] preInstantiateSingletons (DefaultListableBeanFactory.java:598) 
 Pre-instantiating singletons in org.springframework.beans.factory.support.DefaultListableBeanFactory@49bb60: defining beans [org.springframework.context.annotation.internalConfigurationAnnotationProcessor,org.springframework.context.annotation.internalAutowiredAnnotationProcessor,org.springframework.context.annotation.internalRequiredAnnotationProcessor,org.springframework.context.annotation.internalCommonAnnotationProcessor,org.springframework.context.annotation.internalPersistenceAnnotationProcessor,termInfoService,collectController,termInfoDAO,collectResource,termInfoResource,org.springframework.web.servlet.mvc.method.annotation.RequestMappingHandlerMapping#0,org.springframework.web.servlet.mvc.method.annotation.RequestMappingHandlerAdapter#0,org.springframework.context.annotation.ConfigurationClassPostProcessor.importAwareProcessor]; parent: org.springframework.beans.factory.support.DefaultListableBeanFactory@7d6acc
[INFO ] [2014-03-14 13:16:56] registerHandlerMethod (AbstractHandlerMethodMapping.java:179) 
 Mapped "{[/collectService/collect/addIndustryUI],methods=[POST || GET],params=[],headers=[],consumes=[],produces=[],custom=[]}" onto public cn.newcapec.framework.core.rest.Msg cn.newcapec.function.ecardcity.om.controller.CollectController.getIndustryList()
[INFO ] [2014-03-14 13:16:56] initServletBean (FrameworkServlet.java:473) 
 FrameworkServlet 'multiViewController': initialization completed in 109 ms
[INFO ] [2014-03-14 13:20:21] initServletBean (FrameworkServlet.java:454) 
 FrameworkServlet 'multiViewController': initialization started
[INFO ] [2014-03-14 13:20:21] prepareRefresh (AbstractApplicationContext.java:510) 
 Refreshing WebApplicationContext for namespace 'multiViewController-servlet': startup date [Fri Mar 14 13:20:21 CST 2014]; parent: Root WebApplicationContext
[INFO ] [2014-03-14 13:20:21] loadBeanDefinitions (XmlBeanDefinitionReader.java:315) 
 Loading XML bean definitions from class path resource [config/spring-conf/application-ecardcity-om.xml]
[INFO ] [2014-03-14 13:20:22] preInstantiateSingletons (DefaultListableBeanFactory.java:598) 
 Pre-instantiating singletons in org.springframework.beans.factory.support.DefaultListableBeanFactory@4a5f25: defining beans [org.springframework.context.annotation.internalConfigurationAnnotationProcessor,org.springframework.context.annotation.internalAutowiredAnnotationProcessor,org.springframework.context.annotation.internalRequiredAnnotationProcessor,org.springframework.context.annotation.internalCommonAnnotationProcessor,org.springframework.context.annotation.internalPersistenceAnnotationProcessor,termInfoService,collectController,termInfoDAO,collectResource,termInfoResource,org.springframework.web.servlet.mvc.method.annotation.RequestMappingHandlerMapping#0,org.springframework.web.servlet.mvc.method.annotation.RequestMappingHandlerAdapter#0,org.springframework.context.annotation.ConfigurationClassPostProcessor.importAwareProcessor]; parent: org.springframework.beans.factory.support.DefaultListableBeanFactory@7d6acc
[INFO ] [2014-03-14 13:20:22] registerHandlerMethod (AbstractHandlerMethodMapping.java:179) 
 Mapped "{[/collectService/collect/addIndustryUI],methods=[POST || GET],params=[],headers=[],consumes=[],produces=[],custom=[]}" onto public cn.newcapec.framework.core.rest.Msg cn.newcapec.function.ecardcity.om.controller.CollectController.getIndustryList()
[INFO ] [2014-03-14 13:20:22] initServletBean (FrameworkServlet.java:473) 
 FrameworkServlet 'multiViewController': initialization completed in 125 ms
[INFO ] [2014-03-14 13:21:09] initServletBean (FrameworkServlet.java:454) 
 FrameworkServlet 'multiViewController': initialization started
[INFO ] [2014-03-14 13:21:09] prepareRefresh (AbstractApplicationContext.java:510) 
 Refreshing WebApplicationContext for namespace 'multiViewController-servlet': startup date [Fri Mar 14 13:21:09 CST 2014]; parent: Root WebApplicationContext
[INFO ] [2014-03-14 13:21:09] loadBeanDefinitions (XmlBeanDefinitionReader.java:315) 
 Loading XML bean definitions from class path resource [config/spring-conf/application-ecardcity-om.xml]
[INFO ] [2014-03-14 13:21:09] preInstantiateSingletons (DefaultListableBeanFactory.java:598) 
 Pre-instantiating singletons in org.springframework.beans.factory.support.DefaultListableBeanFactory@185b952: defining beans [org.springframework.context.annotation.internalConfigurationAnnotationProcessor,org.springframework.context.annotation.internalAutowiredAnnotationProcessor,org.springframework.context.annotation.internalRequiredAnnotationProcessor,org.springframework.context.annotation.internalCommonAnnotationProcessor,org.springframework.context.annotation.internalPersistenceAnnotationProcessor,termInfoService,collectController,termInfoDAO,collectResource,termInfoResource,org.springframework.web.servlet.mvc.method.annotation.RequestMappingHandlerMapping#0,org.springframework.web.servlet.mvc.method.annotation.RequestMappingHandlerAdapter#0,org.springframework.context.annotation.ConfigurationClassPostProcessor.importAwareProcessor]; parent: org.springframework.beans.factory.support.DefaultListableBeanFactory@1eeaa9e
[INFO ] [2014-03-14 13:21:09] registerHandlerMethod (AbstractHandlerMethodMapping.java:179) 
 Mapped "{[/collectService/collect/addIndustryUI],methods=[POST || GET],params=[],headers=[],consumes=[],produces=[],custom=[]}" onto public cn.newcapec.framework.core.rest.Msg cn.newcapec.function.ecardcity.om.controller.CollectController.getIndustryList()
[INFO ] [2014-03-14 13:21:09] initServletBean (FrameworkServlet.java:473) 
 FrameworkServlet 'multiViewController': initialization completed in 110 ms
[INFO ] [2014-03-14 13:21:58] init (BaseResource.java:130) 
 method[GET] call!
[WARN ] [2014-03-14 13:21:58] logExceptions (JDBCExceptionReporter.java:233) 
 SQL Error: 1400, SQLState: 23000
[ERROR] [2014-03-14 13:21:58] logExceptions (JDBCExceptionReporter.java:234) 
 ORA-01400: 无法将 NULL 插入 ("CCENSE"."TERM_INFO"."TERMNAME")

[WARN ] [2014-03-14 13:21:58] logExceptions (JDBCExceptionReporter.java:233) 
 SQL Error: 1400, SQLState: 23000
[ERROR] [2014-03-14 13:21:58] logExceptions (JDBCExceptionReporter.java:234) 
 ORA-01400: 无法将 NULL 插入 ("CCENSE"."TERM_INFO"."TERMNAME")

[ERROR] [2014-03-14 13:21:58] performExecutions (AbstractFlushingEventListener.java:324) 
 Could not synchronize database state with session
org.hibernate.exception.ConstraintViolationException: Could not execute JDBC batch update
	at org.hibernate.exception.SQLStateConverter.convert(SQLStateConverter.java:96)
	at org.hibernate.exception.JDBCExceptionHelper.convert(JDBCExceptionHelper.java:66)
	at org.hibernate.jdbc.AbstractBatcher.executeBatch(AbstractBatcher.java:275)
	at org.hibernate.engine.ActionQueue.executeActions(ActionQueue.java:268)
	at org.hibernate.engine.ActionQueue.executeActions(ActionQueue.java:184)
	at org.hibernate.event.def.AbstractFlushingEventListener.performExecutions(AbstractFlushingEventListener.java:321)
	at org.hibernate.event.def.DefaultFlushEventListener.onFlush(DefaultFlushEventListener.java:51)
	at org.hibernate.impl.SessionImpl.flush(SessionImpl.java:1216)
	at org.hibernate.impl.SessionImpl.managedFlush(SessionImpl.java:383)
	at org.hibernate.transaction.JDBCTransaction.commit(JDBCTransaction.java:133)
	at org.springframework.orm.hibernate3.HibernateTransactionManager.doCommit(HibernateTransactionManager.java:657)
	at org.springframework.transaction.support.AbstractPlatformTransactionManager.processCommit(AbstractPlatformTransactionManager.java:755)
	at org.springframework.transaction.support.AbstractPlatformTransactionManager.commit(AbstractPlatformTransactionManager.java:724)
	at org.springframework.transaction.interceptor.TransactionAspectSupport.commitTransactionAfterReturning(TransactionAspectSupport.java:475)
	at org.springframework.transaction.interceptor.TransactionAspectSupport.invokeWithinTransaction(TransactionAspectSupport.java:270)
	at org.springframework.transaction.interceptor.TransactionInterceptor.invoke(TransactionInterceptor.java:94)
	at org.springframework.aop.framework.ReflectiveMethodInvocation.proceed(ReflectiveMethodInvocation.java:172)
	at org.springframework.aop.framework.CglibAopProxy$DynamicAdvisedInterceptor.intercept(CglibAopProxy.java:631)
	at cn.newcapec.function.ecardcity.om.biz.impl.TermInfoServiceImpl$$EnhancerByCGLIB$$e3eb6ec5.saveOrUpdate(<generated>)
	at cn.newcapec.function.ecardcity.om.rest.CollectResource.updateKET(CollectResource.java:48)
	at sun.reflect.NativeMethodAccessorImpl.invoke0(Native Method)
	at sun.reflect.NativeMethodAccessorImpl.invoke(NativeMethodAccessorImpl.java:57)
	at sun.reflect.DelegatingMethodAccessorImpl.invoke(DelegatingMethodAccessorImpl.java:43)
	at java.lang.reflect.Method.invoke(Method.java:606)
	at cn.newcapec.framework.core.rest.BaseResource.callMethod(BaseResource.java:357)
	at cn.newcapec.framework.core.rest.BaseResource.handleGet(BaseResource.java:217)
	at org.restlet.Finder.handle(Finder.java:353)
	at org.restlet.Filter.doHandle(Filter.java:150)
	at org.restlet.Filter.handle(Filter.java:195)
	at org.restlet.Router.handle(Router.java:504)
	at org.restlet.Filter.doHandle(Filter.java:150)
	at org.restlet.Filter.handle(Filter.java:195)
	at org.restlet.Router.handle(Router.java:504)
	at org.restlet.Filter.doHandle(Filter.java:150)
	at org.restlet.Filter.handle(Filter.java:195)
	at org.restlet.Filter.doHandle(Filter.java:150)
	at org.restlet.Filter.handle(Filter.java:195)
	at org.restlet.Filter.doHandle(Filter.java:150)
	at com.noelios.restlet.StatusFilter.doHandle(StatusFilter.java:130)
	at org.restlet.Filter.handle(Filter.java:195)
	at org.restlet.Filter.doHandle(Filter.java:150)
	at org.restlet.Filter.handle(Filter.java:195)
	at com.noelios.restlet.ChainHelper.handle(ChainHelper.java:124)
	at com.noelios.restlet.application.ApplicationHelper.handle(ApplicationHelper.java:112)
	at org.restlet.Application.handle(Application.java:341)
	at org.restlet.Filter.doHandle(Filter.java:150)
	at org.restlet.Filter.handle(Filter.java:195)
	at org.restlet.Router.handle(Router.java:504)
	at org.restlet.Filter.doHandle(Filter.java:150)
	at org.restlet.Filter.handle(Filter.java:195)
	at org.restlet.Router.handle(Router.java:504)
	at org.restlet.Filter.doHandle(Filter.java:150)
	at com.noelios.restlet.StatusFilter.doHandle(StatusFilter.java:130)
	at org.restlet.Filter.handle(Filter.java:195)
	at org.restlet.Filter.doHandle(Filter.java:150)
	at org.restlet.Filter.handle(Filter.java:195)
	at com.noelios.restlet.ChainHelper.handle(ChainHelper.java:124)
	at org.restlet.Component.handle(Component.java:673)
	at org.restlet.Server.handle(Server.java:331)
	at com.noelios.restlet.ServerHelper.handle(ServerHelper.java:68)
	at com.noelios.restlet.http.HttpServerHelper.handle(HttpServerHelper.java:147)
	at com.noelios.restlet.ext.servlet.ServerServlet.service(ServerServlet.java:881)
	at javax.servlet.http.HttpServlet.service(HttpServlet.java:820)
	at org.mortbay.jetty.servlet.ServletHolder.handle(ServletHolder.java:511)
	at org.mortbay.jetty.servlet.ServletHandler$CachedChain.doFilter(ServletHandler.java:1221)
	at cn.newcapec.framework.core.filter.PagerFilter.doFilter(PagerFilter.java:37)
	at org.mortbay.jetty.servlet.ServletHandler$CachedChain.doFilter(ServletHandler.java:1212)
	at org.springframework.web.filter.CharacterEncodingFilter.doFilterInternal(CharacterEncodingFilter.java:88)
	at org.springframework.web.filter.OncePerRequestFilter.doFilter(OncePerRequestFilter.java:107)
	at org.mortbay.jetty.servlet.ServletHandler$CachedChain.doFilter(ServletHandler.java:1212)
	at cn.newcapec.framework.core.filter.RequestEncodeFilter.doFilter(RequestEncodeFilter.java:63)
	at org.mortbay.jetty.servlet.ServletHandler$CachedChain.doFilter(ServletHandler.java:1212)
	at org.springframework.orm.hibernate3.support.OpenSessionInViewFilter.doFilterInternal(OpenSessionInViewFilter.java:230)
	at org.springframework.web.filter.OncePerRequestFilter.doFilter(OncePerRequestFilter.java:107)
	at org.mortbay.jetty.servlet.ServletHandler$CachedChain.doFilter(ServletHandler.java:1212)
	at org.mortbay.jetty.servlet.ServletHandler.handle(ServletHandler.java:399)
	at org.mortbay.jetty.security.SecurityHandler.handle(SecurityHandler.java:216)
	at org.mortbay.jetty.servlet.SessionHandler.handle(SessionHandler.java:182)
	at org.mortbay.jetty.handler.ContextHandler.handle(ContextHandler.java:766)
	at org.mortbay.jetty.webapp.WebAppContext.handle(WebAppContext.java:450)
	at org.mortbay.jetty.handler.HandlerWrapper.handle(HandlerWrapper.java:152)
	at org.mortbay.jetty.Server.handle(Server.java:326)
	at org.mortbay.jetty.HttpConnection.handleRequest(HttpConnection.java:542)
	at org.mortbay.jetty.HttpConnection$RequestHandler.headerComplete(HttpConnection.java:928)
	at org.mortbay.jetty.HttpParser.parseNext(HttpParser.java:549)
	at org.mortbay.jetty.HttpParser.parseAvailable(HttpParser.java:212)
	at org.mortbay.jetty.HttpConnection.handle(HttpConnection.java:404)
	at org.mortbay.io.nio.SelectChannelEndPoint.run(SelectChannelEndPoint.java:410)
	at org.mortbay.thread.QueuedThreadPool$PoolThread.run(QueuedThreadPool.java:582)
Caused by: java.sql.BatchUpdateException: ORA-01400: 无法将 NULL 插入 ("CCENSE"."TERM_INFO"."TERMNAME")

	at oracle.jdbc.driver.DatabaseError.throwBatchUpdateException(DatabaseError.java:343)
	at oracle.jdbc.driver.OraclePreparedStatement.executeBatch(OraclePreparedStatement.java:10720)
	at com.mchange.v2.c3p0.impl.NewProxyPreparedStatement.executeBatch(NewProxyPreparedStatement.java:1723)
	at org.hibernate.jdbc.BatchingBatcher.doExecuteBatch(BatchingBatcher.java:70)
	at org.hibernate.jdbc.AbstractBatcher.executeBatch(AbstractBatcher.java:268)
	... 86 more
[ERROR] [2014-03-14 13:21:58] callMethod (BaseResource.java:373) 
 java.lang.reflect.InvocationTargetException
	at sun.reflect.NativeMethodAccessorImpl.invoke0(Native Method)
	at sun.reflect.NativeMethodAccessorImpl.invoke(NativeMethodAccessorImpl.java:57)
	at sun.reflect.DelegatingMethodAccessorImpl.invoke(DelegatingMethodAccessorImpl.java:43)
	at java.lang.reflect.Method.invoke(Method.java:606)
	at cn.newcapec.framework.core.rest.BaseResource.callMethod(BaseResource.java:357)
	at cn.newcapec.framework.core.rest.BaseResource.handleGet(BaseResource.java:217)
	at org.restlet.Finder.handle(Finder.java:353)
	at org.restlet.Filter.doHandle(Filter.java:150)
	at org.restlet.Filter.handle(Filter.java:195)
	at org.restlet.Router.handle(Router.java:504)
	at org.restlet.Filter.doHandle(Filter.java:150)
	at org.restlet.Filter.handle(Filter.java:195)
	at org.restlet.Router.handle(Router.java:504)
	at org.restlet.Filter.doHandle(Filter.java:150)
	at org.restlet.Filter.handle(Filter.java:195)
	at org.restlet.Filter.doHandle(Filter.java:150)
	at org.restlet.Filter.handle(Filter.java:195)
	at org.restlet.Filter.doHandle(Filter.java:150)
	at com.noelios.restlet.StatusFilter.doHandle(StatusFilter.java:130)
	at org.restlet.Filter.handle(Filter.java:195)
	at org.restlet.Filter.doHandle(Filter.java:150)
	at org.restlet.Filter.handle(Filter.java:195)
	at com.noelios.restlet.ChainHelper.handle(ChainHelper.java:124)
	at com.noelios.restlet.application.ApplicationHelper.handle(ApplicationHelper.java:112)
	at org.restlet.Application.handle(Application.java:341)
	at org.restlet.Filter.doHandle(Filter.java:150)
	at org.restlet.Filter.handle(Filter.java:195)
	at org.restlet.Router.handle(Router.java:504)
	at org.restlet.Filter.doHandle(Filter.java:150)
	at org.restlet.Filter.handle(Filter.java:195)
	at org.restlet.Router.handle(Router.java:504)
	at org.restlet.Filter.doHandle(Filter.java:150)
	at com.noelios.restlet.StatusFilter.doHandle(StatusFilter.java:130)
	at org.restlet.Filter.handle(Filter.java:195)
	at org.restlet.Filter.doHandle(Filter.java:150)
	at org.restlet.Filter.handle(Filter.java:195)
	at com.noelios.restlet.ChainHelper.handle(ChainHelper.java:124)
	at org.restlet.Component.handle(Component.java:673)
	at org.restlet.Server.handle(Server.java:331)
	at com.noelios.restlet.ServerHelper.handle(ServerHelper.java:68)
	at com.noelios.restlet.http.HttpServerHelper.handle(HttpServerHelper.java:147)
	at com.noelios.restlet.ext.servlet.ServerServlet.service(ServerServlet.java:881)
	at javax.servlet.http.HttpServlet.service(HttpServlet.java:820)
	at org.mortbay.jetty.servlet.ServletHolder.handle(ServletHolder.java:511)
	at org.mortbay.jetty.servlet.ServletHandler$CachedChain.doFilter(ServletHandler.java:1221)
	at cn.newcapec.framework.core.filter.PagerFilter.doFilter(PagerFilter.java:37)
	at org.mortbay.jetty.servlet.ServletHandler$CachedChain.doFilter(ServletHandler.java:1212)
	at org.springframework.web.filter.CharacterEncodingFilter.doFilterInternal(CharacterEncodingFilter.java:88)
	at org.springframework.web.filter.OncePerRequestFilter.doFilter(OncePerRequestFilter.java:107)
	at org.mortbay.jetty.servlet.ServletHandler$CachedChain.doFilter(ServletHandler.java:1212)
	at cn.newcapec.framework.core.filter.RequestEncodeFilter.doFilter(RequestEncodeFilter.java:63)
	at org.mortbay.jetty.servlet.ServletHandler$CachedChain.doFilter(ServletHandler.java:1212)
	at org.springframework.orm.hibernate3.support.OpenSessionInViewFilter.doFilterInternal(OpenSessionInViewFilter.java:230)
	at org.springframework.web.filter.OncePerRequestFilter.doFilter(OncePerRequestFilter.java:107)
	at org.mortbay.jetty.servlet.ServletHandler$CachedChain.doFilter(ServletHandler.java:1212)
	at org.mortbay.jetty.servlet.ServletHandler.handle(ServletHandler.java:399)
	at org.mortbay.jetty.security.SecurityHandler.handle(SecurityHandler.java:216)
	at org.mortbay.jetty.servlet.SessionHandler.handle(SessionHandler.java:182)
	at org.mortbay.jetty.handler.ContextHandler.handle(ContextHandler.java:766)
	at org.mortbay.jetty.webapp.WebAppContext.handle(WebAppContext.java:450)
	at org.mortbay.jetty.handler.HandlerWrapper.handle(HandlerWrapper.java:152)
	at org.mortbay.jetty.Server.handle(Server.java:326)
	at org.mortbay.jetty.HttpConnection.handleRequest(HttpConnection.java:542)
	at org.mortbay.jetty.HttpConnection$RequestHandler.headerComplete(HttpConnection.java:928)
	at org.mortbay.jetty.HttpParser.parseNext(HttpParser.java:549)
	at org.mortbay.jetty.HttpParser.parseAvailable(HttpParser.java:212)
	at org.mortbay.jetty.HttpConnection.handle(HttpConnection.java:404)
	at org.mortbay.io.nio.SelectChannelEndPoint.run(SelectChannelEndPoint.java:410)
	at org.mortbay.thread.QueuedThreadPool$PoolThread.run(QueuedThreadPool.java:582)
Caused by: org.springframework.dao.DataIntegrityViolationException: Could not execute JDBC batch update; SQL [insert into TERM_INFO (create_by, create_date, update_by, update_date, version, appid, collectid, isauth, isdelete, isuse, kekcode, kekencryptkey, lastcollectdate, lastupdatedate, merchantcode, paramgroupid, poscode, psamcardno, siteid, status, termname, typeid, ver, workingkey, id) values (?, ?, ?, ?, ?, ?, ?, ?, ?, ?, ?, ?, ?, ?, ?, ?, ?, ?, ?, ?, ?, ?, ?, ?, ?)]; constraint [null]; nested exception is org.hibernate.exception.ConstraintViolationException: Could not execute JDBC batch update
	at org.springframework.orm.hibernate3.SessionFactoryUtils.convertHibernateAccessException(SessionFactoryUtils.java:643)
	at org.springframework.orm.hibernate3.HibernateTransactionManager.convertHibernateAccessException(HibernateTransactionManager.java:794)
	at org.springframework.orm.hibernate3.HibernateTransactionManager.doCommit(HibernateTransactionManager.java:665)
	at org.springframework.transaction.support.AbstractPlatformTransactionManager.processCommit(AbstractPlatformTransactionManager.java:755)
	at org.springframework.transaction.support.AbstractPlatformTransactionManager.commit(AbstractPlatformTransactionManager.java:724)
	at org.springframework.transaction.interceptor.TransactionAspectSupport.commitTransactionAfterReturning(TransactionAspectSupport.java:475)
	at org.springframework.transaction.interceptor.TransactionAspectSupport.invokeWithinTransaction(TransactionAspectSupport.java:270)
	at org.springframework.transaction.interceptor.TransactionInterceptor.invoke(TransactionInterceptor.java:94)
	at org.springframework.aop.framework.ReflectiveMethodInvocation.proceed(ReflectiveMethodInvocation.java:172)
	at org.springframework.aop.framework.CglibAopProxy$DynamicAdvisedInterceptor.intercept(CglibAopProxy.java:631)
	at cn.newcapec.function.ecardcity.om.biz.impl.TermInfoServiceImpl$$EnhancerByCGLIB$$e3eb6ec5.saveOrUpdate(<generated>)
	at cn.newcapec.function.ecardcity.om.rest.CollectResource.updateKET(CollectResource.java:48)
	... 69 more
Caused by: org.hibernate.exception.ConstraintViolationException: Could not execute JDBC batch update
	at org.hibernate.exception.SQLStateConverter.convert(SQLStateConverter.java:96)
	at org.hibernate.exception.JDBCExceptionHelper.convert(JDBCExceptionHelper.java:66)
	at org.hibernate.jdbc.AbstractBatcher.executeBatch(AbstractBatcher.java:275)
	at org.hibernate.engine.ActionQueue.executeActions(ActionQueue.java:268)
	at org.hibernate.engine.ActionQueue.executeActions(ActionQueue.java:184)
	at org.hibernate.event.def.AbstractFlushingEventListener.performExecutions(AbstractFlushingEventListener.java:321)
	at org.hibernate.event.def.DefaultFlushEventListener.onFlush(DefaultFlushEventListener.java:51)
	at org.hibernate.impl.SessionImpl.flush(SessionImpl.java:1216)
	at org.hibernate.impl.SessionImpl.managedFlush(SessionImpl.java:383)
	at org.hibernate.transaction.JDBCTransaction.commit(JDBCTransaction.java:133)
	at org.springframework.orm.hibernate3.HibernateTransactionManager.doCommit(HibernateTransactionManager.java:657)
	... 78 more
Caused by: java.sql.BatchUpdateException: ORA-01400: 无法将 NULL 插入 ("CCENSE"."TERM_INFO"."TERMNAME")

	at oracle.jdbc.driver.DatabaseError.throwBatchUpdateException(DatabaseError.java:343)
	at oracle.jdbc.driver.OraclePreparedStatement.executeBatch(OraclePreparedStatement.java:10720)
	at com.mchange.v2.c3p0.impl.NewProxyPreparedStatement.executeBatch(NewProxyPreparedStatement.java:1723)
	at org.hibernate.jdbc.BatchingBatcher.doExecuteBatch(BatchingBatcher.java:70)
	at org.hibernate.jdbc.AbstractBatcher.executeBatch(AbstractBatcher.java:268)
	... 86 more

[ERROR] [2014-03-14 13:21:58] callMethod (BaseResource.java:378) 
 java.lang.reflect.InvocationTargetException
	at sun.reflect.NativeMethodAccessorImpl.invoke0(Native Method)
	at sun.reflect.NativeMethodAccessorImpl.invoke(NativeMethodAccessorImpl.java:57)
	at sun.reflect.DelegatingMethodAccessorImpl.invoke(DelegatingMethodAccessorImpl.java:43)
	at java.lang.reflect.Method.invoke(Method.java:606)
	at cn.newcapec.framework.core.rest.BaseResource.callMethod(BaseResource.java:357)
	at cn.newcapec.framework.core.rest.BaseResource.handleGet(BaseResource.java:217)
	at org.restlet.Finder.handle(Finder.java:353)
	at org.restlet.Filter.doHandle(Filter.java:150)
	at org.restlet.Filter.handle(Filter.java:195)
	at org.restlet.Router.handle(Router.java:504)
	at org.restlet.Filter.doHandle(Filter.java:150)
	at org.restlet.Filter.handle(Filter.java:195)
	at org.restlet.Router.handle(Router.java:504)
	at org.restlet.Filter.doHandle(Filter.java:150)
	at org.restlet.Filter.handle(Filter.java:195)
	at org.restlet.Filter.doHandle(Filter.java:150)
	at org.restlet.Filter.handle(Filter.java:195)
	at org.restlet.Filter.doHandle(Filter.java:150)
	at com.noelios.restlet.StatusFilter.doHandle(StatusFilter.java:130)
	at org.restlet.Filter.handle(Filter.java:195)
	at org.restlet.Filter.doHandle(Filter.java:150)
	at org.restlet.Filter.handle(Filter.java:195)
	at com.noelios.restlet.ChainHelper.handle(ChainHelper.java:124)
	at com.noelios.restlet.application.ApplicationHelper.handle(ApplicationHelper.java:112)
	at org.restlet.Application.handle(Application.java:341)
	at org.restlet.Filter.doHandle(Filter.java:150)
	at org.restlet.Filter.handle(Filter.java:195)
	at org.restlet.Router.handle(Router.java:504)
	at org.restlet.Filter.doHandle(Filter.java:150)
	at org.restlet.Filter.handle(Filter.java:195)
	at org.restlet.Router.handle(Router.java:504)
	at org.restlet.Filter.doHandle(Filter.java:150)
	at com.noelios.restlet.StatusFilter.doHandle(StatusFilter.java:130)
	at org.restlet.Filter.handle(Filter.java:195)
	at org.restlet.Filter.doHandle(Filter.java:150)
	at org.restlet.Filter.handle(Filter.java:195)
	at com.noelios.restlet.ChainHelper.handle(ChainHelper.java:124)
	at org.restlet.Component.handle(Component.java:673)
	at org.restlet.Server.handle(Server.java:331)
	at com.noelios.restlet.ServerHelper.handle(ServerHelper.java:68)
	at com.noelios.restlet.http.HttpServerHelper.handle(HttpServerHelper.java:147)
	at com.noelios.restlet.ext.servlet.ServerServlet.service(ServerServlet.java:881)
	at javax.servlet.http.HttpServlet.service(HttpServlet.java:820)
	at org.mortbay.jetty.servlet.ServletHolder.handle(ServletHolder.java:511)
	at org.mortbay.jetty.servlet.ServletHandler$CachedChain.doFilter(ServletHandler.java:1221)
	at cn.newcapec.framework.core.filter.PagerFilter.doFilter(PagerFilter.java:37)
	at org.mortbay.jetty.servlet.ServletHandler$CachedChain.doFilter(ServletHandler.java:1212)
	at org.springframework.web.filter.CharacterEncodingFilter.doFilterInternal(CharacterEncodingFilter.java:88)
	at org.springframework.web.filter.OncePerRequestFilter.doFilter(OncePerRequestFilter.java:107)
	at org.mortbay.jetty.servlet.ServletHandler$CachedChain.doFilter(ServletHandler.java:1212)
	at cn.newcapec.framework.core.filter.RequestEncodeFilter.doFilter(RequestEncodeFilter.java:63)
	at org.mortbay.jetty.servlet.ServletHandler$CachedChain.doFilter(ServletHandler.java:1212)
	at org.springframework.orm.hibernate3.support.OpenSessionInViewFilter.doFilterInternal(OpenSessionInViewFilter.java:230)
	at org.springframework.web.filter.OncePerRequestFilter.doFilter(OncePerRequestFilter.java:107)
	at org.mortbay.jetty.servlet.ServletHandler$CachedChain.doFilter(ServletHandler.java:1212)
	at org.mortbay.jetty.servlet.ServletHandler.handle(ServletHandler.java:399)
	at org.mortbay.jetty.security.SecurityHandler.handle(SecurityHandler.java:216)
	at org.mortbay.jetty.servlet.SessionHandler.handle(SessionHandler.java:182)
	at org.mortbay.jetty.handler.ContextHandler.handle(ContextHandler.java:766)
	at org.mortbay.jetty.webapp.WebAppContext.handle(WebAppContext.java:450)
	at org.mortbay.jetty.handler.HandlerWrapper.handle(HandlerWrapper.java:152)
	at org.mortbay.jetty.Server.handle(Server.java:326)
	at org.mortbay.jetty.HttpConnection.handleRequest(HttpConnection.java:542)
	at org.mortbay.jetty.HttpConnection$RequestHandler.headerComplete(HttpConnection.java:928)
	at org.mortbay.jetty.HttpParser.parseNext(HttpParser.java:549)
	at org.mortbay.jetty.HttpParser.parseAvailable(HttpParser.java:212)
	at org.mortbay.jetty.HttpConnection.handle(HttpConnection.java:404)
	at org.mortbay.io.nio.SelectChannelEndPoint.run(SelectChannelEndPoint.java:410)
	at org.mortbay.thread.QueuedThreadPool$PoolThread.run(QueuedThreadPool.java:582)
Caused by: org.springframework.dao.DataIntegrityViolationException: Could not execute JDBC batch update; SQL [insert into TERM_INFO (create_by, create_date, update_by, update_date, version, appid, collectid, isauth, isdelete, isuse, kekcode, kekencryptkey, lastcollectdate, lastupdatedate, merchantcode, paramgroupid, poscode, psamcardno, siteid, status, termname, typeid, ver, workingkey, id) values (?, ?, ?, ?, ?, ?, ?, ?, ?, ?, ?, ?, ?, ?, ?, ?, ?, ?, ?, ?, ?, ?, ?, ?, ?)]; constraint [null]; nested exception is org.hibernate.exception.ConstraintViolationException: Could not execute JDBC batch update
	at org.springframework.orm.hibernate3.SessionFactoryUtils.convertHibernateAccessException(SessionFactoryUtils.java:643)
	at org.springframework.orm.hibernate3.HibernateTransactionManager.convertHibernateAccessException(HibernateTransactionManager.java:794)
	at org.springframework.orm.hibernate3.HibernateTransactionManager.doCommit(HibernateTransactionManager.java:665)
	at org.springframework.transaction.support.AbstractPlatformTransactionManager.processCommit(AbstractPlatformTransactionManager.java:755)
	at org.springframework.transaction.support.AbstractPlatformTransactionManager.commit(AbstractPlatformTransactionManager.java:724)
	at org.springframework.transaction.interceptor.TransactionAspectSupport.commitTransactionAfterReturning(TransactionAspectSupport.java:475)
	at org.springframework.transaction.interceptor.TransactionAspectSupport.invokeWithinTransaction(TransactionAspectSupport.java:270)
	at org.springframework.transaction.interceptor.TransactionInterceptor.invoke(TransactionInterceptor.java:94)
	at org.springframework.aop.framework.ReflectiveMethodInvocation.proceed(ReflectiveMethodInvocation.java:172)
	at org.springframework.aop.framework.CglibAopProxy$DynamicAdvisedInterceptor.intercept(CglibAopProxy.java:631)
	at cn.newcapec.function.ecardcity.om.biz.impl.TermInfoServiceImpl$$EnhancerByCGLIB$$e3eb6ec5.saveOrUpdate(<generated>)
	at cn.newcapec.function.ecardcity.om.rest.CollectResource.updateKET(CollectResource.java:48)
	... 69 more
Caused by: org.hibernate.exception.ConstraintViolationException: Could not execute JDBC batch update
	at org.hibernate.exception.SQLStateConverter.convert(SQLStateConverter.java:96)
	at org.hibernate.exception.JDBCExceptionHelper.convert(JDBCExceptionHelper.java:66)
	at org.hibernate.jdbc.AbstractBatcher.executeBatch(AbstractBatcher.java:275)
	at org.hibernate.engine.ActionQueue.executeActions(ActionQueue.java:268)
	at org.hibernate.engine.ActionQueue.executeActions(ActionQueue.java:184)
	at org.hibernate.event.def.AbstractFlushingEventListener.performExecutions(AbstractFlushingEventListener.java:321)
	at org.hibernate.event.def.DefaultFlushEventListener.onFlush(DefaultFlushEventListener.java:51)
	at org.hibernate.impl.SessionImpl.flush(SessionImpl.java:1216)
	at org.hibernate.impl.SessionImpl.managedFlush(SessionImpl.java:383)
	at org.hibernate.transaction.JDBCTransaction.commit(JDBCTransaction.java:133)
	at org.springframework.orm.hibernate3.HibernateTransactionManager.doCommit(HibernateTransactionManager.java:657)
	... 78 more
Caused by: java.sql.BatchUpdateException: ORA-01400: 无法将 NULL 插入 ("CCENSE"."TERM_INFO"."TERMNAME")

	at oracle.jdbc.driver.DatabaseError.throwBatchUpdateException(DatabaseError.java:343)
	at oracle.jdbc.driver.OraclePreparedStatement.executeBatch(OraclePreparedStatement.java:10720)
	at com.mchange.v2.c3p0.impl.NewProxyPreparedStatement.executeBatch(NewProxyPreparedStatement.java:1723)
	at org.hibernate.jdbc.BatchingBatcher.doExecuteBatch(BatchingBatcher.java:70)
	at org.hibernate.jdbc.AbstractBatcher.executeBatch(AbstractBatcher.java:268)
	... 86 more

[INFO ] [2014-03-14 13:23:12] initServletBean (FrameworkServlet.java:454) 
 FrameworkServlet 'multiViewController': initialization started
[INFO ] [2014-03-14 13:23:12] prepareRefresh (AbstractApplicationContext.java:510) 
 Refreshing WebApplicationContext for namespace 'multiViewController-servlet': startup date [Fri Mar 14 13:23:12 CST 2014]; parent: Root WebApplicationContext
[INFO ] [2014-03-14 13:23:12] loadBeanDefinitions (XmlBeanDefinitionReader.java:315) 
 Loading XML bean definitions from class path resource [config/spring-conf/application-ecardcity-om.xml]
[INFO ] [2014-03-14 13:23:12] preInstantiateSingletons (DefaultListableBeanFactory.java:598) 
 Pre-instantiating singletons in org.springframework.beans.factory.support.DefaultListableBeanFactory@1e52930: defining beans [org.springframework.context.annotation.internalConfigurationAnnotationProcessor,org.springframework.context.annotation.internalAutowiredAnnotationProcessor,org.springframework.context.annotation.internalRequiredAnnotationProcessor,org.springframework.context.annotation.internalCommonAnnotationProcessor,org.springframework.context.annotation.internalPersistenceAnnotationProcessor,termInfoService,collectController,termInfoDAO,collectResource,termInfoResource,org.springframework.web.servlet.mvc.method.annotation.RequestMappingHandlerMapping#0,org.springframework.web.servlet.mvc.method.annotation.RequestMappingHandlerAdapter#0,org.springframework.context.annotation.ConfigurationClassPostProcessor.importAwareProcessor]; parent: org.springframework.beans.factory.support.DefaultListableBeanFactory@1eeaa9e
[INFO ] [2014-03-14 13:23:12] registerHandlerMethod (AbstractHandlerMethodMapping.java:179) 
 Mapped "{[/collectService/collect/addIndustryUI],methods=[POST || GET],params=[],headers=[],consumes=[],produces=[],custom=[]}" onto public cn.newcapec.framework.core.rest.Msg cn.newcapec.function.ecardcity.om.controller.CollectController.getIndustryList()
[INFO ] [2014-03-14 13:23:12] initServletBean (FrameworkServlet.java:473) 
 FrameworkServlet 'multiViewController': initialization completed in 110 ms
[INFO ] [2014-03-14 13:23:18] init (BaseResource.java:130) 
 method[GET] call!
[WARN ] [2014-03-14 13:23:19] logExceptions (JDBCExceptionReporter.java:233) 
 SQL Error: 1400, SQLState: 23000
[ERROR] [2014-03-14 13:23:19] logExceptions (JDBCExceptionReporter.java:234) 
 ORA-01400: 无法将 NULL 插入 ("CCENSE"."TERM_INFO"."TERMNAME")

[WARN ] [2014-03-14 13:23:19] logExceptions (JDBCExceptionReporter.java:233) 
 SQL Error: 1400, SQLState: 23000
[ERROR] [2014-03-14 13:23:19] logExceptions (JDBCExceptionReporter.java:234) 
 ORA-01400: 无法将 NULL 插入 ("CCENSE"."TERM_INFO"."TERMNAME")

[ERROR] [2014-03-14 13:23:19] performExecutions (AbstractFlushingEventListener.java:324) 
 Could not synchronize database state with session
org.hibernate.exception.ConstraintViolationException: Could not execute JDBC batch update
	at org.hibernate.exception.SQLStateConverter.convert(SQLStateConverter.java:96)
	at org.hibernate.exception.JDBCExceptionHelper.convert(JDBCExceptionHelper.java:66)
	at org.hibernate.jdbc.AbstractBatcher.executeBatch(AbstractBatcher.java:275)
	at org.hibernate.engine.ActionQueue.executeActions(ActionQueue.java:268)
	at org.hibernate.engine.ActionQueue.executeActions(ActionQueue.java:184)
	at org.hibernate.event.def.AbstractFlushingEventListener.performExecutions(AbstractFlushingEventListener.java:321)
	at org.hibernate.event.def.DefaultFlushEventListener.onFlush(DefaultFlushEventListener.java:51)
	at org.hibernate.impl.SessionImpl.flush(SessionImpl.java:1216)
	at org.hibernate.impl.SessionImpl.managedFlush(SessionImpl.java:383)
	at org.hibernate.transaction.JDBCTransaction.commit(JDBCTransaction.java:133)
	at org.springframework.orm.hibernate3.HibernateTransactionManager.doCommit(HibernateTransactionManager.java:657)
	at org.springframework.transaction.support.AbstractPlatformTransactionManager.processCommit(AbstractPlatformTransactionManager.java:755)
	at org.springframework.transaction.support.AbstractPlatformTransactionManager.commit(AbstractPlatformTransactionManager.java:724)
	at org.springframework.transaction.interceptor.TransactionAspectSupport.commitTransactionAfterReturning(TransactionAspectSupport.java:475)
	at org.springframework.transaction.interceptor.TransactionAspectSupport.invokeWithinTransaction(TransactionAspectSupport.java:270)
	at org.springframework.transaction.interceptor.TransactionInterceptor.invoke(TransactionInterceptor.java:94)
	at org.springframework.aop.framework.ReflectiveMethodInvocation.proceed(ReflectiveMethodInvocation.java:172)
	at org.springframework.aop.framework.CglibAopProxy$DynamicAdvisedInterceptor.intercept(CglibAopProxy.java:631)
	at cn.newcapec.function.ecardcity.om.biz.impl.TermInfoServiceImpl$$EnhancerByCGLIB$$ea275bc2.saveOrUpdate(<generated>)
	at cn.newcapec.function.ecardcity.om.rest.CollectResource.updateKET(CollectResource.java:48)
	at sun.reflect.NativeMethodAccessorImpl.invoke0(Native Method)
	at sun.reflect.NativeMethodAccessorImpl.invoke(NativeMethodAccessorImpl.java:57)
	at sun.reflect.DelegatingMethodAccessorImpl.invoke(DelegatingMethodAccessorImpl.java:43)
	at java.lang.reflect.Method.invoke(Method.java:606)
	at cn.newcapec.framework.core.rest.BaseResource.callMethod(BaseResource.java:357)
	at cn.newcapec.framework.core.rest.BaseResource.handleGet(BaseResource.java:217)
	at org.restlet.Finder.handle(Finder.java:353)
	at org.restlet.Filter.doHandle(Filter.java:150)
	at org.restlet.Filter.handle(Filter.java:195)
	at org.restlet.Router.handle(Router.java:504)
	at org.restlet.Filter.doHandle(Filter.java:150)
	at org.restlet.Filter.handle(Filter.java:195)
	at org.restlet.Router.handle(Router.java:504)
	at org.restlet.Filter.doHandle(Filter.java:150)
	at org.restlet.Filter.handle(Filter.java:195)
	at org.restlet.Filter.doHandle(Filter.java:150)
	at org.restlet.Filter.handle(Filter.java:195)
	at org.restlet.Filter.doHandle(Filter.java:150)
	at com.noelios.restlet.StatusFilter.doHandle(StatusFilter.java:130)
	at org.restlet.Filter.handle(Filter.java:195)
	at org.restlet.Filter.doHandle(Filter.java:150)
	at org.restlet.Filter.handle(Filter.java:195)
	at com.noelios.restlet.ChainHelper.handle(ChainHelper.java:124)
	at com.noelios.restlet.application.ApplicationHelper.handle(ApplicationHelper.java:112)
	at org.restlet.Application.handle(Application.java:341)
	at org.restlet.Filter.doHandle(Filter.java:150)
	at org.restlet.Filter.handle(Filter.java:195)
	at org.restlet.Router.handle(Router.java:504)
	at org.restlet.Filter.doHandle(Filter.java:150)
	at org.restlet.Filter.handle(Filter.java:195)
	at org.restlet.Router.handle(Router.java:504)
	at org.restlet.Filter.doHandle(Filter.java:150)
	at com.noelios.restlet.StatusFilter.doHandle(StatusFilter.java:130)
	at org.restlet.Filter.handle(Filter.java:195)
	at org.restlet.Filter.doHandle(Filter.java:150)
	at org.restlet.Filter.handle(Filter.java:195)
	at com.noelios.restlet.ChainHelper.handle(ChainHelper.java:124)
	at org.restlet.Component.handle(Component.java:673)
	at org.restlet.Server.handle(Server.java:331)
	at com.noelios.restlet.ServerHelper.handle(ServerHelper.java:68)
	at com.noelios.restlet.http.HttpServerHelper.handle(HttpServerHelper.java:147)
	at com.noelios.restlet.ext.servlet.ServerServlet.service(ServerServlet.java:881)
	at javax.servlet.http.HttpServlet.service(HttpServlet.java:820)
	at org.mortbay.jetty.servlet.ServletHolder.handle(ServletHolder.java:511)
	at org.mortbay.jetty.servlet.ServletHandler$CachedChain.doFilter(ServletHandler.java:1221)
	at cn.newcapec.framework.core.filter.PagerFilter.doFilter(PagerFilter.java:37)
	at org.mortbay.jetty.servlet.ServletHandler$CachedChain.doFilter(ServletHandler.java:1212)
	at org.springframework.web.filter.CharacterEncodingFilter.doFilterInternal(CharacterEncodingFilter.java:88)
	at org.springframework.web.filter.OncePerRequestFilter.doFilter(OncePerRequestFilter.java:107)
	at org.mortbay.jetty.servlet.ServletHandler$CachedChain.doFilter(ServletHandler.java:1212)
	at cn.newcapec.framework.core.filter.RequestEncodeFilter.doFilter(RequestEncodeFilter.java:63)
	at org.mortbay.jetty.servlet.ServletHandler$CachedChain.doFilter(ServletHandler.java:1212)
	at org.springframework.orm.hibernate3.support.OpenSessionInViewFilter.doFilterInternal(OpenSessionInViewFilter.java:230)
	at org.springframework.web.filter.OncePerRequestFilter.doFilter(OncePerRequestFilter.java:107)
	at org.mortbay.jetty.servlet.ServletHandler$CachedChain.doFilter(ServletHandler.java:1212)
	at org.mortbay.jetty.servlet.ServletHandler.handle(ServletHandler.java:399)
	at org.mortbay.jetty.security.SecurityHandler.handle(SecurityHandler.java:216)
	at org.mortbay.jetty.servlet.SessionHandler.handle(SessionHandler.java:182)
	at org.mortbay.jetty.handler.ContextHandler.handle(ContextHandler.java:766)
	at org.mortbay.jetty.webapp.WebAppContext.handle(WebAppContext.java:450)
	at org.mortbay.jetty.handler.HandlerWrapper.handle(HandlerWrapper.java:152)
	at org.mortbay.jetty.Server.handle(Server.java:326)
	at org.mortbay.jetty.HttpConnection.handleRequest(HttpConnection.java:542)
	at org.mortbay.jetty.HttpConnection$RequestHandler.headerComplete(HttpConnection.java:928)
	at org.mortbay.jetty.HttpParser.parseNext(HttpParser.java:549)
	at org.mortbay.jetty.HttpParser.parseAvailable(HttpParser.java:212)
	at org.mortbay.jetty.HttpConnection.handle(HttpConnection.java:404)
	at org.mortbay.io.nio.SelectChannelEndPoint.run(SelectChannelEndPoint.java:410)
	at org.mortbay.thread.QueuedThreadPool$PoolThread.run(QueuedThreadPool.java:582)
Caused by: java.sql.BatchUpdateException: ORA-01400: 无法将 NULL 插入 ("CCENSE"."TERM_INFO"."TERMNAME")

	at oracle.jdbc.driver.DatabaseError.throwBatchUpdateException(DatabaseError.java:343)
	at oracle.jdbc.driver.OraclePreparedStatement.executeBatch(OraclePreparedStatement.java:10720)
	at com.mchange.v2.c3p0.impl.NewProxyPreparedStatement.executeBatch(NewProxyPreparedStatement.java:1723)
	at org.hibernate.jdbc.BatchingBatcher.doExecuteBatch(BatchingBatcher.java:70)
	at org.hibernate.jdbc.AbstractBatcher.executeBatch(AbstractBatcher.java:268)
	... 86 more
[ERROR] [2014-03-14 13:23:19] callMethod (BaseResource.java:373) 
 java.lang.reflect.InvocationTargetException
	at sun.reflect.NativeMethodAccessorImpl.invoke0(Native Method)
	at sun.reflect.NativeMethodAccessorImpl.invoke(NativeMethodAccessorImpl.java:57)
	at sun.reflect.DelegatingMethodAccessorImpl.invoke(DelegatingMethodAccessorImpl.java:43)
	at java.lang.reflect.Method.invoke(Method.java:606)
	at cn.newcapec.framework.core.rest.BaseResource.callMethod(BaseResource.java:357)
	at cn.newcapec.framework.core.rest.BaseResource.handleGet(BaseResource.java:217)
	at org.restlet.Finder.handle(Finder.java:353)
	at org.restlet.Filter.doHandle(Filter.java:150)
	at org.restlet.Filter.handle(Filter.java:195)
	at org.restlet.Router.handle(Router.java:504)
	at org.restlet.Filter.doHandle(Filter.java:150)
	at org.restlet.Filter.handle(Filter.java:195)
	at org.restlet.Router.handle(Router.java:504)
	at org.restlet.Filter.doHandle(Filter.java:150)
	at org.restlet.Filter.handle(Filter.java:195)
	at org.restlet.Filter.doHandle(Filter.java:150)
	at org.restlet.Filter.handle(Filter.java:195)
	at org.restlet.Filter.doHandle(Filter.java:150)
	at com.noelios.restlet.StatusFilter.doHandle(StatusFilter.java:130)
	at org.restlet.Filter.handle(Filter.java:195)
	at org.restlet.Filter.doHandle(Filter.java:150)
	at org.restlet.Filter.handle(Filter.java:195)
	at com.noelios.restlet.ChainHelper.handle(ChainHelper.java:124)
	at com.noelios.restlet.application.ApplicationHelper.handle(ApplicationHelper.java:112)
	at org.restlet.Application.handle(Application.java:341)
	at org.restlet.Filter.doHandle(Filter.java:150)
	at org.restlet.Filter.handle(Filter.java:195)
	at org.restlet.Router.handle(Router.java:504)
	at org.restlet.Filter.doHandle(Filter.java:150)
	at org.restlet.Filter.handle(Filter.java:195)
	at org.restlet.Router.handle(Router.java:504)
	at org.restlet.Filter.doHandle(Filter.java:150)
	at com.noelios.restlet.StatusFilter.doHandle(StatusFilter.java:130)
	at org.restlet.Filter.handle(Filter.java:195)
	at org.restlet.Filter.doHandle(Filter.java:150)
	at org.restlet.Filter.handle(Filter.java:195)
	at com.noelios.restlet.ChainHelper.handle(ChainHelper.java:124)
	at org.restlet.Component.handle(Component.java:673)
	at org.restlet.Server.handle(Server.java:331)
	at com.noelios.restlet.ServerHelper.handle(ServerHelper.java:68)
	at com.noelios.restlet.http.HttpServerHelper.handle(HttpServerHelper.java:147)
	at com.noelios.restlet.ext.servlet.ServerServlet.service(ServerServlet.java:881)
	at javax.servlet.http.HttpServlet.service(HttpServlet.java:820)
	at org.mortbay.jetty.servlet.ServletHolder.handle(ServletHolder.java:511)
	at org.mortbay.jetty.servlet.ServletHandler$CachedChain.doFilter(ServletHandler.java:1221)
	at cn.newcapec.framework.core.filter.PagerFilter.doFilter(PagerFilter.java:37)
	at org.mortbay.jetty.servlet.ServletHandler$CachedChain.doFilter(ServletHandler.java:1212)
	at org.springframework.web.filter.CharacterEncodingFilter.doFilterInternal(CharacterEncodingFilter.java:88)
	at org.springframework.web.filter.OncePerRequestFilter.doFilter(OncePerRequestFilter.java:107)
	at org.mortbay.jetty.servlet.ServletHandler$CachedChain.doFilter(ServletHandler.java:1212)
	at cn.newcapec.framework.core.filter.RequestEncodeFilter.doFilter(RequestEncodeFilter.java:63)
	at org.mortbay.jetty.servlet.ServletHandler$CachedChain.doFilter(ServletHandler.java:1212)
	at org.springframework.orm.hibernate3.support.OpenSessionInViewFilter.doFilterInternal(OpenSessionInViewFilter.java:230)
	at org.springframework.web.filter.OncePerRequestFilter.doFilter(OncePerRequestFilter.java:107)
	at org.mortbay.jetty.servlet.ServletHandler$CachedChain.doFilter(ServletHandler.java:1212)
	at org.mortbay.jetty.servlet.ServletHandler.handle(ServletHandler.java:399)
	at org.mortbay.jetty.security.SecurityHandler.handle(SecurityHandler.java:216)
	at org.mortbay.jetty.servlet.SessionHandler.handle(SessionHandler.java:182)
	at org.mortbay.jetty.handler.ContextHandler.handle(ContextHandler.java:766)
	at org.mortbay.jetty.webapp.WebAppContext.handle(WebAppContext.java:450)
	at org.mortbay.jetty.handler.HandlerWrapper.handle(HandlerWrapper.java:152)
	at org.mortbay.jetty.Server.handle(Server.java:326)
	at org.mortbay.jetty.HttpConnection.handleRequest(HttpConnection.java:542)
	at org.mortbay.jetty.HttpConnection$RequestHandler.headerComplete(HttpConnection.java:928)
	at org.mortbay.jetty.HttpParser.parseNext(HttpParser.java:549)
	at org.mortbay.jetty.HttpParser.parseAvailable(HttpParser.java:212)
	at org.mortbay.jetty.HttpConnection.handle(HttpConnection.java:404)
	at org.mortbay.io.nio.SelectChannelEndPoint.run(SelectChannelEndPoint.java:410)
	at org.mortbay.thread.QueuedThreadPool$PoolThread.run(QueuedThreadPool.java:582)
Caused by: org.springframework.dao.DataIntegrityViolationException: Could not execute JDBC batch update; SQL [insert into TERM_INFO (create_by, create_date, update_by, update_date, version, appid, collectid, isauth, isdelete, isuse, kekcode, kekencryptkey, lastcollectdate, lastupdatedate, merchantcode, paramgroupid, poscode, psamcardno, siteid, status, termname, typeid, ver, workingkey, id) values (?, ?, ?, ?, ?, ?, ?, ?, ?, ?, ?, ?, ?, ?, ?, ?, ?, ?, ?, ?, ?, ?, ?, ?, ?)]; constraint [null]; nested exception is org.hibernate.exception.ConstraintViolationException: Could not execute JDBC batch update
	at org.springframework.orm.hibernate3.SessionFactoryUtils.convertHibernateAccessException(SessionFactoryUtils.java:643)
	at org.springframework.orm.hibernate3.HibernateTransactionManager.convertHibernateAccessException(HibernateTransactionManager.java:794)
	at org.springframework.orm.hibernate3.HibernateTransactionManager.doCommit(HibernateTransactionManager.java:665)
	at org.springframework.transaction.support.AbstractPlatformTransactionManager.processCommit(AbstractPlatformTransactionManager.java:755)
	at org.springframework.transaction.support.AbstractPlatformTransactionManager.commit(AbstractPlatformTransactionManager.java:724)
	at org.springframework.transaction.interceptor.TransactionAspectSupport.commitTransactionAfterReturning(TransactionAspectSupport.java:475)
	at org.springframework.transaction.interceptor.TransactionAspectSupport.invokeWithinTransaction(TransactionAspectSupport.java:270)
	at org.springframework.transaction.interceptor.TransactionInterceptor.invoke(TransactionInterceptor.java:94)
	at org.springframework.aop.framework.ReflectiveMethodInvocation.proceed(ReflectiveMethodInvocation.java:172)
	at org.springframework.aop.framework.CglibAopProxy$DynamicAdvisedInterceptor.intercept(CglibAopProxy.java:631)
	at cn.newcapec.function.ecardcity.om.biz.impl.TermInfoServiceImpl$$EnhancerByCGLIB$$ea275bc2.saveOrUpdate(<generated>)
	at cn.newcapec.function.ecardcity.om.rest.CollectResource.updateKET(CollectResource.java:48)
	... 69 more
Caused by: org.hibernate.exception.ConstraintViolationException: Could not execute JDBC batch update
	at org.hibernate.exception.SQLStateConverter.convert(SQLStateConverter.java:96)
	at org.hibernate.exception.JDBCExceptionHelper.convert(JDBCExceptionHelper.java:66)
	at org.hibernate.jdbc.AbstractBatcher.executeBatch(AbstractBatcher.java:275)
	at org.hibernate.engine.ActionQueue.executeActions(ActionQueue.java:268)
	at org.hibernate.engine.ActionQueue.executeActions(ActionQueue.java:184)
	at org.hibernate.event.def.AbstractFlushingEventListener.performExecutions(AbstractFlushingEventListener.java:321)
	at org.hibernate.event.def.DefaultFlushEventListener.onFlush(DefaultFlushEventListener.java:51)
	at org.hibernate.impl.SessionImpl.flush(SessionImpl.java:1216)
	at org.hibernate.impl.SessionImpl.managedFlush(SessionImpl.java:383)
	at org.hibernate.transaction.JDBCTransaction.commit(JDBCTransaction.java:133)
	at org.springframework.orm.hibernate3.HibernateTransactionManager.doCommit(HibernateTransactionManager.java:657)
	... 78 more
Caused by: java.sql.BatchUpdateException: ORA-01400: 无法将 NULL 插入 ("CCENSE"."TERM_INFO"."TERMNAME")

	at oracle.jdbc.driver.DatabaseError.throwBatchUpdateException(DatabaseError.java:343)
	at oracle.jdbc.driver.OraclePreparedStatement.executeBatch(OraclePreparedStatement.java:10720)
	at com.mchange.v2.c3p0.impl.NewProxyPreparedStatement.executeBatch(NewProxyPreparedStatement.java:1723)
	at org.hibernate.jdbc.BatchingBatcher.doExecuteBatch(BatchingBatcher.java:70)
	at org.hibernate.jdbc.AbstractBatcher.executeBatch(AbstractBatcher.java:268)
	... 86 more

[ERROR] [2014-03-14 13:23:19] callMethod (BaseResource.java:378) 
 java.lang.reflect.InvocationTargetException
	at sun.reflect.NativeMethodAccessorImpl.invoke0(Native Method)
	at sun.reflect.NativeMethodAccessorImpl.invoke(NativeMethodAccessorImpl.java:57)
	at sun.reflect.DelegatingMethodAccessorImpl.invoke(DelegatingMethodAccessorImpl.java:43)
	at java.lang.reflect.Method.invoke(Method.java:606)
	at cn.newcapec.framework.core.rest.BaseResource.callMethod(BaseResource.java:357)
	at cn.newcapec.framework.core.rest.BaseResource.handleGet(BaseResource.java:217)
	at org.restlet.Finder.handle(Finder.java:353)
	at org.restlet.Filter.doHandle(Filter.java:150)
	at org.restlet.Filter.handle(Filter.java:195)
	at org.restlet.Router.handle(Router.java:504)
	at org.restlet.Filter.doHandle(Filter.java:150)
	at org.restlet.Filter.handle(Filter.java:195)
	at org.restlet.Router.handle(Router.java:504)
	at org.restlet.Filter.doHandle(Filter.java:150)
	at org.restlet.Filter.handle(Filter.java:195)
	at org.restlet.Filter.doHandle(Filter.java:150)
	at org.restlet.Filter.handle(Filter.java:195)
	at org.restlet.Filter.doHandle(Filter.java:150)
	at com.noelios.restlet.StatusFilter.doHandle(StatusFilter.java:130)
	at org.restlet.Filter.handle(Filter.java:195)
	at org.restlet.Filter.doHandle(Filter.java:150)
	at org.restlet.Filter.handle(Filter.java:195)
	at com.noelios.restlet.ChainHelper.handle(ChainHelper.java:124)
	at com.noelios.restlet.application.ApplicationHelper.handle(ApplicationHelper.java:112)
	at org.restlet.Application.handle(Application.java:341)
	at org.restlet.Filter.doHandle(Filter.java:150)
	at org.restlet.Filter.handle(Filter.java:195)
	at org.restlet.Router.handle(Router.java:504)
	at org.restlet.Filter.doHandle(Filter.java:150)
	at org.restlet.Filter.handle(Filter.java:195)
	at org.restlet.Router.handle(Router.java:504)
	at org.restlet.Filter.doHandle(Filter.java:150)
	at com.noelios.restlet.StatusFilter.doHandle(StatusFilter.java:130)
	at org.restlet.Filter.handle(Filter.java:195)
	at org.restlet.Filter.doHandle(Filter.java:150)
	at org.restlet.Filter.handle(Filter.java:195)
	at com.noelios.restlet.ChainHelper.handle(ChainHelper.java:124)
	at org.restlet.Component.handle(Component.java:673)
	at org.restlet.Server.handle(Server.java:331)
	at com.noelios.restlet.ServerHelper.handle(ServerHelper.java:68)
	at com.noelios.restlet.http.HttpServerHelper.handle(HttpServerHelper.java:147)
	at com.noelios.restlet.ext.servlet.ServerServlet.service(ServerServlet.java:881)
	at javax.servlet.http.HttpServlet.service(HttpServlet.java:820)
	at org.mortbay.jetty.servlet.ServletHolder.handle(ServletHolder.java:511)
	at org.mortbay.jetty.servlet.ServletHandler$CachedChain.doFilter(ServletHandler.java:1221)
	at cn.newcapec.framework.core.filter.PagerFilter.doFilter(PagerFilter.java:37)
	at org.mortbay.jetty.servlet.ServletHandler$CachedChain.doFilter(ServletHandler.java:1212)
	at org.springframework.web.filter.CharacterEncodingFilter.doFilterInternal(CharacterEncodingFilter.java:88)
	at org.springframework.web.filter.OncePerRequestFilter.doFilter(OncePerRequestFilter.java:107)
	at org.mortbay.jetty.servlet.ServletHandler$CachedChain.doFilter(ServletHandler.java:1212)
	at cn.newcapec.framework.core.filter.RequestEncodeFilter.doFilter(RequestEncodeFilter.java:63)
	at org.mortbay.jetty.servlet.ServletHandler$CachedChain.doFilter(ServletHandler.java:1212)
	at org.springframework.orm.hibernate3.support.OpenSessionInViewFilter.doFilterInternal(OpenSessionInViewFilter.java:230)
	at org.springframework.web.filter.OncePerRequestFilter.doFilter(OncePerRequestFilter.java:107)
	at org.mortbay.jetty.servlet.ServletHandler$CachedChain.doFilter(ServletHandler.java:1212)
	at org.mortbay.jetty.servlet.ServletHandler.handle(ServletHandler.java:399)
	at org.mortbay.jetty.security.SecurityHandler.handle(SecurityHandler.java:216)
	at org.mortbay.jetty.servlet.SessionHandler.handle(SessionHandler.java:182)
	at org.mortbay.jetty.handler.ContextHandler.handle(ContextHandler.java:766)
	at org.mortbay.jetty.webapp.WebAppContext.handle(WebAppContext.java:450)
	at org.mortbay.jetty.handler.HandlerWrapper.handle(HandlerWrapper.java:152)
	at org.mortbay.jetty.Server.handle(Server.java:326)
	at org.mortbay.jetty.HttpConnection.handleRequest(HttpConnection.java:542)
	at org.mortbay.jetty.HttpConnection$RequestHandler.headerComplete(HttpConnection.java:928)
	at org.mortbay.jetty.HttpParser.parseNext(HttpParser.java:549)
	at org.mortbay.jetty.HttpParser.parseAvailable(HttpParser.java:212)
	at org.mortbay.jetty.HttpConnection.handle(HttpConnection.java:404)
	at org.mortbay.io.nio.SelectChannelEndPoint.run(SelectChannelEndPoint.java:410)
	at org.mortbay.thread.QueuedThreadPool$PoolThread.run(QueuedThreadPool.java:582)
Caused by: org.springframework.dao.DataIntegrityViolationException: Could not execute JDBC batch update; SQL [insert into TERM_INFO (create_by, create_date, update_by, update_date, version, appid, collectid, isauth, isdelete, isuse, kekcode, kekencryptkey, lastcollectdate, lastupdatedate, merchantcode, paramgroupid, poscode, psamcardno, siteid, status, termname, typeid, ver, workingkey, id) values (?, ?, ?, ?, ?, ?, ?, ?, ?, ?, ?, ?, ?, ?, ?, ?, ?, ?, ?, ?, ?, ?, ?, ?, ?)]; constraint [null]; nested exception is org.hibernate.exception.ConstraintViolationException: Could not execute JDBC batch update
	at org.springframework.orm.hibernate3.SessionFactoryUtils.convertHibernateAccessException(SessionFactoryUtils.java:643)
	at org.springframework.orm.hibernate3.HibernateTransactionManager.convertHibernateAccessException(HibernateTransactionManager.java:794)
	at org.springframework.orm.hibernate3.HibernateTransactionManager.doCommit(HibernateTransactionManager.java:665)
	at org.springframework.transaction.support.AbstractPlatformTransactionManager.processCommit(AbstractPlatformTransactionManager.java:755)
	at org.springframework.transaction.support.AbstractPlatformTransactionManager.commit(AbstractPlatformTransactionManager.java:724)
	at org.springframework.transaction.interceptor.TransactionAspectSupport.commitTransactionAfterReturning(TransactionAspectSupport.java:475)
	at org.springframework.transaction.interceptor.TransactionAspectSupport.invokeWithinTransaction(TransactionAspectSupport.java:270)
	at org.springframework.transaction.interceptor.TransactionInterceptor.invoke(TransactionInterceptor.java:94)
	at org.springframework.aop.framework.ReflectiveMethodInvocation.proceed(ReflectiveMethodInvocation.java:172)
	at org.springframework.aop.framework.CglibAopProxy$DynamicAdvisedInterceptor.intercept(CglibAopProxy.java:631)
	at cn.newcapec.function.ecardcity.om.biz.impl.TermInfoServiceImpl$$EnhancerByCGLIB$$ea275bc2.saveOrUpdate(<generated>)
	at cn.newcapec.function.ecardcity.om.rest.CollectResource.updateKET(CollectResource.java:48)
	... 69 more
Caused by: org.hibernate.exception.ConstraintViolationException: Could not execute JDBC batch update
	at org.hibernate.exception.SQLStateConverter.convert(SQLStateConverter.java:96)
	at org.hibernate.exception.JDBCExceptionHelper.convert(JDBCExceptionHelper.java:66)
	at org.hibernate.jdbc.AbstractBatcher.executeBatch(AbstractBatcher.java:275)
	at org.hibernate.engine.ActionQueue.executeActions(ActionQueue.java:268)
	at org.hibernate.engine.ActionQueue.executeActions(ActionQueue.java:184)
	at org.hibernate.event.def.AbstractFlushingEventListener.performExecutions(AbstractFlushingEventListener.java:321)
	at org.hibernate.event.def.DefaultFlushEventListener.onFlush(DefaultFlushEventListener.java:51)
	at org.hibernate.impl.SessionImpl.flush(SessionImpl.java:1216)
	at org.hibernate.impl.SessionImpl.managedFlush(SessionImpl.java:383)
	at org.hibernate.transaction.JDBCTransaction.commit(JDBCTransaction.java:133)
	at org.springframework.orm.hibernate3.HibernateTransactionManager.doCommit(HibernateTransactionManager.java:657)
	... 78 more
Caused by: java.sql.BatchUpdateException: ORA-01400: 无法将 NULL 插入 ("CCENSE"."TERM_INFO"."TERMNAME")

	at oracle.jdbc.driver.DatabaseError.throwBatchUpdateException(DatabaseError.java:343)
	at oracle.jdbc.driver.OraclePreparedStatement.executeBatch(OraclePreparedStatement.java:10720)
	at com.mchange.v2.c3p0.impl.NewProxyPreparedStatement.executeBatch(NewProxyPreparedStatement.java:1723)
	at org.hibernate.jdbc.BatchingBatcher.doExecuteBatch(BatchingBatcher.java:70)
	at org.hibernate.jdbc.AbstractBatcher.executeBatch(AbstractBatcher.java:268)
	... 86 more

[INFO ] [2014-03-14 13:28:25] initServletBean (FrameworkServlet.java:454) 
 FrameworkServlet 'multiViewController': initialization started
[INFO ] [2014-03-14 13:28:25] prepareRefresh (AbstractApplicationContext.java:510) 
 Refreshing WebApplicationContext for namespace 'multiViewController-servlet': startup date [Fri Mar 14 13:28:25 CST 2014]; parent: Root WebApplicationContext
[INFO ] [2014-03-14 13:28:25] loadBeanDefinitions (XmlBeanDefinitionReader.java:315) 
 Loading XML bean definitions from class path resource [config/spring-conf/application-ecardcity-om.xml]
[INFO ] [2014-03-14 13:28:25] preInstantiateSingletons (DefaultListableBeanFactory.java:598) 
 Pre-instantiating singletons in org.springframework.beans.factory.support.DefaultListableBeanFactory@18c8b9b: defining beans [org.springframework.context.annotation.internalConfigurationAnnotationProcessor,org.springframework.context.annotation.internalAutowiredAnnotationProcessor,org.springframework.context.annotation.internalRequiredAnnotationProcessor,org.springframework.context.annotation.internalCommonAnnotationProcessor,org.springframework.context.annotation.internalPersistenceAnnotationProcessor,termInfoService,collectController,termInfoDAO,collectResource,termInfoResource,org.springframework.web.servlet.mvc.method.annotation.RequestMappingHandlerMapping#0,org.springframework.web.servlet.mvc.method.annotation.RequestMappingHandlerAdapter#0,org.springframework.context.annotation.ConfigurationClassPostProcessor.importAwareProcessor]; parent: org.springframework.beans.factory.support.DefaultListableBeanFactory@1eeaa9e
[INFO ] [2014-03-14 13:28:25] registerHandlerMethod (AbstractHandlerMethodMapping.java:179) 
 Mapped "{[/collectService/collect/addIndustryUI],methods=[POST || GET],params=[],headers=[],consumes=[],produces=[],custom=[]}" onto public cn.newcapec.framework.core.rest.Msg cn.newcapec.function.ecardcity.om.controller.CollectController.getIndustryList()
[INFO ] [2014-03-14 13:28:25] initServletBean (FrameworkServlet.java:473) 
 FrameworkServlet 'multiViewController': initialization completed in 94 ms
[INFO ] [2014-03-14 13:28:31] init (BaseResource.java:130) 
 method[GET] call!
[INFO ] [2014-03-14 13:55:33] initServletBean (FrameworkServlet.java:454) 
 FrameworkServlet 'multiViewController': initialization started
[INFO ] [2014-03-14 13:55:34] prepareRefresh (AbstractApplicationContext.java:510) 
 Refreshing WebApplicationContext for namespace 'multiViewController-servlet': startup date [Fri Mar 14 13:55:34 CST 2014]; parent: Root WebApplicationContext
[INFO ] [2014-03-14 13:55:34] loadBeanDefinitions (XmlBeanDefinitionReader.java:315) 
 Loading XML bean definitions from class path resource [config/spring-conf/application-ecardcity-om.xml]
[INFO ] [2014-03-14 13:55:34] preInstantiateSingletons (DefaultListableBeanFactory.java:598) 
 Pre-instantiating singletons in org.springframework.beans.factory.support.DefaultListableBeanFactory@1b87f27: defining beans [org.springframework.context.annotation.internalConfigurationAnnotationProcessor,org.springframework.context.annotation.internalAutowiredAnnotationProcessor,org.springframework.context.annotation.internalRequiredAnnotationProcessor,org.springframework.context.annotation.internalCommonAnnotationProcessor,org.springframework.context.annotation.internalPersistenceAnnotationProcessor,termInfoService,collectController,termInfoDAO,collectResource,termInfoResource,org.springframework.web.servlet.mvc.method.annotation.RequestMappingHandlerMapping#0,org.springframework.web.servlet.mvc.method.annotation.RequestMappingHandlerAdapter#0,org.springframework.context.annotation.ConfigurationClassPostProcessor.importAwareProcessor]; parent: org.springframework.beans.factory.support.DefaultListableBeanFactory@1eeaa9e
[INFO ] [2014-03-14 13:55:34] registerHandlerMethod (AbstractHandlerMethodMapping.java:179) 
 Mapped "{[/collectService/collect/addIndustryUI],methods=[POST || GET],params=[],headers=[],consumes=[],produces=[],custom=[]}" onto public cn.newcapec.framework.core.rest.Msg cn.newcapec.function.ecardcity.om.controller.CollectController.getIndustryList()
[INFO ] [2014-03-14 13:55:34] initServletBean (FrameworkServlet.java:473) 
 FrameworkServlet 'multiViewController': initialization completed in 126 ms
[INFO ] [2014-03-14 14:10:39] initServletBean (FrameworkServlet.java:454) 
 FrameworkServlet 'multiViewController': initialization started
[INFO ] [2014-03-14 14:10:39] prepareRefresh (AbstractApplicationContext.java:510) 
 Refreshing WebApplicationContext for namespace 'multiViewController-servlet': startup date [Fri Mar 14 14:10:39 CST 2014]; parent: Root WebApplicationContext
[INFO ] [2014-03-14 14:10:39] loadBeanDefinitions (XmlBeanDefinitionReader.java:315) 
 Loading XML bean definitions from class path resource [config/spring-conf/application-ecardcity-om.xml]
[INFO ] [2014-03-14 14:10:39] preInstantiateSingletons (DefaultListableBeanFactory.java:598) 
 Pre-instantiating singletons in org.springframework.beans.factory.support.DefaultListableBeanFactory@1f7b782: defining beans [org.springframework.context.annotation.internalConfigurationAnnotationProcessor,org.springframework.context.annotation.internalAutowiredAnnotationProcessor,org.springframework.context.annotation.internalRequiredAnnotationProcessor,org.springframework.context.annotation.internalCommonAnnotationProcessor,org.springframework.context.annotation.internalPersistenceAnnotationProcessor,termInfoService,collectController,termInfoDAO,collectResource,termInfoResource,org.springframework.web.servlet.mvc.method.annotation.RequestMappingHandlerMapping#0,org.springframework.web.servlet.mvc.method.annotation.RequestMappingHandlerAdapter#0,org.springframework.context.annotation.ConfigurationClassPostProcessor.importAwareProcessor]; parent: org.springframework.beans.factory.support.DefaultListableBeanFactory@7d6acc
[INFO ] [2014-03-14 14:10:39] registerHandlerMethod (AbstractHandlerMethodMapping.java:179) 
 Mapped "{[/collectService/collect/addIndustryUI],methods=[POST || GET],params=[],headers=[],consumes=[],produces=[],custom=[]}" onto public cn.newcapec.framework.core.rest.Msg cn.newcapec.function.ecardcity.om.controller.CollectController.getIndustryList()
[INFO ] [2014-03-14 14:10:39] initServletBean (FrameworkServlet.java:473) 
 FrameworkServlet 'multiViewController': initialization completed in 141 ms
[ERROR] [2014-03-14 14:16:48] getRepresentation (ExceptionStatusService.java:43) 
 The server has not found anything matching the request URI
[INFO ] [2014-03-14 14:17:41] initServletBean (FrameworkServlet.java:454) 
 FrameworkServlet 'multiViewController': initialization started
[INFO ] [2014-03-14 14:17:41] prepareRefresh (AbstractApplicationContext.java:510) 
 Refreshing WebApplicationContext for namespace 'multiViewController-servlet': startup date [Fri Mar 14 14:17:41 CST 2014]; parent: Root WebApplicationContext
[INFO ] [2014-03-14 14:17:41] loadBeanDefinitions (XmlBeanDefinitionReader.java:315) 
 Loading XML bean definitions from class path resource [config/spring-conf/application-ecardcity-om.xml]
[INFO ] [2014-03-14 14:17:41] preInstantiateSingletons (DefaultListableBeanFactory.java:598) 
 Pre-instantiating singletons in org.springframework.beans.factory.support.DefaultListableBeanFactory@310d79: defining beans [org.springframework.context.annotation.internalConfigurationAnnotationProcessor,org.springframework.context.annotation.internalAutowiredAnnotationProcessor,org.springframework.context.annotation.internalRequiredAnnotationProcessor,org.springframework.context.annotation.internalCommonAnnotationProcessor,org.springframework.context.annotation.internalPersistenceAnnotationProcessor,termInfoService,collectController,termInfoDAO,collectResource,termInfoResource,org.springframework.web.servlet.mvc.method.annotation.RequestMappingHandlerMapping#0,org.springframework.web.servlet.mvc.method.annotation.RequestMappingHandlerAdapter#0,org.springframework.context.annotation.ConfigurationClassPostProcessor.importAwareProcessor]; parent: org.springframework.beans.factory.support.DefaultListableBeanFactory@7d6acc
[INFO ] [2014-03-14 14:17:41] registerHandlerMethod (AbstractHandlerMethodMapping.java:179) 
 Mapped "{[/collectService/collect/addIndustryUI],methods=[POST || GET],params=[],headers=[],consumes=[],produces=[],custom=[]}" onto public cn.newcapec.framework.core.rest.Msg cn.newcapec.function.ecardcity.om.controller.CollectController.getIndustryList()
[INFO ] [2014-03-14 14:17:42] initServletBean (FrameworkServlet.java:473) 
 FrameworkServlet 'multiViewController': initialization completed in 111 ms
[INFO ] [2014-03-14 14:18:50] initServletBean (FrameworkServlet.java:454) 
 FrameworkServlet 'multiViewController': initialization started
[INFO ] [2014-03-14 14:18:50] prepareRefresh (AbstractApplicationContext.java:510) 
 Refreshing WebApplicationContext for namespace 'multiViewController-servlet': startup date [Fri Mar 14 14:18:50 CST 2014]; parent: Root WebApplicationContext
[INFO ] [2014-03-14 14:18:50] loadBeanDefinitions (XmlBeanDefinitionReader.java:315) 
 Loading XML bean definitions from class path resource [config/spring-conf/application-ecardcity-om.xml]
[INFO ] [2014-03-14 14:18:50] preInstantiateSingletons (DefaultListableBeanFactory.java:598) 
 Pre-instantiating singletons in org.springframework.beans.factory.support.DefaultListableBeanFactory@1d2f20c: defining beans [org.springframework.context.annotation.internalConfigurationAnnotationProcessor,org.springframework.context.annotation.internalAutowiredAnnotationProcessor,org.springframework.context.annotation.internalRequiredAnnotationProcessor,org.springframework.context.annotation.internalCommonAnnotationProcessor,org.springframework.context.annotation.internalPersistenceAnnotationProcessor,termInfoService,collectController,termInfoDAO,collectResource,termInfoResource,org.springframework.web.servlet.mvc.method.annotation.RequestMappingHandlerMapping#0,org.springframework.web.servlet.mvc.method.annotation.RequestMappingHandlerAdapter#0,org.springframework.context.annotation.ConfigurationClassPostProcessor.importAwareProcessor]; parent: org.springframework.beans.factory.support.DefaultListableBeanFactory@7d6acc
[INFO ] [2014-03-14 14:18:50] registerHandlerMethod (AbstractHandlerMethodMapping.java:179) 
 Mapped "{[/collectService/collect/addIndustryUI],methods=[POST || GET],params=[],headers=[],consumes=[],produces=[],custom=[]}" onto public cn.newcapec.framework.core.rest.Msg cn.newcapec.function.ecardcity.om.controller.CollectController.getIndustryList()
[INFO ] [2014-03-14 14:18:50] initServletBean (FrameworkServlet.java:473) 
 FrameworkServlet 'multiViewController': initialization completed in 93 ms
[INFO ] [2014-03-14 14:29:34] init (BaseResource.java:130) 
 method[GET] call!
[INFO ] [2014-03-14 14:29:40] init (BaseResource.java:130) 
 method[GET] call!
[INFO ] [2014-03-14 15:12:21] logCloseExceptions (NewPooledConnection.java:725) 
 [c3p0] Exceptions occurred while trying to close a PooledConnection's resources normally.
[INFO ] [2014-03-14 15:12:21] logCloseExceptions (NewPooledConnection.java:735) 
 [c3p0] NewPooledConnection close Exception.
java.sql.SQLException: Io 异常: Socket read timed out
	at oracle.jdbc.driver.DatabaseError.throwSqlException(DatabaseError.java:112)
	at oracle.jdbc.driver.DatabaseError.throwSqlException(DatabaseError.java:146)
	at oracle.jdbc.driver.DatabaseError.throwSqlException(DatabaseError.java:255)
	at oracle.jdbc.driver.T4CConnection.logoff(T4CConnection.java:481)
	at oracle.jdbc.driver.PhysicalConnection.close(PhysicalConnection.java:1203)
	at com.mchange.v2.c3p0.impl.NewPooledConnection.close(NewPooledConnection.java:549)
	at com.mchange.v2.c3p0.impl.NewPooledConnection.close(NewPooledConnection.java:234)
	at com.mchange.v2.c3p0.impl.C3P0PooledConnectionPool$1PooledConnectionResourcePoolManager.destroyResource(C3P0PooledConnectionPool.java:470)
	at com.mchange.v2.resourcepool.BasicResourcePool$1DestroyResourceTask.run(BasicResourcePool.java:964)
	at com.mchange.v2.async.ThreadPoolAsynchronousRunner$PoolThread.run(ThreadPoolAsynchronousRunner.java:547)
[WARN ] [2014-03-14 15:12:21] run (BasicResourcePool.java:972) 
 Failed to destroy resource: com.mchange.v2.c3p0.impl.NewPooledConnection@1625726
java.sql.SQLException: Some resources failed to close properly while closing com.mchange.v2.c3p0.impl.NewPooledConnection@1625726
	at com.mchange.v2.c3p0.impl.NewPooledConnection.close(NewPooledConnection.java:571)
	at com.mchange.v2.c3p0.impl.NewPooledConnection.close(NewPooledConnection.java:234)
	at com.mchange.v2.c3p0.impl.C3P0PooledConnectionPool$1PooledConnectionResourcePoolManager.destroyResource(C3P0PooledConnectionPool.java:470)
	at com.mchange.v2.resourcepool.BasicResourcePool$1DestroyResourceTask.run(BasicResourcePool.java:964)
	at com.mchange.v2.async.ThreadPoolAsynchronousRunner$PoolThread.run(ThreadPoolAsynchronousRunner.java:547)
[WARN ] [2014-03-14 15:12:31] run (BasicResourcePool.java:1841) 
 com.mchange.v2.resourcepool.BasicResourcePool$AcquireTask@5e806f -- Acquisition Attempt Failed!!! Clearing pending acquires. While trying to acquire a needed new resource, we failed to succeed more than the maximum number of allowed acquisition attempts (30). Last acquisition attempt exception: 
java.sql.SQLException: Io 异常: The Network Adapter could not establish the connection
	at oracle.jdbc.driver.DatabaseError.throwSqlException(DatabaseError.java:112)
	at oracle.jdbc.driver.DatabaseError.throwSqlException(DatabaseError.java:146)
	at oracle.jdbc.driver.DatabaseError.throwSqlException(DatabaseError.java:255)
	at oracle.jdbc.driver.T4CConnection.logon(T4CConnection.java:387)
	at oracle.jdbc.driver.PhysicalConnection.<init>(PhysicalConnection.java:439)
	at oracle.jdbc.driver.T4CConnection.<init>(T4CConnection.java:165)
	at oracle.jdbc.driver.T4CDriverExtension.getConnection(T4CDriverExtension.java:35)
	at oracle.jdbc.driver.OracleDriver.connect(OracleDriver.java:801)
	at com.mchange.v2.c3p0.DriverManagerDataSource.getConnection(DriverManagerDataSource.java:134)
	at com.mchange.v2.c3p0.WrapperConnectionPoolDataSource.getPooledConnection(WrapperConnectionPoolDataSource.java:182)
	at com.mchange.v2.c3p0.WrapperConnectionPoolDataSource.getPooledConnection(WrapperConnectionPoolDataSource.java:171)
	at com.mchange.v2.c3p0.impl.C3P0PooledConnectionPool$1PooledConnectionResourcePoolManager.acquireResource(C3P0PooledConnectionPool.java:137)
	at com.mchange.v2.resourcepool.BasicResourcePool.doAcquire(BasicResourcePool.java:1014)
	at com.mchange.v2.resourcepool.BasicResourcePool.access$800(BasicResourcePool.java:32)
	at com.mchange.v2.resourcepool.BasicResourcePool$AcquireTask.run(BasicResourcePool.java:1810)
	at com.mchange.v2.async.ThreadPoolAsynchronousRunner$PoolThread.run(ThreadPoolAsynchronousRunner.java:547)
[ERROR] [2014-03-14 15:12:31] run (BasicResourcePool.java:1853) 
 A RESOURCE POOL IS PERMANENTLY BROKEN! [com.mchange.v2.resourcepool.BasicResourcePool$AcquireTask@5e806f]
[ERROR] [2014-03-14 15:12:31] unexpectedBreak (BasicResourcePool.java:866) 
 com.mchange.v2.resourcepool.BasicResourcePool@94edbb -- Unexpectedly broken!!!
com.mchange.v2.resourcepool.ResourcePoolException: Unexpected Break Stack Trace!
	at com.mchange.v2.resourcepool.BasicResourcePool.unexpectedBreak(BasicResourcePool.java:866)
	at com.mchange.v2.resourcepool.BasicResourcePool.access$1100(BasicResourcePool.java:32)
	at com.mchange.v2.resourcepool.BasicResourcePool$AcquireTask.run(BasicResourcePool.java:1854)
	at com.mchange.v2.async.ThreadPoolAsynchronousRunner$PoolThread.run(ThreadPoolAsynchronousRunner.java:547)
[INFO ] [2014-03-14 15:12:36] logCloseExceptions (NewPooledConnection.java:725) 
 [c3p0] Exceptions occurred while trying to close a PooledConnection's resources normally.
[INFO ] [2014-03-14 15:12:36] logCloseExceptions (NewPooledConnection.java:735) 
 [c3p0] NewPooledConnection close Exception.
java.sql.SQLException: Io 异常: Socket read timed out
	at oracle.jdbc.driver.DatabaseError.throwSqlException(DatabaseError.java:112)
	at oracle.jdbc.driver.DatabaseError.throwSqlException(DatabaseError.java:146)
	at oracle.jdbc.driver.DatabaseError.throwSqlException(DatabaseError.java:255)
	at oracle.jdbc.driver.T4CConnection.logoff(T4CConnection.java:481)
	at oracle.jdbc.driver.PhysicalConnection.close(PhysicalConnection.java:1203)
	at com.mchange.v2.c3p0.impl.NewPooledConnection.close(NewPooledConnection.java:549)
	at com.mchange.v2.c3p0.impl.NewPooledConnection.close(NewPooledConnection.java:234)
	at com.mchange.v2.c3p0.impl.C3P0PooledConnectionPool$1PooledConnectionResourcePoolManager.destroyResource(C3P0PooledConnectionPool.java:470)
	at com.mchange.v2.resourcepool.BasicResourcePool$1DestroyResourceTask.run(BasicResourcePool.java:964)
	at com.mchange.v2.async.ThreadPoolAsynchronousRunner$PoolThread.run(ThreadPoolAsynchronousRunner.java:547)
[WARN ] [2014-03-14 15:12:36] run (BasicResourcePool.java:972) 
 Failed to destroy resource: com.mchange.v2.c3p0.impl.NewPooledConnection@b04a4e
java.sql.SQLException: Some resources failed to close properly while closing com.mchange.v2.c3p0.impl.NewPooledConnection@b04a4e
	at com.mchange.v2.c3p0.impl.NewPooledConnection.close(NewPooledConnection.java:571)
	at com.mchange.v2.c3p0.impl.NewPooledConnection.close(NewPooledConnection.java:234)
	at com.mchange.v2.c3p0.impl.C3P0PooledConnectionPool$1PooledConnectionResourcePoolManager.destroyResource(C3P0PooledConnectionPool.java:470)
	at com.mchange.v2.resourcepool.BasicResourcePool$1DestroyResourceTask.run(BasicResourcePool.java:964)
	at com.mchange.v2.async.ThreadPoolAsynchronousRunner$PoolThread.run(ThreadPoolAsynchronousRunner.java:547)
[INFO ] [2014-03-14 15:12:40] logCloseExceptions (NewPooledConnection.java:725) 
 [c3p0] Exceptions occurred while trying to close a PooledConnection's resources normally.
[WARN ] [2014-03-14 15:13:00] run (BasicResourcePool.java:1841) 
 com.mchange.v2.resourcepool.BasicResourcePool$AcquireTask@d7747c -- Acquisition Attempt Failed!!! Clearing pending acquires. While trying to acquire a needed new resource, we failed to succeed more than the maximum number of allowed acquisition attempts (30). Last acquisition attempt exception: 
java.sql.SQLException: Io 异常: The Network Adapter could not establish the connection
	at oracle.jdbc.driver.DatabaseError.throwSqlException(DatabaseError.java:112)
	at oracle.jdbc.driver.DatabaseError.throwSqlException(DatabaseError.java:146)
	at oracle.jdbc.driver.DatabaseError.throwSqlException(DatabaseError.java:255)
	at oracle.jdbc.driver.T4CConnection.logon(T4CConnection.java:387)
	at oracle.jdbc.driver.PhysicalConnection.<init>(PhysicalConnection.java:439)
	at oracle.jdbc.driver.T4CConnection.<init>(T4CConnection.java:165)
	at oracle.jdbc.driver.T4CDriverExtension.getConnection(T4CDriverExtension.java:35)
	at oracle.jdbc.driver.OracleDriver.connect(OracleDriver.java:801)
	at com.mchange.v2.c3p0.DriverManagerDataSource.getConnection(DriverManagerDataSource.java:134)
	at com.mchange.v2.c3p0.WrapperConnectionPoolDataSource.getPooledConnection(WrapperConnectionPoolDataSource.java:182)
	at com.mchange.v2.c3p0.WrapperConnectionPoolDataSource.getPooledConnection(WrapperConnectionPoolDataSource.java:171)
	at com.mchange.v2.c3p0.impl.C3P0PooledConnectionPool$1PooledConnectionResourcePoolManager.acquireResource(C3P0PooledConnectionPool.java:137)
	at com.mchange.v2.resourcepool.BasicResourcePool.doAcquire(BasicResourcePool.java:1014)
	at com.mchange.v2.resourcepool.BasicResourcePool.access$800(BasicResourcePool.java:32)
	at com.mchange.v2.resourcepool.BasicResourcePool$AcquireTask.run(BasicResourcePool.java:1810)
	at com.mchange.v2.async.ThreadPoolAsynchronousRunner$PoolThread.run(ThreadPoolAsynchronousRunner.java:547)
[ERROR] [2014-03-14 15:13:01] run (BasicResourcePool.java:1853) 
 A RESOURCE POOL IS PERMANENTLY BROKEN! [com.mchange.v2.resourcepool.BasicResourcePool$AcquireTask@d7747c]
[ERROR] [2014-03-14 15:13:01] unexpectedBreak (BasicResourcePool.java:866) 
 com.mchange.v2.resourcepool.BasicResourcePool@94edbb -- Unexpectedly broken!!!
com.mchange.v2.resourcepool.ResourcePoolException: Unexpected Break Stack Trace!
	at com.mchange.v2.resourcepool.BasicResourcePool.unexpectedBreak(BasicResourcePool.java:866)
	at com.mchange.v2.resourcepool.BasicResourcePool.access$1100(BasicResourcePool.java:32)
	at com.mchange.v2.resourcepool.BasicResourcePool$AcquireTask.run(BasicResourcePool.java:1854)
	at com.mchange.v2.async.ThreadPoolAsynchronousRunner$PoolThread.run(ThreadPoolAsynchronousRunner.java:547)
[INFO ] [2014-03-14 15:13:01] logCloseExceptions (NewPooledConnection.java:735) 
 [c3p0] NewPooledConnection close Exception.
java.sql.SQLException: Io 异常: Socket read timed out
	at oracle.jdbc.driver.DatabaseError.throwSqlException(DatabaseError.java:112)
	at oracle.jdbc.driver.DatabaseError.throwSqlException(DatabaseError.java:146)
	at oracle.jdbc.driver.DatabaseError.throwSqlException(DatabaseError.java:255)
	at oracle.jdbc.driver.T4CConnection.logoff(T4CConnection.java:481)
	at oracle.jdbc.driver.PhysicalConnection.close(PhysicalConnection.java:1203)
	at com.mchange.v2.c3p0.impl.NewPooledConnection.close(NewPooledConnection.java:549)
	at com.mchange.v2.c3p0.impl.NewPooledConnection.close(NewPooledConnection.java:234)
	at com.mchange.v2.c3p0.impl.C3P0PooledConnectionPool$1PooledConnectionResourcePoolManager.destroyResource(C3P0PooledConnectionPool.java:470)
	at com.mchange.v2.resourcepool.BasicResourcePool$1DestroyResourceTask.run(BasicResourcePool.java:964)
	at com.mchange.v2.async.ThreadPoolAsynchronousRunner$PoolThread.run(ThreadPoolAsynchronousRunner.java:547)
[WARN ] [2014-03-14 15:13:01] close (BasicResourcePool.java:1202) 
 com.mchange.v2.resourcepool.BasicResourcePool@94edbb -- close() called multiple times.
[WARN ] [2014-03-14 15:13:01] run (BasicResourcePool.java:972) 
 Failed to destroy resource: com.mchange.v2.c3p0.impl.NewPooledConnection@15e4874
java.sql.SQLException: Some resources failed to close properly while closing com.mchange.v2.c3p0.impl.NewPooledConnection@15e4874
	at com.mchange.v2.c3p0.impl.NewPooledConnection.close(NewPooledConnection.java:571)
	at com.mchange.v2.c3p0.impl.NewPooledConnection.close(NewPooledConnection.java:234)
	at com.mchange.v2.c3p0.impl.C3P0PooledConnectionPool$1PooledConnectionResourcePoolManager.destroyResource(C3P0PooledConnectionPool.java:470)
	at com.mchange.v2.resourcepool.BasicResourcePool$1DestroyResourceTask.run(BasicResourcePool.java:964)
	at com.mchange.v2.async.ThreadPoolAsynchronousRunner$PoolThread.run(ThreadPoolAsynchronousRunner.java:547)
[WARN ] [2014-03-14 15:13:05] run (BasicResourcePool.java:1841) 
 com.mchange.v2.resourcepool.BasicResourcePool$AcquireTask@f12eb4 -- Acquisition Attempt Failed!!! Clearing pending acquires. While trying to acquire a needed new resource, we failed to succeed more than the maximum number of allowed acquisition attempts (30). Last acquisition attempt exception: 
java.sql.SQLException: Io 异常: The Network Adapter could not establish the connection
	at oracle.jdbc.driver.DatabaseError.throwSqlException(DatabaseError.java:112)
	at oracle.jdbc.driver.DatabaseError.throwSqlException(DatabaseError.java:146)
	at oracle.jdbc.driver.DatabaseError.throwSqlException(DatabaseError.java:255)
	at oracle.jdbc.driver.T4CConnection.logon(T4CConnection.java:387)
	at oracle.jdbc.driver.PhysicalConnection.<init>(PhysicalConnection.java:439)
	at oracle.jdbc.driver.T4CConnection.<init>(T4CConnection.java:165)
	at oracle.jdbc.driver.T4CDriverExtension.getConnection(T4CDriverExtension.java:35)
	at oracle.jdbc.driver.OracleDriver.connect(OracleDriver.java:801)
	at com.mchange.v2.c3p0.DriverManagerDataSource.getConnection(DriverManagerDataSource.java:134)
	at com.mchange.v2.c3p0.WrapperConnectionPoolDataSource.getPooledConnection(WrapperConnectionPoolDataSource.java:182)
	at com.mchange.v2.c3p0.WrapperConnectionPoolDataSource.getPooledConnection(WrapperConnectionPoolDataSource.java:171)
	at com.mchange.v2.c3p0.impl.C3P0PooledConnectionPool$1PooledConnectionResourcePoolManager.acquireResource(C3P0PooledConnectionPool.java:137)
	at com.mchange.v2.resourcepool.BasicResourcePool.doAcquire(BasicResourcePool.java:1014)
	at com.mchange.v2.resourcepool.BasicResourcePool.access$800(BasicResourcePool.java:32)
	at com.mchange.v2.resourcepool.BasicResourcePool$AcquireTask.run(BasicResourcePool.java:1810)
	at com.mchange.v2.async.ThreadPoolAsynchronousRunner$PoolThread.run(ThreadPoolAsynchronousRunner.java:547)
[ERROR] [2014-03-14 15:13:05] run (BasicResourcePool.java:1853) 
 A RESOURCE POOL IS PERMANENTLY BROKEN! [com.mchange.v2.resourcepool.BasicResourcePool$AcquireTask@f12eb4]
[ERROR] [2014-03-14 15:13:05] unexpectedBreak (BasicResourcePool.java:866) 
 com.mchange.v2.resourcepool.BasicResourcePool@94edbb -- Unexpectedly broken!!!
com.mchange.v2.resourcepool.ResourcePoolException: Unexpected Break Stack Trace!
	at com.mchange.v2.resourcepool.BasicResourcePool.unexpectedBreak(BasicResourcePool.java:866)
	at com.mchange.v2.resourcepool.BasicResourcePool.access$1100(BasicResourcePool.java:32)
	at com.mchange.v2.resourcepool.BasicResourcePool$AcquireTask.run(BasicResourcePool.java:1854)
	at com.mchange.v2.async.ThreadPoolAsynchronousRunner$PoolThread.run(ThreadPoolAsynchronousRunner.java:547)
[WARN ] [2014-03-14 15:13:05] close (BasicResourcePool.java:1202) 
 com.mchange.v2.resourcepool.BasicResourcePool@94edbb -- close() called multiple times.
