[INFO ] [2014-03-13 16:25:48] initServletBean (FrameworkServlet.java:454) 
 FrameworkServlet 'multiViewController': initialization started
[INFO ] [2014-03-13 16:25:48] prepareRefresh (AbstractApplicationContext.java:510) 
 Refreshing WebApplicationContext for namespace 'multiViewController-servlet': startup date [Thu Mar 13 16:25:48 CST 2014]; parent: Root WebApplicationContext
[INFO ] [2014-03-13 16:25:48] loadBeanDefinitions (XmlBeanDefinitionReader.java:315) 
 Loading XML bean definitions from class path resource [config/spring-conf/application-mvc-portal.xml]
[INFO ] [2014-03-13 16:25:48] preInstantiateSingletons (DefaultListableBeanFactory.java:598) 
 Pre-instantiating singletons in org.springframework.beans.factory.support.DefaultListableBeanFactory@1bd3572: defining beans [studentService,studentController,studentDao,officeResource,studentResource,traditionResource,win8Resource,org.springframework.context.annotation.internalConfigurationAnnotationProcessor,org.springframework.context.annotation.internalAutowiredAnnotationProcessor,org.springframework.context.annotation.internalRequiredAnnotationProcessor,org.springframework.context.annotation.internalCommonAnnotationProcessor,org.springframework.context.annotation.internalPersistenceAnnotationProcessor,org.springframework.web.servlet.mvc.method.annotation.RequestMappingHandlerMapping#0,org.springframework.web.servlet.mvc.method.annotation.RequestMappingHandlerAdapter#0,org.springframework.context.annotation.ConfigurationClassPostProcessor.importAwareProcessor]; parent: org.springframework.beans.factory.support.DefaultListableBeanFactory@156bbcf
[INFO ] [2014-03-13 16:25:48] registerHandlerMethod (AbstractHandlerMethodMapping.java:179) 
 Mapped "{[/student/add],methods=[POST],params=[],headers=[],consumes=[],produces=[],custom=[]}" onto public cn.newcapec.framework.core.rest.Msg cn.newcapec.foundation.portal.controller.StudentController.add(javax.servlet.http.HttpServletRequest)
[INFO ] [2014-03-13 16:25:48] registerHandlerMethod (AbstractHandlerMethodMapping.java:179) 
 Mapped "{[/student/delete],methods=[POST],params=[],headers=[],consumes=[],produces=[],custom=[]}" onto public cn.newcapec.framework.core.rest.Msg cn.newcapec.foundation.portal.controller.StudentController.delete()
[INFO ] [2014-03-13 16:25:48] registerHandlerMethod (AbstractHandlerMethodMapping.java:179) 
 Mapped "{[/student/edit],methods=[POST],params=[],headers=[],consumes=[],produces=[],custom=[]}" onto public cn.newcapec.framework.core.rest.Msg cn.newcapec.foundation.portal.controller.StudentController.edit(cn.newcapec.foundation.portal.model.Student)
[INFO ] [2014-03-13 16:25:48] registerHandlerMethod (AbstractHandlerMethodMapping.java:179) 
 Mapped "{[/student/selectById],methods=[POST],params=[],headers=[],consumes=[],produces=[],custom=[]}" onto public cn.newcapec.framework.core.rest.Msg cn.newcapec.foundation.portal.controller.StudentController.selectById()
[INFO ] [2014-03-13 16:25:48] registerHandlerMethod (AbstractHandlerMethodMapping.java:179) 
 Mapped "{[/student/addStuUI],methods=[],params=[],headers=[],consumes=[],produces=[],custom=[]}" onto public java.lang.String cn.newcapec.foundation.portal.controller.StudentController.addStuUI()
[INFO ] [2014-03-13 16:25:48] registerHandlerMethod (AbstractHandlerMethodMapping.java:179) 
 Mapped "{[/student/stuListGrid],methods=[],params=[],headers=[],consumes=[],produces=[],custom=[]}" onto public org.springframework.web.servlet.ModelAndView cn.newcapec.foundation.portal.controller.StudentController.stuListGrid(org.springframework.ui.ModelMap)
[INFO ] [2014-03-13 16:25:48] registerHandlerMethod (AbstractHandlerMethodMapping.java:179) 
 Mapped "{[/student/editStuUI],methods=[],params=[],headers=[],consumes=[],produces=[],custom=[]}" onto public java.lang.String cn.newcapec.foundation.portal.controller.StudentController.editStuUI()
[INFO ] [2014-03-13 16:25:48] registerHandlerMethod (AbstractHandlerMethodMapping.java:179) 
 Mapped "{[/student/stuListUI],methods=[],params=[],headers=[],consumes=[],produces=[],custom=[]}" onto public org.springframework.web.servlet.ModelAndView cn.newcapec.foundation.portal.controller.StudentController.stuListUI(org.springframework.ui.ModelMap)
[INFO ] [2014-03-13 16:25:48] initServletBean (FrameworkServlet.java:473) 
 FrameworkServlet 'multiViewController': initialization completed in 161 ms
[INFO ] [2014-03-13 16:38:27] initServletBean (FrameworkServlet.java:454) 
 FrameworkServlet 'multiViewController': initialization started
[INFO ] [2014-03-13 16:38:27] prepareRefresh (AbstractApplicationContext.java:510) 
 Refreshing WebApplicationContext for namespace 'multiViewController-servlet': startup date [Thu Mar 13 16:38:27 CST 2014]; parent: Root WebApplicationContext
[INFO ] [2014-03-13 16:38:27] loadBeanDefinitions (XmlBeanDefinitionReader.java:315) 
 Loading XML bean definitions from class path resource [config/spring-conf/application-mvc-portal.xml]
[INFO ] [2014-03-13 16:38:27] preInstantiateSingletons (DefaultListableBeanFactory.java:598) 
 Pre-instantiating singletons in org.springframework.beans.factory.support.DefaultListableBeanFactory@2ae567: defining beans [studentService,studentController,studentDao,officeResource,studentResource,traditionResource,win8Resource,org.springframework.context.annotation.internalConfigurationAnnotationProcessor,org.springframework.context.annotation.internalAutowiredAnnotationProcessor,org.springframework.context.annotation.internalRequiredAnnotationProcessor,org.springframework.context.annotation.internalCommonAnnotationProcessor,org.springframework.context.annotation.internalPersistenceAnnotationProcessor,org.springframework.web.servlet.mvc.method.annotation.RequestMappingHandlerMapping#0,org.springframework.web.servlet.mvc.method.annotation.RequestMappingHandlerAdapter#0,org.springframework.context.annotation.ConfigurationClassPostProcessor.importAwareProcessor]; parent: org.springframework.beans.factory.support.DefaultListableBeanFactory@1444b1d
[INFO ] [2014-03-13 16:38:27] registerHandlerMethod (AbstractHandlerMethodMapping.java:179) 
 Mapped "{[/student/add],methods=[POST],params=[],headers=[],consumes=[],produces=[],custom=[]}" onto public cn.newcapec.framework.core.rest.Msg cn.newcapec.foundation.portal.controller.StudentController.add(javax.servlet.http.HttpServletRequest)
[INFO ] [2014-03-13 16:38:27] registerHandlerMethod (AbstractHandlerMethodMapping.java:179) 
 Mapped "{[/student/delete],methods=[POST],params=[],headers=[],consumes=[],produces=[],custom=[]}" onto public cn.newcapec.framework.core.rest.Msg cn.newcapec.foundation.portal.controller.StudentController.delete()
[INFO ] [2014-03-13 16:38:27] registerHandlerMethod (AbstractHandlerMethodMapping.java:179) 
 Mapped "{[/student/selectById],methods=[POST],params=[],headers=[],consumes=[],produces=[],custom=[]}" onto public cn.newcapec.framework.core.rest.Msg cn.newcapec.foundation.portal.controller.StudentController.selectById()
[INFO ] [2014-03-13 16:38:27] registerHandlerMethod (AbstractHandlerMethodMapping.java:179) 
 Mapped "{[/student/stuListGrid],methods=[],params=[],headers=[],consumes=[],produces=[],custom=[]}" onto public org.springframework.web.servlet.ModelAndView cn.newcapec.foundation.portal.controller.StudentController.stuListGrid(org.springframework.ui.ModelMap)
[INFO ] [2014-03-13 16:38:27] registerHandlerMethod (AbstractHandlerMethodMapping.java:179) 
 Mapped "{[/student/editStuUI],methods=[],params=[],headers=[],consumes=[],produces=[],custom=[]}" onto public java.lang.String cn.newcapec.foundation.portal.controller.StudentController.editStuUI()
[INFO ] [2014-03-13 16:38:27] registerHandlerMethod (AbstractHandlerMethodMapping.java:179) 
 Mapped "{[/student/addStuUI],methods=[],params=[],headers=[],consumes=[],produces=[],custom=[]}" onto public java.lang.String cn.newcapec.foundation.portal.controller.StudentController.addStuUI()
[INFO ] [2014-03-13 16:38:27] registerHandlerMethod (AbstractHandlerMethodMapping.java:179) 
 Mapped "{[/student/stuListUI],methods=[],params=[],headers=[],consumes=[],produces=[],custom=[]}" onto public org.springframework.web.servlet.ModelAndView cn.newcapec.foundation.portal.controller.StudentController.stuListUI(org.springframework.ui.ModelMap)
[INFO ] [2014-03-13 16:38:27] registerHandlerMethod (AbstractHandlerMethodMapping.java:179) 
 Mapped "{[/student/edit],methods=[POST],params=[],headers=[],consumes=[],produces=[],custom=[]}" onto public cn.newcapec.framework.core.rest.Msg cn.newcapec.foundation.portal.controller.StudentController.edit(cn.newcapec.foundation.portal.model.Student)
[INFO ] [2014-03-13 16:38:27] initServletBean (FrameworkServlet.java:473) 
 FrameworkServlet 'multiViewController': initialization completed in 158 ms
[INFO ] [2014-03-13 16:39:46] postHandle (NspApplicationContextInterceptor.java:42) 
 viewName : foundation/student/pagelet/v1.0/stu_list
[ERROR] [2014-03-13 16:39:46] logVelocityMessage (CommonsLoggingLogSystem.java:49) 
 ResourceManager : unable to find resource 'foundation/student/pagelet/v1.0/stu_list.html.html' in any resource loader.
[ERROR] [2014-03-13 16:39:47] logVelocityMessage (CommonsLoggingLogSystem.java:49) 
 #parse() null argument
[INFO ] [2014-03-13 16:39:47] logVelocityMessage (CommonsLoggingLogSystem.java:55) 
 Could not determine type of iterator in #foreach loop at foundation/student/pagelet/v1.0/stu_list_grid.html [line 0, column 0]
[INFO ] [2014-03-13 17:11:09] postHandle (NspApplicationContextInterceptor.java:42) 
 viewName : foundation/student/pagelet/v1.0/addStuUI
[ERROR] [2014-03-13 17:11:09] resolveException (SystemExceptionHandler.java:52) 
 org.mortbay.jetty.EofException
	at org.mortbay.jetty.HttpGenerator.flush(HttpGenerator.java:791)
	at org.mortbay.jetty.AbstractGenerator$Output.flush(AbstractGenerator.java:569)
	at org.mortbay.jetty.HttpConnection$Output.flush(HttpConnection.java:1012)
	at org.mortbay.jetty.AbstractGenerator$Output.write(AbstractGenerator.java:655)
	at org.mortbay.jetty.AbstractGenerator$Output.write(AbstractGenerator.java:580)
	at org.springframework.util.StreamUtils.copy(StreamUtils.java:125)
	at org.springframework.util.FileCopyUtils.copy(FileCopyUtils.java:109)
	at org.springframework.web.servlet.resource.ResourceHttpRequestHandler.writeContent(ResourceHttpRequestHandler.java:252)
	at org.springframework.web.servlet.resource.ResourceHttpRequestHandler.handleRequest(ResourceHttpRequestHandler.java:153)
	at org.springframework.web.servlet.mvc.HttpRequestHandlerAdapter.handle(HttpRequestHandlerAdapter.java:49)
	at org.springframework.web.servlet.DispatcherServlet.doDispatch(DispatcherServlet.java:925)
	at org.springframework.web.servlet.DispatcherServlet.doService(DispatcherServlet.java:856)
	at org.springframework.web.servlet.FrameworkServlet.processRequest(FrameworkServlet.java:936)
	at org.springframework.web.servlet.FrameworkServlet.doGet(FrameworkServlet.java:827)
	at javax.servlet.http.HttpServlet.service(HttpServlet.java:707)
	at org.springframework.web.servlet.FrameworkServlet.service(FrameworkServlet.java:812)
	at javax.servlet.http.HttpServlet.service(HttpServlet.java:820)
	at org.mortbay.jetty.servlet.ServletHolder.handle(ServletHolder.java:511)
	at org.mortbay.jetty.servlet.ServletHandler$CachedChain.doFilter(ServletHandler.java:1221)
	at cn.newcapec.framework.core.filter.PagerFilter.doFilter(PagerFilter.java:37)
	at org.mortbay.jetty.servlet.ServletHandler$CachedChain.doFilter(ServletHandler.java:1212)
	at org.springframework.web.filter.CharacterEncodingFilter.doFilterInternal(CharacterEncodingFilter.java:88)
	at org.springframework.web.filter.OncePerRequestFilter.doFilter(OncePerRequestFilter.java:107)
	at org.mortbay.jetty.servlet.ServletHandler$CachedChain.doFilter(ServletHandler.java:1212)
	at cn.newcapec.framework.core.filter.RequestEncodeFilter.doFilter(RequestEncodeFilter.java:63)
	at org.mortbay.jetty.servlet.ServletHandler$CachedChain.doFilter(ServletHandler.java:1212)
	at org.springframework.orm.hibernate3.support.OpenSessionInViewFilter.doFilterInternal(OpenSessionInViewFilter.java:230)
	at org.springframework.web.filter.OncePerRequestFilter.doFilter(OncePerRequestFilter.java:107)
	at org.mortbay.jetty.servlet.ServletHandler$CachedChain.doFilter(ServletHandler.java:1212)
	at org.mortbay.jetty.servlet.ServletHandler.handle(ServletHandler.java:399)
	at org.mortbay.jetty.security.SecurityHandler.handle(SecurityHandler.java:216)
	at org.mortbay.jetty.servlet.SessionHandler.handle(SessionHandler.java:182)
	at org.mortbay.jetty.handler.ContextHandler.handle(ContextHandler.java:766)
	at org.mortbay.jetty.webapp.WebAppContext.handle(WebAppContext.java:450)
	at org.mortbay.jetty.handler.HandlerWrapper.handle(HandlerWrapper.java:152)
	at org.mortbay.jetty.Server.handle(Server.java:326)
	at org.mortbay.jetty.HttpConnection.handleRequest(HttpConnection.java:542)
	at org.mortbay.jetty.HttpConnection$RequestHandler.headerComplete(HttpConnection.java:928)
	at org.mortbay.jetty.HttpParser.parseNext(HttpParser.java:549)
	at org.mortbay.jetty.HttpParser.parseAvailable(HttpParser.java:212)
	at org.mortbay.jetty.HttpConnection.handle(HttpConnection.java:404)
	at org.mortbay.io.nio.SelectChannelEndPoint.run(SelectChannelEndPoint.java:410)
	at org.mortbay.thread.QueuedThreadPool$PoolThread.run(QueuedThreadPool.java:582)
Caused by: java.io.IOException: 远程主机强迫关闭了一个现有的连接。
	at sun.nio.ch.SocketDispatcher.writev0(Native Method)
	at sun.nio.ch.SocketDispatcher.writev(SocketDispatcher.java:55)
	at sun.nio.ch.IOUtil.write(IOUtil.java:148)
	at sun.nio.ch.SocketChannelImpl.write(SocketChannelImpl.java:524)
	at java.nio.channels.SocketChannel.write(SocketChannel.java:493)
	at org.mortbay.io.nio.ChannelEndPoint.flush(ChannelEndPoint.java:233)
	at org.mortbay.io.nio.SelectChannelEndPoint.flush(SelectChannelEndPoint.java:211)
	at org.mortbay.jetty.HttpGenerator.flush(HttpGenerator.java:714)
	... 42 more

[INFO ] [2014-03-13 17:11:31] postHandle (NspApplicationContextInterceptor.java:42) 
 viewName : foundation/student/pagelet/v1.0/addStuUI
[ERROR] [2014-03-13 17:11:31] resolveException (SystemExceptionHandler.java:52) 
 org.mortbay.jetty.EofException
	at org.mortbay.jetty.HttpGenerator.flush(HttpGenerator.java:791)
	at org.mortbay.jetty.AbstractGenerator$Output.flush(AbstractGenerator.java:569)
	at org.mortbay.jetty.HttpConnection$Output.flush(HttpConnection.java:1012)
	at org.mortbay.jetty.AbstractGenerator$Output.write(AbstractGenerator.java:655)
	at org.mortbay.jetty.AbstractGenerator$Output.write(AbstractGenerator.java:580)
	at org.springframework.util.StreamUtils.copy(StreamUtils.java:125)
	at org.springframework.util.FileCopyUtils.copy(FileCopyUtils.java:109)
	at org.springframework.web.servlet.resource.ResourceHttpRequestHandler.writeContent(ResourceHttpRequestHandler.java:252)
	at org.springframework.web.servlet.resource.ResourceHttpRequestHandler.handleRequest(ResourceHttpRequestHandler.java:153)
	at org.springframework.web.servlet.mvc.HttpRequestHandlerAdapter.handle(HttpRequestHandlerAdapter.java:49)
	at org.springframework.web.servlet.DispatcherServlet.doDispatch(DispatcherServlet.java:925)
	at org.springframework.web.servlet.DispatcherServlet.doService(DispatcherServlet.java:856)
	at org.springframework.web.servlet.FrameworkServlet.processRequest(FrameworkServlet.java:936)
	at org.springframework.web.servlet.FrameworkServlet.doGet(FrameworkServlet.java:827)
	at javax.servlet.http.HttpServlet.service(HttpServlet.java:707)
	at org.springframework.web.servlet.FrameworkServlet.service(FrameworkServlet.java:812)
	at javax.servlet.http.HttpServlet.service(HttpServlet.java:820)
	at org.mortbay.jetty.servlet.ServletHolder.handle(ServletHolder.java:511)
	at org.mortbay.jetty.servlet.ServletHandler$CachedChain.doFilter(ServletHandler.java:1221)
	at cn.newcapec.framework.core.filter.PagerFilter.doFilter(PagerFilter.java:37)
	at org.mortbay.jetty.servlet.ServletHandler$CachedChain.doFilter(ServletHandler.java:1212)
	at org.springframework.web.filter.CharacterEncodingFilter.doFilterInternal(CharacterEncodingFilter.java:88)
	at org.springframework.web.filter.OncePerRequestFilter.doFilter(OncePerRequestFilter.java:107)
	at org.mortbay.jetty.servlet.ServletHandler$CachedChain.doFilter(ServletHandler.java:1212)
	at cn.newcapec.framework.core.filter.RequestEncodeFilter.doFilter(RequestEncodeFilter.java:63)
	at org.mortbay.jetty.servlet.ServletHandler$CachedChain.doFilter(ServletHandler.java:1212)
	at org.springframework.orm.hibernate3.support.OpenSessionInViewFilter.doFilterInternal(OpenSessionInViewFilter.java:230)
	at org.springframework.web.filter.OncePerRequestFilter.doFilter(OncePerRequestFilter.java:107)
	at org.mortbay.jetty.servlet.ServletHandler$CachedChain.doFilter(ServletHandler.java:1212)
	at org.mortbay.jetty.servlet.ServletHandler.handle(ServletHandler.java:399)
	at org.mortbay.jetty.security.SecurityHandler.handle(SecurityHandler.java:216)
	at org.mortbay.jetty.servlet.SessionHandler.handle(SessionHandler.java:182)
	at org.mortbay.jetty.handler.ContextHandler.handle(ContextHandler.java:766)
	at org.mortbay.jetty.webapp.WebAppContext.handle(WebAppContext.java:450)
	at org.mortbay.jetty.handler.HandlerWrapper.handle(HandlerWrapper.java:152)
	at org.mortbay.jetty.Server.handle(Server.java:326)
	at org.mortbay.jetty.HttpConnection.handleRequest(HttpConnection.java:542)
	at org.mortbay.jetty.HttpConnection$RequestHandler.headerComplete(HttpConnection.java:928)
	at org.mortbay.jetty.HttpParser.parseNext(HttpParser.java:549)
	at org.mortbay.jetty.HttpParser.parseAvailable(HttpParser.java:212)
	at org.mortbay.jetty.HttpConnection.handle(HttpConnection.java:404)
	at org.mortbay.io.nio.SelectChannelEndPoint.run(SelectChannelEndPoint.java:410)
	at org.mortbay.thread.QueuedThreadPool$PoolThread.run(QueuedThreadPool.java:582)
Caused by: java.io.IOException: 远程主机强迫关闭了一个现有的连接。
	at sun.nio.ch.SocketDispatcher.writev0(Native Method)
	at sun.nio.ch.SocketDispatcher.writev(SocketDispatcher.java:55)
	at sun.nio.ch.IOUtil.write(IOUtil.java:148)
	at sun.nio.ch.SocketChannelImpl.write(SocketChannelImpl.java:524)
	at java.nio.channels.SocketChannel.write(SocketChannel.java:493)
	at org.mortbay.io.nio.ChannelEndPoint.flush(ChannelEndPoint.java:233)
	at org.mortbay.io.nio.SelectChannelEndPoint.flush(SelectChannelEndPoint.java:211)
	at org.mortbay.jetty.HttpGenerator.flush(HttpGenerator.java:714)
	... 42 more

[INFO ] [2014-03-13 17:12:25] postHandle (NspApplicationContextInterceptor.java:42) 
 viewName : foundation/student/pagelet/v1.0/addStuUI
[ERROR] [2014-03-13 17:12:25] resolveException (SystemExceptionHandler.java:52) 
 org.mortbay.jetty.EofException
	at org.mortbay.jetty.HttpGenerator.flush(HttpGenerator.java:791)
	at org.mortbay.jetty.AbstractGenerator$Output.flush(AbstractGenerator.java:569)
	at org.mortbay.jetty.HttpConnection$Output.flush(HttpConnection.java:1012)
	at org.mortbay.jetty.AbstractGenerator$Output.write(AbstractGenerator.java:655)
	at org.mortbay.jetty.AbstractGenerator$Output.write(AbstractGenerator.java:580)
	at org.springframework.util.StreamUtils.copy(StreamUtils.java:125)
	at org.springframework.util.FileCopyUtils.copy(FileCopyUtils.java:109)
	at org.springframework.web.servlet.resource.ResourceHttpRequestHandler.writeContent(ResourceHttpRequestHandler.java:252)
	at org.springframework.web.servlet.resource.ResourceHttpRequestHandler.handleRequest(ResourceHttpRequestHandler.java:153)
	at org.springframework.web.servlet.mvc.HttpRequestHandlerAdapter.handle(HttpRequestHandlerAdapter.java:49)
	at org.springframework.web.servlet.DispatcherServlet.doDispatch(DispatcherServlet.java:925)
	at org.springframework.web.servlet.DispatcherServlet.doService(DispatcherServlet.java:856)
	at org.springframework.web.servlet.FrameworkServlet.processRequest(FrameworkServlet.java:936)
	at org.springframework.web.servlet.FrameworkServlet.doGet(FrameworkServlet.java:827)
	at javax.servlet.http.HttpServlet.service(HttpServlet.java:707)
	at org.springframework.web.servlet.FrameworkServlet.service(FrameworkServlet.java:812)
	at javax.servlet.http.HttpServlet.service(HttpServlet.java:820)
	at org.mortbay.jetty.servlet.ServletHolder.handle(ServletHolder.java:511)
	at org.mortbay.jetty.servlet.ServletHandler$CachedChain.doFilter(ServletHandler.java:1221)
	at cn.newcapec.framework.core.filter.PagerFilter.doFilter(PagerFilter.java:37)
	at org.mortbay.jetty.servlet.ServletHandler$CachedChain.doFilter(ServletHandler.java:1212)
	at org.springframework.web.filter.CharacterEncodingFilter.doFilterInternal(CharacterEncodingFilter.java:88)
	at org.springframework.web.filter.OncePerRequestFilter.doFilter(OncePerRequestFilter.java:107)
	at org.mortbay.jetty.servlet.ServletHandler$CachedChain.doFilter(ServletHandler.java:1212)
	at cn.newcapec.framework.core.filter.RequestEncodeFilter.doFilter(RequestEncodeFilter.java:63)
	at org.mortbay.jetty.servlet.ServletHandler$CachedChain.doFilter(ServletHandler.java:1212)
	at org.springframework.orm.hibernate3.support.OpenSessionInViewFilter.doFilterInternal(OpenSessionInViewFilter.java:230)
	at org.springframework.web.filter.OncePerRequestFilter.doFilter(OncePerRequestFilter.java:107)
	at org.mortbay.jetty.servlet.ServletHandler$CachedChain.doFilter(ServletHandler.java:1212)
	at org.mortbay.jetty.servlet.ServletHandler.handle(ServletHandler.java:399)
	at org.mortbay.jetty.security.SecurityHandler.handle(SecurityHandler.java:216)
	at org.mortbay.jetty.servlet.SessionHandler.handle(SessionHandler.java:182)
	at org.mortbay.jetty.handler.ContextHandler.handle(ContextHandler.java:766)
	at org.mortbay.jetty.webapp.WebAppContext.handle(WebAppContext.java:450)
	at org.mortbay.jetty.handler.HandlerWrapper.handle(HandlerWrapper.java:152)
	at org.mortbay.jetty.Server.handle(Server.java:326)
	at org.mortbay.jetty.HttpConnection.handleRequest(HttpConnection.java:542)
	at org.mortbay.jetty.HttpConnection$RequestHandler.headerComplete(HttpConnection.java:928)
	at org.mortbay.jetty.HttpParser.parseNext(HttpParser.java:549)
	at org.mortbay.jetty.HttpParser.parseAvailable(HttpParser.java:212)
	at org.mortbay.jetty.HttpConnection.handle(HttpConnection.java:404)
	at org.mortbay.io.nio.SelectChannelEndPoint.run(SelectChannelEndPoint.java:410)
	at org.mortbay.thread.QueuedThreadPool$PoolThread.run(QueuedThreadPool.java:582)
Caused by: java.io.IOException: 远程主机强迫关闭了一个现有的连接。
	at sun.nio.ch.SocketDispatcher.writev0(Native Method)
	at sun.nio.ch.SocketDispatcher.writev(SocketDispatcher.java:55)
	at sun.nio.ch.IOUtil.write(IOUtil.java:148)
	at sun.nio.ch.SocketChannelImpl.write(SocketChannelImpl.java:524)
	at java.nio.channels.SocketChannel.write(SocketChannel.java:493)
	at org.mortbay.io.nio.ChannelEndPoint.flush(ChannelEndPoint.java:233)
	at org.mortbay.io.nio.SelectChannelEndPoint.flush(SelectChannelEndPoint.java:211)
	at org.mortbay.jetty.HttpGenerator.flush(HttpGenerator.java:714)
	... 42 more

[INFO ] [2014-03-13 17:12:38] postHandle (NspApplicationContextInterceptor.java:42) 
 viewName : foundation/student/pagelet/v1.0/stu_list_grid
[ERROR] [2014-03-13 17:12:38] logVelocityMessage (CommonsLoggingLogSystem.java:49) 
 ResourceManager : unable to find resource 'foundation/student/pagelet/v1.0/stu_list_grid.html.html' in any resource loader.
[ERROR] [2014-03-13 17:12:38] logVelocityMessage (CommonsLoggingLogSystem.java:49) 
 #parse() null argument
[INFO ] [2014-03-13 17:12:38] logVelocityMessage (CommonsLoggingLogSystem.java:55) 
 Could not determine type of iterator in #foreach loop at foundation/student/pagelet/v1.0/stu_list_grid.html [line 0, column 0]
[INFO ] [2014-03-13 17:16:55] postHandle (NspApplicationContextInterceptor.java:42) 
 viewName : foundation/student/pagelet/v1.0/stu_list
[ERROR] [2014-03-13 17:16:55] logVelocityMessage (CommonsLoggingLogSystem.java:49) 
 #parse() null argument
[INFO ] [2014-03-13 17:16:55] logVelocityMessage (CommonsLoggingLogSystem.java:55) 
 Could not determine type of iterator in #foreach loop at foundation/student/pagelet/v1.0/stu_list_grid.html [line 0, column 0]
[INFO ] [2014-03-13 17:21:49] postHandle (NspApplicationContextInterceptor.java:42) 
 viewName : foundation/student/pagelet/v1.0/stu_list
[ERROR] [2014-03-13 17:21:49] logVelocityMessage (CommonsLoggingLogSystem.java:49) 
 #parse() null argument
[INFO ] [2014-03-13 17:21:49] logVelocityMessage (CommonsLoggingLogSystem.java:55) 
 Could not determine type of iterator in #foreach loop at foundation/student/pagelet/v1.0/stu_list_grid.html [line 0, column 0]
[INFO ] [2014-03-13 17:21:50] postHandle (NspApplicationContextInterceptor.java:42) 
 viewName : foundation/student/pagelet/v1.0/stu_list
[ERROR] [2014-03-13 17:21:50] logVelocityMessage (CommonsLoggingLogSystem.java:49) 
 #parse() null argument
[INFO ] [2014-03-13 17:21:50] logVelocityMessage (CommonsLoggingLogSystem.java:55) 
 Could not determine type of iterator in #foreach loop at foundation/student/pagelet/v1.0/stu_list_grid.html [line 0, column 0]
