[INFO ] [2013-12-31 16:32:39] init (DefaultLocalCache.java:73) 
 DefaultCache CheckService is start!
[ERROR] [2013-12-31 16:33:09] getRepresentation (ExceptionStatusService.java:43) 
 The server has not found anything matching the request URI
[INFO ] [2013-12-31 16:35:09] init (BaseResource.java:118) 
 method[GET] call!
[INFO ] [2013-12-31 16:35:09] <clinit> (TemplateEngine.java:23) 
 templatePath:/D:/eclipse4.2/nsp/src/main/webapp/
[INFO ] [2013-12-31 16:35:17] init (BaseResource.java:118) 
 method[POST] call!
[INFO ] [2013-12-31 16:35:17] init (BaseResource.java:118) 
 method[GET] call!
[INFO ] [2013-12-31 16:35:18] init (BaseResource.java:118) 
 method[GET] call!
[INFO ] [2013-12-31 16:35:25] init (BaseResource.java:118) 
 method[GET] call!
[INFO ] [2013-12-31 16:36:20] init (BaseResource.java:118) 
 method[GET] call!
[INFO ] [2013-12-31 16:37:08] init (BaseResource.java:118) 
 method[GET] call!
[INFO ] [2013-12-31 16:45:01] init (DefaultLocalCache.java:73) 
 DefaultCache CheckService is start!
[INFO ] [2013-12-31 16:45:12] init (BaseResource.java:118) 
 method[GET] call!
[ERROR] [2013-12-31 16:45:12] index (TraditionResource.java:135) 
 cn.newcapec.framework.core.exception.BaseException: 系统登录失败！
	at cn.newcapec.function.citycard.platform.portal.rest.TraditionResource.index(TraditionResource.java:131)
	at sun.reflect.NativeMethodAccessorImpl.invoke0(Native Method)
	at sun.reflect.NativeMethodAccessorImpl.invoke(NativeMethodAccessorImpl.java:57)
	at sun.reflect.DelegatingMethodAccessorImpl.invoke(DelegatingMethodAccessorImpl.java:43)
	at java.lang.reflect.Method.invoke(Method.java:606)
	at cn.newcapec.framework.core.rest.BaseResource.callMethod(BaseResource.java:345)
	at cn.newcapec.framework.core.rest.BaseResource.handleGet(BaseResource.java:205)
	at org.restlet.Finder.handle(Finder.java:353)
	at org.restlet.Filter.doHandle(Filter.java:150)
	at org.restlet.Filter.handle(Filter.java:195)
	at org.restlet.Router.handle(Router.java:504)
	at org.restlet.Filter.doHandle(Filter.java:150)
	at org.restlet.Filter.handle(Filter.java:195)
	at org.restlet.Router.handle(Router.java:504)
	at org.restlet.Filter.doHandle(Filter.java:150)
	at org.restlet.Filter.handle(Filter.java:195)
	at org.restlet.Filter.doHandle(Filter.java:150)
	at org.restlet.Filter.handle(Filter.java:195)
	at org.restlet.Filter.doHandle(Filter.java:150)
	at com.noelios.restlet.StatusFilter.doHandle(StatusFilter.java:130)
	at org.restlet.Filter.handle(Filter.java:195)
	at org.restlet.Filter.doHandle(Filter.java:150)
	at org.restlet.Filter.handle(Filter.java:195)
	at com.noelios.restlet.ChainHelper.handle(ChainHelper.java:124)
	at com.noelios.restlet.application.ApplicationHelper.handle(ApplicationHelper.java:112)
	at org.restlet.Application.handle(Application.java:341)
	at org.restlet.Filter.doHandle(Filter.java:150)
	at org.restlet.Filter.handle(Filter.java:195)
	at org.restlet.Router.handle(Router.java:504)
	at org.restlet.Filter.doHandle(Filter.java:150)
	at org.restlet.Filter.handle(Filter.java:195)
	at org.restlet.Router.handle(Router.java:504)
	at org.restlet.Filter.doHandle(Filter.java:150)
	at com.noelios.restlet.StatusFilter.doHandle(StatusFilter.java:130)
	at org.restlet.Filter.handle(Filter.java:195)
	at org.restlet.Filter.doHandle(Filter.java:150)
	at org.restlet.Filter.handle(Filter.java:195)
	at com.noelios.restlet.ChainHelper.handle(ChainHelper.java:124)
	at org.restlet.Component.handle(Component.java:673)
	at org.restlet.Server.handle(Server.java:331)
	at com.noelios.restlet.ServerHelper.handle(ServerHelper.java:68)
	at com.noelios.restlet.http.HttpServerHelper.handle(HttpServerHelper.java:147)
	at com.noelios.restlet.ext.servlet.ServerServlet.service(ServerServlet.java:881)
	at javax.servlet.http.HttpServlet.service(HttpServlet.java:820)
	at org.eclipse.jetty.servlet.ServletHolder.handle(ServletHolder.java:565)
	at org.eclipse.jetty.servlet.ServletHandler$CachedChain.doFilter(ServletHandler.java:1360)
	at cn.newcapec.framework.core.filter.PagerFilter.doFilter(PagerFilter.java:24)
	at org.eclipse.jetty.servlet.ServletHandler$CachedChain.doFilter(ServletHandler.java:1331)
	at org.springframework.web.filter.CharacterEncodingFilter.doFilterInternal(CharacterEncodingFilter.java:88)
	at org.springframework.web.filter.OncePerRequestFilter.doFilter(OncePerRequestFilter.java:107)
	at org.eclipse.jetty.servlet.ServletHandler$CachedChain.doFilter(ServletHandler.java:1331)
	at cn.newcapec.framework.core.filter.RequestEncodeFilter.doFilter(RequestEncodeFilter.java:63)
	at org.eclipse.jetty.servlet.ServletHandler$CachedChain.doFilter(ServletHandler.java:1331)
	at org.springframework.orm.hibernate3.support.OpenSessionInViewFilter.doFilterInternal(OpenSessionInViewFilter.java:230)
	at org.springframework.web.filter.OncePerRequestFilter.doFilter(OncePerRequestFilter.java:107)
	at org.eclipse.jetty.servlet.ServletHandler$CachedChain.doFilter(ServletHandler.java:1331)
	at org.eclipse.jetty.servlet.ServletHandler.doHandle(ServletHandler.java:477)
	at org.eclipse.jetty.server.handler.ScopedHandler.handle(ScopedHandler.java:119)
	at org.eclipse.jetty.security.SecurityHandler.handle(SecurityHandler.java:524)
	at org.eclipse.jetty.server.session.SessionHandler.doHandle(SessionHandler.java:227)
	at org.eclipse.jetty.server.handler.ContextHandler.doHandle(ContextHandler.java:1031)
	at org.eclipse.jetty.servlet.ServletHandler.doScope(ServletHandler.java:406)
	at org.eclipse.jetty.server.session.SessionHandler.doScope(SessionHandler.java:186)
	at org.eclipse.jetty.server.handler.ContextHandler.doScope(ContextHandler.java:965)
	at org.eclipse.jetty.server.handler.ScopedHandler.handle(ScopedHandler.java:117)
	at org.eclipse.jetty.server.handler.HandlerWrapper.handle(HandlerWrapper.java:111)
	at org.eclipse.jetty.server.Server.handle(Server.java:349)
	at org.eclipse.jetty.server.AbstractHttpConnection.handleRequest(AbstractHttpConnection.java:452)
	at org.eclipse.jetty.server.AbstractHttpConnection.headerComplete(AbstractHttpConnection.java:884)
	at org.eclipse.jetty.server.AbstractHttpConnection$RequestHandler.headerComplete(AbstractHttpConnection.java:938)
	at org.eclipse.jetty.http.HttpParser.parseNext(HttpParser.java:634)
	at org.eclipse.jetty.http.HttpParser.parseAvailable(HttpParser.java:230)
	at org.eclipse.jetty.server.AsyncHttpConnection.handle(AsyncHttpConnection.java:77)
	at org.eclipse.jetty.io.nio.SelectChannelEndPoint.handle(SelectChannelEndPoint.java:609)
	at org.eclipse.jetty.io.nio.SelectChannelEndPoint$1.run(SelectChannelEndPoint.java:45)
	at org.eclipse.jetty.util.thread.QueuedThreadPool.runJob(QueuedThreadPool.java:599)
	at org.eclipse.jetty.util.thread.QueuedThreadPool$3.run(QueuedThreadPool.java:534)
	at java.lang.Thread.run(Thread.java:744)

[ERROR] [2013-12-31 16:45:12] callMethod (BaseResource.java:361) 
 java.lang.reflect.InvocationTargetException
	at sun.reflect.NativeMethodAccessorImpl.invoke0(Native Method)
	at sun.reflect.NativeMethodAccessorImpl.invoke(NativeMethodAccessorImpl.java:57)
	at sun.reflect.DelegatingMethodAccessorImpl.invoke(DelegatingMethodAccessorImpl.java:43)
	at java.lang.reflect.Method.invoke(Method.java:606)
	at cn.newcapec.framework.core.rest.BaseResource.callMethod(BaseResource.java:345)
	at cn.newcapec.framework.core.rest.BaseResource.handleGet(BaseResource.java:205)
	at org.restlet.Finder.handle(Finder.java:353)
	at org.restlet.Filter.doHandle(Filter.java:150)
	at org.restlet.Filter.handle(Filter.java:195)
	at org.restlet.Router.handle(Router.java:504)
	at org.restlet.Filter.doHandle(Filter.java:150)
	at org.restlet.Filter.handle(Filter.java:195)
	at org.restlet.Router.handle(Router.java:504)
	at org.restlet.Filter.doHandle(Filter.java:150)
	at org.restlet.Filter.handle(Filter.java:195)
	at org.restlet.Filter.doHandle(Filter.java:150)
	at org.restlet.Filter.handle(Filter.java:195)
	at org.restlet.Filter.doHandle(Filter.java:150)
	at com.noelios.restlet.StatusFilter.doHandle(StatusFilter.java:130)
	at org.restlet.Filter.handle(Filter.java:195)
	at org.restlet.Filter.doHandle(Filter.java:150)
	at org.restlet.Filter.handle(Filter.java:195)
	at com.noelios.restlet.ChainHelper.handle(ChainHelper.java:124)
	at com.noelios.restlet.application.ApplicationHelper.handle(ApplicationHelper.java:112)
	at org.restlet.Application.handle(Application.java:341)
	at org.restlet.Filter.doHandle(Filter.java:150)
	at org.restlet.Filter.handle(Filter.java:195)
	at org.restlet.Router.handle(Router.java:504)
	at org.restlet.Filter.doHandle(Filter.java:150)
	at org.restlet.Filter.handle(Filter.java:195)
	at org.restlet.Router.handle(Router.java:504)
	at org.restlet.Filter.doHandle(Filter.java:150)
	at com.noelios.restlet.StatusFilter.doHandle(StatusFilter.java:130)
	at org.restlet.Filter.handle(Filter.java:195)
	at org.restlet.Filter.doHandle(Filter.java:150)
	at org.restlet.Filter.handle(Filter.java:195)
	at com.noelios.restlet.ChainHelper.handle(ChainHelper.java:124)
	at org.restlet.Component.handle(Component.java:673)
	at org.restlet.Server.handle(Server.java:331)
	at com.noelios.restlet.ServerHelper.handle(ServerHelper.java:68)
	at com.noelios.restlet.http.HttpServerHelper.handle(HttpServerHelper.java:147)
	at com.noelios.restlet.ext.servlet.ServerServlet.service(ServerServlet.java:881)
	at javax.servlet.http.HttpServlet.service(HttpServlet.java:820)
	at org.eclipse.jetty.servlet.ServletHolder.handle(ServletHolder.java:565)
	at org.eclipse.jetty.servlet.ServletHandler$CachedChain.doFilter(ServletHandler.java:1360)
	at cn.newcapec.framework.core.filter.PagerFilter.doFilter(PagerFilter.java:24)
	at org.eclipse.jetty.servlet.ServletHandler$CachedChain.doFilter(ServletHandler.java:1331)
	at org.springframework.web.filter.CharacterEncodingFilter.doFilterInternal(CharacterEncodingFilter.java:88)
	at org.springframework.web.filter.OncePerRequestFilter.doFilter(OncePerRequestFilter.java:107)
	at org.eclipse.jetty.servlet.ServletHandler$CachedChain.doFilter(ServletHandler.java:1331)
	at cn.newcapec.framework.core.filter.RequestEncodeFilter.doFilter(RequestEncodeFilter.java:63)
	at org.eclipse.jetty.servlet.ServletHandler$CachedChain.doFilter(ServletHandler.java:1331)
	at org.springframework.orm.hibernate3.support.OpenSessionInViewFilter.doFilterInternal(OpenSessionInViewFilter.java:230)
	at org.springframework.web.filter.OncePerRequestFilter.doFilter(OncePerRequestFilter.java:107)
	at org.eclipse.jetty.servlet.ServletHandler$CachedChain.doFilter(ServletHandler.java:1331)
	at org.eclipse.jetty.servlet.ServletHandler.doHandle(ServletHandler.java:477)
	at org.eclipse.jetty.server.handler.ScopedHandler.handle(ScopedHandler.java:119)
	at org.eclipse.jetty.security.SecurityHandler.handle(SecurityHandler.java:524)
	at org.eclipse.jetty.server.session.SessionHandler.doHandle(SessionHandler.java:227)
	at org.eclipse.jetty.server.handler.ContextHandler.doHandle(ContextHandler.java:1031)
	at org.eclipse.jetty.servlet.ServletHandler.doScope(ServletHandler.java:406)
	at org.eclipse.jetty.server.session.SessionHandler.doScope(SessionHandler.java:186)
	at org.eclipse.jetty.server.handler.ContextHandler.doScope(ContextHandler.java:965)
	at org.eclipse.jetty.server.handler.ScopedHandler.handle(ScopedHandler.java:117)
	at org.eclipse.jetty.server.handler.HandlerWrapper.handle(HandlerWrapper.java:111)
	at org.eclipse.jetty.server.Server.handle(Server.java:349)
	at org.eclipse.jetty.server.AbstractHttpConnection.handleRequest(AbstractHttpConnection.java:452)
	at org.eclipse.jetty.server.AbstractHttpConnection.headerComplete(AbstractHttpConnection.java:884)
	at org.eclipse.jetty.server.AbstractHttpConnection$RequestHandler.headerComplete(AbstractHttpConnection.java:938)
	at org.eclipse.jetty.http.HttpParser.parseNext(HttpParser.java:634)
	at org.eclipse.jetty.http.HttpParser.parseAvailable(HttpParser.java:230)
	at org.eclipse.jetty.server.AsyncHttpConnection.handle(AsyncHttpConnection.java:77)
	at org.eclipse.jetty.io.nio.SelectChannelEndPoint.handle(SelectChannelEndPoint.java:609)
	at org.eclipse.jetty.io.nio.SelectChannelEndPoint$1.run(SelectChannelEndPoint.java:45)
	at org.eclipse.jetty.util.thread.QueuedThreadPool.runJob(QueuedThreadPool.java:599)
	at org.eclipse.jetty.util.thread.QueuedThreadPool$3.run(QueuedThreadPool.java:534)
	at java.lang.Thread.run(Thread.java:744)
Caused by: cn.newcapec.framework.core.exception.BaseException: 系统登录失败！
	at cn.newcapec.function.citycard.platform.portal.rest.TraditionResource.index(TraditionResource.java:131)
	... 77 more

[ERROR] [2013-12-31 16:45:12] callMethod (BaseResource.java:366) 
 java.lang.reflect.InvocationTargetException
	at sun.reflect.NativeMethodAccessorImpl.invoke0(Native Method)
	at sun.reflect.NativeMethodAccessorImpl.invoke(NativeMethodAccessorImpl.java:57)
	at sun.reflect.DelegatingMethodAccessorImpl.invoke(DelegatingMethodAccessorImpl.java:43)
	at java.lang.reflect.Method.invoke(Method.java:606)
	at cn.newcapec.framework.core.rest.BaseResource.callMethod(BaseResource.java:345)
	at cn.newcapec.framework.core.rest.BaseResource.handleGet(BaseResource.java:205)
	at org.restlet.Finder.handle(Finder.java:353)
	at org.restlet.Filter.doHandle(Filter.java:150)
	at org.restlet.Filter.handle(Filter.java:195)
	at org.restlet.Router.handle(Router.java:504)
	at org.restlet.Filter.doHandle(Filter.java:150)
	at org.restlet.Filter.handle(Filter.java:195)
	at org.restlet.Router.handle(Router.java:504)
	at org.restlet.Filter.doHandle(Filter.java:150)
	at org.restlet.Filter.handle(Filter.java:195)
	at org.restlet.Filter.doHandle(Filter.java:150)
	at org.restlet.Filter.handle(Filter.java:195)
	at org.restlet.Filter.doHandle(Filter.java:150)
	at com.noelios.restlet.StatusFilter.doHandle(StatusFilter.java:130)
	at org.restlet.Filter.handle(Filter.java:195)
	at org.restlet.Filter.doHandle(Filter.java:150)
	at org.restlet.Filter.handle(Filter.java:195)
	at com.noelios.restlet.ChainHelper.handle(ChainHelper.java:124)
	at com.noelios.restlet.application.ApplicationHelper.handle(ApplicationHelper.java:112)
	at org.restlet.Application.handle(Application.java:341)
	at org.restlet.Filter.doHandle(Filter.java:150)
	at org.restlet.Filter.handle(Filter.java:195)
	at org.restlet.Router.handle(Router.java:504)
	at org.restlet.Filter.doHandle(Filter.java:150)
	at org.restlet.Filter.handle(Filter.java:195)
	at org.restlet.Router.handle(Router.java:504)
	at org.restlet.Filter.doHandle(Filter.java:150)
	at com.noelios.restlet.StatusFilter.doHandle(StatusFilter.java:130)
	at org.restlet.Filter.handle(Filter.java:195)
	at org.restlet.Filter.doHandle(Filter.java:150)
	at org.restlet.Filter.handle(Filter.java:195)
	at com.noelios.restlet.ChainHelper.handle(ChainHelper.java:124)
	at org.restlet.Component.handle(Component.java:673)
	at org.restlet.Server.handle(Server.java:331)
	at com.noelios.restlet.ServerHelper.handle(ServerHelper.java:68)
	at com.noelios.restlet.http.HttpServerHelper.handle(HttpServerHelper.java:147)
	at com.noelios.restlet.ext.servlet.ServerServlet.service(ServerServlet.java:881)
	at javax.servlet.http.HttpServlet.service(HttpServlet.java:820)
	at org.eclipse.jetty.servlet.ServletHolder.handle(ServletHolder.java:565)
	at org.eclipse.jetty.servlet.ServletHandler$CachedChain.doFilter(ServletHandler.java:1360)
	at cn.newcapec.framework.core.filter.PagerFilter.doFilter(PagerFilter.java:24)
	at org.eclipse.jetty.servlet.ServletHandler$CachedChain.doFilter(ServletHandler.java:1331)
	at org.springframework.web.filter.CharacterEncodingFilter.doFilterInternal(CharacterEncodingFilter.java:88)
	at org.springframework.web.filter.OncePerRequestFilter.doFilter(OncePerRequestFilter.java:107)
	at org.eclipse.jetty.servlet.ServletHandler$CachedChain.doFilter(ServletHandler.java:1331)
	at cn.newcapec.framework.core.filter.RequestEncodeFilter.doFilter(RequestEncodeFilter.java:63)
	at org.eclipse.jetty.servlet.ServletHandler$CachedChain.doFilter(ServletHandler.java:1331)
	at org.springframework.orm.hibernate3.support.OpenSessionInViewFilter.doFilterInternal(OpenSessionInViewFilter.java:230)
	at org.springframework.web.filter.OncePerRequestFilter.doFilter(OncePerRequestFilter.java:107)
	at org.eclipse.jetty.servlet.ServletHandler$CachedChain.doFilter(ServletHandler.java:1331)
	at org.eclipse.jetty.servlet.ServletHandler.doHandle(ServletHandler.java:477)
	at org.eclipse.jetty.server.handler.ScopedHandler.handle(ScopedHandler.java:119)
	at org.eclipse.jetty.security.SecurityHandler.handle(SecurityHandler.java:524)
	at org.eclipse.jetty.server.session.SessionHandler.doHandle(SessionHandler.java:227)
	at org.eclipse.jetty.server.handler.ContextHandler.doHandle(ContextHandler.java:1031)
	at org.eclipse.jetty.servlet.ServletHandler.doScope(ServletHandler.java:406)
	at org.eclipse.jetty.server.session.SessionHandler.doScope(SessionHandler.java:186)
	at org.eclipse.jetty.server.handler.ContextHandler.doScope(ContextHandler.java:965)
	at org.eclipse.jetty.server.handler.ScopedHandler.handle(ScopedHandler.java:117)
	at org.eclipse.jetty.server.handler.HandlerWrapper.handle(HandlerWrapper.java:111)
	at org.eclipse.jetty.server.Server.handle(Server.java:349)
	at org.eclipse.jetty.server.AbstractHttpConnection.handleRequest(AbstractHttpConnection.java:452)
	at org.eclipse.jetty.server.AbstractHttpConnection.headerComplete(AbstractHttpConnection.java:884)
	at org.eclipse.jetty.server.AbstractHttpConnection$RequestHandler.headerComplete(AbstractHttpConnection.java:938)
	at org.eclipse.jetty.http.HttpParser.parseNext(HttpParser.java:634)
	at org.eclipse.jetty.http.HttpParser.parseAvailable(HttpParser.java:230)
	at org.eclipse.jetty.server.AsyncHttpConnection.handle(AsyncHttpConnection.java:77)
	at org.eclipse.jetty.io.nio.SelectChannelEndPoint.handle(SelectChannelEndPoint.java:609)
	at org.eclipse.jetty.io.nio.SelectChannelEndPoint$1.run(SelectChannelEndPoint.java:45)
	at org.eclipse.jetty.util.thread.QueuedThreadPool.runJob(QueuedThreadPool.java:599)
	at org.eclipse.jetty.util.thread.QueuedThreadPool$3.run(QueuedThreadPool.java:534)
	at java.lang.Thread.run(Thread.java:744)
Caused by: cn.newcapec.framework.core.exception.BaseException: 系统登录失败！
	at cn.newcapec.function.citycard.platform.portal.rest.TraditionResource.index(TraditionResource.java:131)
	... 77 more

[INFO ] [2013-12-31 16:45:18] init (BaseResource.java:118) 
 method[POST] call!
[INFO ] [2013-12-31 16:45:18] init (BaseResource.java:118) 
 method[GET] call!
[INFO ] [2013-12-31 16:45:18] <clinit> (TemplateEngine.java:23) 
 templatePath:/D:/eclipse4.2/nsp/src/main/webapp/
[INFO ] [2013-12-31 16:45:18] init (BaseResource.java:118) 
 method[GET] call!
[INFO ] [2013-12-31 16:45:20] init (BaseResource.java:118) 
 method[GET] call!
[INFO ] [2013-12-31 16:46:13] init (DefaultLocalCache.java:73) 
 DefaultCache CheckService is start!
[INFO ] [2013-12-31 16:46:18] init (BaseResource.java:118) 
 method[GET] call!
[ERROR] [2013-12-31 16:46:18] index (TraditionResource.java:135) 
 cn.newcapec.framework.core.exception.BaseException: 系统登录失败！
	at cn.newcapec.function.citycard.platform.portal.rest.TraditionResource.index(TraditionResource.java:131)
	at sun.reflect.NativeMethodAccessorImpl.invoke0(Native Method)
	at sun.reflect.NativeMethodAccessorImpl.invoke(NativeMethodAccessorImpl.java:57)
	at sun.reflect.DelegatingMethodAccessorImpl.invoke(DelegatingMethodAccessorImpl.java:43)
	at java.lang.reflect.Method.invoke(Method.java:606)
	at cn.newcapec.framework.core.rest.BaseResource.callMethod(BaseResource.java:345)
	at cn.newcapec.framework.core.rest.BaseResource.handleGet(BaseResource.java:205)
	at org.restlet.Finder.handle(Finder.java:353)
	at org.restlet.Filter.doHandle(Filter.java:150)
	at org.restlet.Filter.handle(Filter.java:195)
	at org.restlet.Router.handle(Router.java:504)
	at org.restlet.Filter.doHandle(Filter.java:150)
	at org.restlet.Filter.handle(Filter.java:195)
	at org.restlet.Router.handle(Router.java:504)
	at org.restlet.Filter.doHandle(Filter.java:150)
	at org.restlet.Filter.handle(Filter.java:195)
	at org.restlet.Filter.doHandle(Filter.java:150)
	at org.restlet.Filter.handle(Filter.java:195)
	at org.restlet.Filter.doHandle(Filter.java:150)
	at com.noelios.restlet.StatusFilter.doHandle(StatusFilter.java:130)
	at org.restlet.Filter.handle(Filter.java:195)
	at org.restlet.Filter.doHandle(Filter.java:150)
	at org.restlet.Filter.handle(Filter.java:195)
	at com.noelios.restlet.ChainHelper.handle(ChainHelper.java:124)
	at com.noelios.restlet.application.ApplicationHelper.handle(ApplicationHelper.java:112)
	at org.restlet.Application.handle(Application.java:341)
	at org.restlet.Filter.doHandle(Filter.java:150)
	at org.restlet.Filter.handle(Filter.java:195)
	at org.restlet.Router.handle(Router.java:504)
	at org.restlet.Filter.doHandle(Filter.java:150)
	at org.restlet.Filter.handle(Filter.java:195)
	at org.restlet.Router.handle(Router.java:504)
	at org.restlet.Filter.doHandle(Filter.java:150)
	at com.noelios.restlet.StatusFilter.doHandle(StatusFilter.java:130)
	at org.restlet.Filter.handle(Filter.java:195)
	at org.restlet.Filter.doHandle(Filter.java:150)
	at org.restlet.Filter.handle(Filter.java:195)
	at com.noelios.restlet.ChainHelper.handle(ChainHelper.java:124)
	at org.restlet.Component.handle(Component.java:673)
	at org.restlet.Server.handle(Server.java:331)
	at com.noelios.restlet.ServerHelper.handle(ServerHelper.java:68)
	at com.noelios.restlet.http.HttpServerHelper.handle(HttpServerHelper.java:147)
	at com.noelios.restlet.ext.servlet.ServerServlet.service(ServerServlet.java:881)
	at javax.servlet.http.HttpServlet.service(HttpServlet.java:820)
	at org.eclipse.jetty.servlet.ServletHolder.handle(ServletHolder.java:565)
	at org.eclipse.jetty.servlet.ServletHandler$CachedChain.doFilter(ServletHandler.java:1360)
	at cn.newcapec.framework.core.filter.PagerFilter.doFilter(PagerFilter.java:24)
	at org.eclipse.jetty.servlet.ServletHandler$CachedChain.doFilter(ServletHandler.java:1331)
	at org.springframework.web.filter.CharacterEncodingFilter.doFilterInternal(CharacterEncodingFilter.java:88)
	at org.springframework.web.filter.OncePerRequestFilter.doFilter(OncePerRequestFilter.java:107)
	at org.eclipse.jetty.servlet.ServletHandler$CachedChain.doFilter(ServletHandler.java:1331)
	at cn.newcapec.framework.core.filter.RequestEncodeFilter.doFilter(RequestEncodeFilter.java:63)
	at org.eclipse.jetty.servlet.ServletHandler$CachedChain.doFilter(ServletHandler.java:1331)
	at org.springframework.orm.hibernate3.support.OpenSessionInViewFilter.doFilterInternal(OpenSessionInViewFilter.java:230)
	at org.springframework.web.filter.OncePerRequestFilter.doFilter(OncePerRequestFilter.java:107)
	at org.eclipse.jetty.servlet.ServletHandler$CachedChain.doFilter(ServletHandler.java:1331)
	at org.eclipse.jetty.servlet.ServletHandler.doHandle(ServletHandler.java:477)
	at org.eclipse.jetty.server.handler.ScopedHandler.handle(ScopedHandler.java:119)
	at org.eclipse.jetty.security.SecurityHandler.handle(SecurityHandler.java:524)
	at org.eclipse.jetty.server.session.SessionHandler.doHandle(SessionHandler.java:227)
	at org.eclipse.jetty.server.handler.ContextHandler.doHandle(ContextHandler.java:1031)
	at org.eclipse.jetty.servlet.ServletHandler.doScope(ServletHandler.java:406)
	at org.eclipse.jetty.server.session.SessionHandler.doScope(SessionHandler.java:186)
	at org.eclipse.jetty.server.handler.ContextHandler.doScope(ContextHandler.java:965)
	at org.eclipse.jetty.server.handler.ScopedHandler.handle(ScopedHandler.java:117)
	at org.eclipse.jetty.server.handler.HandlerWrapper.handle(HandlerWrapper.java:111)
	at org.eclipse.jetty.server.Server.handle(Server.java:349)
	at org.eclipse.jetty.server.AbstractHttpConnection.handleRequest(AbstractHttpConnection.java:452)
	at org.eclipse.jetty.server.AbstractHttpConnection.headerComplete(AbstractHttpConnection.java:884)
	at org.eclipse.jetty.server.AbstractHttpConnection$RequestHandler.headerComplete(AbstractHttpConnection.java:938)
	at org.eclipse.jetty.http.HttpParser.parseNext(HttpParser.java:634)
	at org.eclipse.jetty.http.HttpParser.parseAvailable(HttpParser.java:230)
	at org.eclipse.jetty.server.AsyncHttpConnection.handle(AsyncHttpConnection.java:77)
	at org.eclipse.jetty.io.nio.SelectChannelEndPoint.handle(SelectChannelEndPoint.java:609)
	at org.eclipse.jetty.io.nio.SelectChannelEndPoint$1.run(SelectChannelEndPoint.java:45)
	at org.eclipse.jetty.util.thread.QueuedThreadPool.runJob(QueuedThreadPool.java:599)
	at org.eclipse.jetty.util.thread.QueuedThreadPool$3.run(QueuedThreadPool.java:534)
	at java.lang.Thread.run(Thread.java:744)

[ERROR] [2013-12-31 16:46:18] callMethod (BaseResource.java:361) 
 java.lang.reflect.InvocationTargetException
	at sun.reflect.NativeMethodAccessorImpl.invoke0(Native Method)
	at sun.reflect.NativeMethodAccessorImpl.invoke(NativeMethodAccessorImpl.java:57)
	at sun.reflect.DelegatingMethodAccessorImpl.invoke(DelegatingMethodAccessorImpl.java:43)
	at java.lang.reflect.Method.invoke(Method.java:606)
	at cn.newcapec.framework.core.rest.BaseResource.callMethod(BaseResource.java:345)
	at cn.newcapec.framework.core.rest.BaseResource.handleGet(BaseResource.java:205)
	at org.restlet.Finder.handle(Finder.java:353)
	at org.restlet.Filter.doHandle(Filter.java:150)
	at org.restlet.Filter.handle(Filter.java:195)
	at org.restlet.Router.handle(Router.java:504)
	at org.restlet.Filter.doHandle(Filter.java:150)
	at org.restlet.Filter.handle(Filter.java:195)
	at org.restlet.Router.handle(Router.java:504)
	at org.restlet.Filter.doHandle(Filter.java:150)
	at org.restlet.Filter.handle(Filter.java:195)
	at org.restlet.Filter.doHandle(Filter.java:150)
	at org.restlet.Filter.handle(Filter.java:195)
	at org.restlet.Filter.doHandle(Filter.java:150)
	at com.noelios.restlet.StatusFilter.doHandle(StatusFilter.java:130)
	at org.restlet.Filter.handle(Filter.java:195)
	at org.restlet.Filter.doHandle(Filter.java:150)
	at org.restlet.Filter.handle(Filter.java:195)
	at com.noelios.restlet.ChainHelper.handle(ChainHelper.java:124)
	at com.noelios.restlet.application.ApplicationHelper.handle(ApplicationHelper.java:112)
	at org.restlet.Application.handle(Application.java:341)
	at org.restlet.Filter.doHandle(Filter.java:150)
	at org.restlet.Filter.handle(Filter.java:195)
	at org.restlet.Router.handle(Router.java:504)
	at org.restlet.Filter.doHandle(Filter.java:150)
	at org.restlet.Filter.handle(Filter.java:195)
	at org.restlet.Router.handle(Router.java:504)
	at org.restlet.Filter.doHandle(Filter.java:150)
	at com.noelios.restlet.StatusFilter.doHandle(StatusFilter.java:130)
	at org.restlet.Filter.handle(Filter.java:195)
	at org.restlet.Filter.doHandle(Filter.java:150)
	at org.restlet.Filter.handle(Filter.java:195)
	at com.noelios.restlet.ChainHelper.handle(ChainHelper.java:124)
	at org.restlet.Component.handle(Component.java:673)
	at org.restlet.Server.handle(Server.java:331)
	at com.noelios.restlet.ServerHelper.handle(ServerHelper.java:68)
	at com.noelios.restlet.http.HttpServerHelper.handle(HttpServerHelper.java:147)
	at com.noelios.restlet.ext.servlet.ServerServlet.service(ServerServlet.java:881)
	at javax.servlet.http.HttpServlet.service(HttpServlet.java:820)
	at org.eclipse.jetty.servlet.ServletHolder.handle(ServletHolder.java:565)
	at org.eclipse.jetty.servlet.ServletHandler$CachedChain.doFilter(ServletHandler.java:1360)
	at cn.newcapec.framework.core.filter.PagerFilter.doFilter(PagerFilter.java:24)
	at org.eclipse.jetty.servlet.ServletHandler$CachedChain.doFilter(ServletHandler.java:1331)
	at org.springframework.web.filter.CharacterEncodingFilter.doFilterInternal(CharacterEncodingFilter.java:88)
	at org.springframework.web.filter.OncePerRequestFilter.doFilter(OncePerRequestFilter.java:107)
	at org.eclipse.jetty.servlet.ServletHandler$CachedChain.doFilter(ServletHandler.java:1331)
	at cn.newcapec.framework.core.filter.RequestEncodeFilter.doFilter(RequestEncodeFilter.java:63)
	at org.eclipse.jetty.servlet.ServletHandler$CachedChain.doFilter(ServletHandler.java:1331)
	at org.springframework.orm.hibernate3.support.OpenSessionInViewFilter.doFilterInternal(OpenSessionInViewFilter.java:230)
	at org.springframework.web.filter.OncePerRequestFilter.doFilter(OncePerRequestFilter.java:107)
	at org.eclipse.jetty.servlet.ServletHandler$CachedChain.doFilter(ServletHandler.java:1331)
	at org.eclipse.jetty.servlet.ServletHandler.doHandle(ServletHandler.java:477)
	at org.eclipse.jetty.server.handler.ScopedHandler.handle(ScopedHandler.java:119)
	at org.eclipse.jetty.security.SecurityHandler.handle(SecurityHandler.java:524)
	at org.eclipse.jetty.server.session.SessionHandler.doHandle(SessionHandler.java:227)
	at org.eclipse.jetty.server.handler.ContextHandler.doHandle(ContextHandler.java:1031)
	at org.eclipse.jetty.servlet.ServletHandler.doScope(ServletHandler.java:406)
	at org.eclipse.jetty.server.session.SessionHandler.doScope(SessionHandler.java:186)
	at org.eclipse.jetty.server.handler.ContextHandler.doScope(ContextHandler.java:965)
	at org.eclipse.jetty.server.handler.ScopedHandler.handle(ScopedHandler.java:117)
	at org.eclipse.jetty.server.handler.HandlerWrapper.handle(HandlerWrapper.java:111)
	at org.eclipse.jetty.server.Server.handle(Server.java:349)
	at org.eclipse.jetty.server.AbstractHttpConnection.handleRequest(AbstractHttpConnection.java:452)
	at org.eclipse.jetty.server.AbstractHttpConnection.headerComplete(AbstractHttpConnection.java:884)
	at org.eclipse.jetty.server.AbstractHttpConnection$RequestHandler.headerComplete(AbstractHttpConnection.java:938)
	at org.eclipse.jetty.http.HttpParser.parseNext(HttpParser.java:634)
	at org.eclipse.jetty.http.HttpParser.parseAvailable(HttpParser.java:230)
	at org.eclipse.jetty.server.AsyncHttpConnection.handle(AsyncHttpConnection.java:77)
	at org.eclipse.jetty.io.nio.SelectChannelEndPoint.handle(SelectChannelEndPoint.java:609)
	at org.eclipse.jetty.io.nio.SelectChannelEndPoint$1.run(SelectChannelEndPoint.java:45)
	at org.eclipse.jetty.util.thread.QueuedThreadPool.runJob(QueuedThreadPool.java:599)
	at org.eclipse.jetty.util.thread.QueuedThreadPool$3.run(QueuedThreadPool.java:534)
	at java.lang.Thread.run(Thread.java:744)
Caused by: cn.newcapec.framework.core.exception.BaseException: 系统登录失败！
	at cn.newcapec.function.citycard.platform.portal.rest.TraditionResource.index(TraditionResource.java:131)
	... 77 more

[ERROR] [2013-12-31 16:46:18] callMethod (BaseResource.java:366) 
 java.lang.reflect.InvocationTargetException
	at sun.reflect.NativeMethodAccessorImpl.invoke0(Native Method)
	at sun.reflect.NativeMethodAccessorImpl.invoke(NativeMethodAccessorImpl.java:57)
	at sun.reflect.DelegatingMethodAccessorImpl.invoke(DelegatingMethodAccessorImpl.java:43)
	at java.lang.reflect.Method.invoke(Method.java:606)
	at cn.newcapec.framework.core.rest.BaseResource.callMethod(BaseResource.java:345)
	at cn.newcapec.framework.core.rest.BaseResource.handleGet(BaseResource.java:205)
	at org.restlet.Finder.handle(Finder.java:353)
	at org.restlet.Filter.doHandle(Filter.java:150)
	at org.restlet.Filter.handle(Filter.java:195)
	at org.restlet.Router.handle(Router.java:504)
	at org.restlet.Filter.doHandle(Filter.java:150)
	at org.restlet.Filter.handle(Filter.java:195)
	at org.restlet.Router.handle(Router.java:504)
	at org.restlet.Filter.doHandle(Filter.java:150)
	at org.restlet.Filter.handle(Filter.java:195)
	at org.restlet.Filter.doHandle(Filter.java:150)
	at org.restlet.Filter.handle(Filter.java:195)
	at org.restlet.Filter.doHandle(Filter.java:150)
	at com.noelios.restlet.StatusFilter.doHandle(StatusFilter.java:130)
	at org.restlet.Filter.handle(Filter.java:195)
	at org.restlet.Filter.doHandle(Filter.java:150)
	at org.restlet.Filter.handle(Filter.java:195)
	at com.noelios.restlet.ChainHelper.handle(ChainHelper.java:124)
	at com.noelios.restlet.application.ApplicationHelper.handle(ApplicationHelper.java:112)
	at org.restlet.Application.handle(Application.java:341)
	at org.restlet.Filter.doHandle(Filter.java:150)
	at org.restlet.Filter.handle(Filter.java:195)
	at org.restlet.Router.handle(Router.java:504)
	at org.restlet.Filter.doHandle(Filter.java:150)
	at org.restlet.Filter.handle(Filter.java:195)
	at org.restlet.Router.handle(Router.java:504)
	at org.restlet.Filter.doHandle(Filter.java:150)
	at com.noelios.restlet.StatusFilter.doHandle(StatusFilter.java:130)
	at org.restlet.Filter.handle(Filter.java:195)
	at org.restlet.Filter.doHandle(Filter.java:150)
	at org.restlet.Filter.handle(Filter.java:195)
	at com.noelios.restlet.ChainHelper.handle(ChainHelper.java:124)
	at org.restlet.Component.handle(Component.java:673)
	at org.restlet.Server.handle(Server.java:331)
	at com.noelios.restlet.ServerHelper.handle(ServerHelper.java:68)
	at com.noelios.restlet.http.HttpServerHelper.handle(HttpServerHelper.java:147)
	at com.noelios.restlet.ext.servlet.ServerServlet.service(ServerServlet.java:881)
	at javax.servlet.http.HttpServlet.service(HttpServlet.java:820)
	at org.eclipse.jetty.servlet.ServletHolder.handle(ServletHolder.java:565)
	at org.eclipse.jetty.servlet.ServletHandler$CachedChain.doFilter(ServletHandler.java:1360)
	at cn.newcapec.framework.core.filter.PagerFilter.doFilter(PagerFilter.java:24)
	at org.eclipse.jetty.servlet.ServletHandler$CachedChain.doFilter(ServletHandler.java:1331)
	at org.springframework.web.filter.CharacterEncodingFilter.doFilterInternal(CharacterEncodingFilter.java:88)
	at org.springframework.web.filter.OncePerRequestFilter.doFilter(OncePerRequestFilter.java:107)
	at org.eclipse.jetty.servlet.ServletHandler$CachedChain.doFilter(ServletHandler.java:1331)
	at cn.newcapec.framework.core.filter.RequestEncodeFilter.doFilter(RequestEncodeFilter.java:63)
	at org.eclipse.jetty.servlet.ServletHandler$CachedChain.doFilter(ServletHandler.java:1331)
	at org.springframework.orm.hibernate3.support.OpenSessionInViewFilter.doFilterInternal(OpenSessionInViewFilter.java:230)
	at org.springframework.web.filter.OncePerRequestFilter.doFilter(OncePerRequestFilter.java:107)
	at org.eclipse.jetty.servlet.ServletHandler$CachedChain.doFilter(ServletHandler.java:1331)
	at org.eclipse.jetty.servlet.ServletHandler.doHandle(ServletHandler.java:477)
	at org.eclipse.jetty.server.handler.ScopedHandler.handle(ScopedHandler.java:119)
	at org.eclipse.jetty.security.SecurityHandler.handle(SecurityHandler.java:524)
	at org.eclipse.jetty.server.session.SessionHandler.doHandle(SessionHandler.java:227)
	at org.eclipse.jetty.server.handler.ContextHandler.doHandle(ContextHandler.java:1031)
	at org.eclipse.jetty.servlet.ServletHandler.doScope(ServletHandler.java:406)
	at org.eclipse.jetty.server.session.SessionHandler.doScope(SessionHandler.java:186)
	at org.eclipse.jetty.server.handler.ContextHandler.doScope(ContextHandler.java:965)
	at org.eclipse.jetty.server.handler.ScopedHandler.handle(ScopedHandler.java:117)
	at org.eclipse.jetty.server.handler.HandlerWrapper.handle(HandlerWrapper.java:111)
	at org.eclipse.jetty.server.Server.handle(Server.java:349)
	at org.eclipse.jetty.server.AbstractHttpConnection.handleRequest(AbstractHttpConnection.java:452)
	at org.eclipse.jetty.server.AbstractHttpConnection.headerComplete(AbstractHttpConnection.java:884)
	at org.eclipse.jetty.server.AbstractHttpConnection$RequestHandler.headerComplete(AbstractHttpConnection.java:938)
	at org.eclipse.jetty.http.HttpParser.parseNext(HttpParser.java:634)
	at org.eclipse.jetty.http.HttpParser.parseAvailable(HttpParser.java:230)
	at org.eclipse.jetty.server.AsyncHttpConnection.handle(AsyncHttpConnection.java:77)
	at org.eclipse.jetty.io.nio.SelectChannelEndPoint.handle(SelectChannelEndPoint.java:609)
	at org.eclipse.jetty.io.nio.SelectChannelEndPoint$1.run(SelectChannelEndPoint.java:45)
	at org.eclipse.jetty.util.thread.QueuedThreadPool.runJob(QueuedThreadPool.java:599)
	at org.eclipse.jetty.util.thread.QueuedThreadPool$3.run(QueuedThreadPool.java:534)
	at java.lang.Thread.run(Thread.java:744)
Caused by: cn.newcapec.framework.core.exception.BaseException: 系统登录失败！
	at cn.newcapec.function.citycard.platform.portal.rest.TraditionResource.index(TraditionResource.java:131)
	... 77 more

[INFO ] [2013-12-31 16:46:20] init (BaseResource.java:118) 
 method[GET] call!
[ERROR] [2013-12-31 16:46:20] index (TraditionResource.java:135) 
 cn.newcapec.framework.core.exception.BaseException: 系统登录失败！
	at cn.newcapec.function.citycard.platform.portal.rest.TraditionResource.index(TraditionResource.java:131)
	at sun.reflect.NativeMethodAccessorImpl.invoke0(Native Method)
	at sun.reflect.NativeMethodAccessorImpl.invoke(NativeMethodAccessorImpl.java:57)
	at sun.reflect.DelegatingMethodAccessorImpl.invoke(DelegatingMethodAccessorImpl.java:43)
	at java.lang.reflect.Method.invoke(Method.java:606)
	at cn.newcapec.framework.core.rest.BaseResource.callMethod(BaseResource.java:345)
	at cn.newcapec.framework.core.rest.BaseResource.handleGet(BaseResource.java:205)
	at org.restlet.Finder.handle(Finder.java:353)
	at org.restlet.Filter.doHandle(Filter.java:150)
	at org.restlet.Filter.handle(Filter.java:195)
	at org.restlet.Router.handle(Router.java:504)
	at org.restlet.Filter.doHandle(Filter.java:150)
	at org.restlet.Filter.handle(Filter.java:195)
	at org.restlet.Router.handle(Router.java:504)
	at org.restlet.Filter.doHandle(Filter.java:150)
	at org.restlet.Filter.handle(Filter.java:195)
	at org.restlet.Filter.doHandle(Filter.java:150)
	at org.restlet.Filter.handle(Filter.java:195)
	at org.restlet.Filter.doHandle(Filter.java:150)
	at com.noelios.restlet.StatusFilter.doHandle(StatusFilter.java:130)
	at org.restlet.Filter.handle(Filter.java:195)
	at org.restlet.Filter.doHandle(Filter.java:150)
	at org.restlet.Filter.handle(Filter.java:195)
	at com.noelios.restlet.ChainHelper.handle(ChainHelper.java:124)
	at com.noelios.restlet.application.ApplicationHelper.handle(ApplicationHelper.java:112)
	at org.restlet.Application.handle(Application.java:341)
	at org.restlet.Filter.doHandle(Filter.java:150)
	at org.restlet.Filter.handle(Filter.java:195)
	at org.restlet.Router.handle(Router.java:504)
	at org.restlet.Filter.doHandle(Filter.java:150)
	at org.restlet.Filter.handle(Filter.java:195)
	at org.restlet.Router.handle(Router.java:504)
	at org.restlet.Filter.doHandle(Filter.java:150)
	at com.noelios.restlet.StatusFilter.doHandle(StatusFilter.java:130)
	at org.restlet.Filter.handle(Filter.java:195)
	at org.restlet.Filter.doHandle(Filter.java:150)
	at org.restlet.Filter.handle(Filter.java:195)
	at com.noelios.restlet.ChainHelper.handle(ChainHelper.java:124)
	at org.restlet.Component.handle(Component.java:673)
	at org.restlet.Server.handle(Server.java:331)
	at com.noelios.restlet.ServerHelper.handle(ServerHelper.java:68)
	at com.noelios.restlet.http.HttpServerHelper.handle(HttpServerHelper.java:147)
	at com.noelios.restlet.ext.servlet.ServerServlet.service(ServerServlet.java:881)
	at javax.servlet.http.HttpServlet.service(HttpServlet.java:820)
	at org.eclipse.jetty.servlet.ServletHolder.handle(ServletHolder.java:565)
	at org.eclipse.jetty.servlet.ServletHandler$CachedChain.doFilter(ServletHandler.java:1360)
	at cn.newcapec.framework.core.filter.PagerFilter.doFilter(PagerFilter.java:24)
	at org.eclipse.jetty.servlet.ServletHandler$CachedChain.doFilter(ServletHandler.java:1331)
	at org.springframework.web.filter.CharacterEncodingFilter.doFilterInternal(CharacterEncodingFilter.java:88)
	at org.springframework.web.filter.OncePerRequestFilter.doFilter(OncePerRequestFilter.java:107)
	at org.eclipse.jetty.servlet.ServletHandler$CachedChain.doFilter(ServletHandler.java:1331)
	at cn.newcapec.framework.core.filter.RequestEncodeFilter.doFilter(RequestEncodeFilter.java:63)
	at org.eclipse.jetty.servlet.ServletHandler$CachedChain.doFilter(ServletHandler.java:1331)
	at org.springframework.orm.hibernate3.support.OpenSessionInViewFilter.doFilterInternal(OpenSessionInViewFilter.java:230)
	at org.springframework.web.filter.OncePerRequestFilter.doFilter(OncePerRequestFilter.java:107)
	at org.eclipse.jetty.servlet.ServletHandler$CachedChain.doFilter(ServletHandler.java:1331)
	at org.eclipse.jetty.servlet.ServletHandler.doHandle(ServletHandler.java:477)
	at org.eclipse.jetty.server.handler.ScopedHandler.handle(ScopedHandler.java:119)
	at org.eclipse.jetty.security.SecurityHandler.handle(SecurityHandler.java:524)
	at org.eclipse.jetty.server.session.SessionHandler.doHandle(SessionHandler.java:227)
	at org.eclipse.jetty.server.handler.ContextHandler.doHandle(ContextHandler.java:1031)
	at org.eclipse.jetty.servlet.ServletHandler.doScope(ServletHandler.java:406)
	at org.eclipse.jetty.server.session.SessionHandler.doScope(SessionHandler.java:186)
	at org.eclipse.jetty.server.handler.ContextHandler.doScope(ContextHandler.java:965)
	at org.eclipse.jetty.server.handler.ScopedHandler.handle(ScopedHandler.java:117)
	at org.eclipse.jetty.server.handler.HandlerWrapper.handle(HandlerWrapper.java:111)
	at org.eclipse.jetty.server.Server.handle(Server.java:349)
	at org.eclipse.jetty.server.AbstractHttpConnection.handleRequest(AbstractHttpConnection.java:452)
	at org.eclipse.jetty.server.AbstractHttpConnection.headerComplete(AbstractHttpConnection.java:884)
	at org.eclipse.jetty.server.AbstractHttpConnection$RequestHandler.headerComplete(AbstractHttpConnection.java:938)
	at org.eclipse.jetty.http.HttpParser.parseNext(HttpParser.java:634)
	at org.eclipse.jetty.http.HttpParser.parseAvailable(HttpParser.java:230)
	at org.eclipse.jetty.server.AsyncHttpConnection.handle(AsyncHttpConnection.java:77)
	at org.eclipse.jetty.io.nio.SelectChannelEndPoint.handle(SelectChannelEndPoint.java:609)
	at org.eclipse.jetty.io.nio.SelectChannelEndPoint$1.run(SelectChannelEndPoint.java:45)
	at org.eclipse.jetty.util.thread.QueuedThreadPool.runJob(QueuedThreadPool.java:599)
	at org.eclipse.jetty.util.thread.QueuedThreadPool$3.run(QueuedThreadPool.java:534)
	at java.lang.Thread.run(Thread.java:744)

[ERROR] [2013-12-31 16:46:20] callMethod (BaseResource.java:361) 
 java.lang.reflect.InvocationTargetException
	at sun.reflect.NativeMethodAccessorImpl.invoke0(Native Method)
	at sun.reflect.NativeMethodAccessorImpl.invoke(NativeMethodAccessorImpl.java:57)
	at sun.reflect.DelegatingMethodAccessorImpl.invoke(DelegatingMethodAccessorImpl.java:43)
	at java.lang.reflect.Method.invoke(Method.java:606)
	at cn.newcapec.framework.core.rest.BaseResource.callMethod(BaseResource.java:345)
	at cn.newcapec.framework.core.rest.BaseResource.handleGet(BaseResource.java:205)
	at org.restlet.Finder.handle(Finder.java:353)
	at org.restlet.Filter.doHandle(Filter.java:150)
	at org.restlet.Filter.handle(Filter.java:195)
	at org.restlet.Router.handle(Router.java:504)
	at org.restlet.Filter.doHandle(Filter.java:150)
	at org.restlet.Filter.handle(Filter.java:195)
	at org.restlet.Router.handle(Router.java:504)
	at org.restlet.Filter.doHandle(Filter.java:150)
	at org.restlet.Filter.handle(Filter.java:195)
	at org.restlet.Filter.doHandle(Filter.java:150)
	at org.restlet.Filter.handle(Filter.java:195)
	at org.restlet.Filter.doHandle(Filter.java:150)
	at com.noelios.restlet.StatusFilter.doHandle(StatusFilter.java:130)
	at org.restlet.Filter.handle(Filter.java:195)
	at org.restlet.Filter.doHandle(Filter.java:150)
	at org.restlet.Filter.handle(Filter.java:195)
	at com.noelios.restlet.ChainHelper.handle(ChainHelper.java:124)
	at com.noelios.restlet.application.ApplicationHelper.handle(ApplicationHelper.java:112)
	at org.restlet.Application.handle(Application.java:341)
	at org.restlet.Filter.doHandle(Filter.java:150)
	at org.restlet.Filter.handle(Filter.java:195)
	at org.restlet.Router.handle(Router.java:504)
	at org.restlet.Filter.doHandle(Filter.java:150)
	at org.restlet.Filter.handle(Filter.java:195)
	at org.restlet.Router.handle(Router.java:504)
	at org.restlet.Filter.doHandle(Filter.java:150)
	at com.noelios.restlet.StatusFilter.doHandle(StatusFilter.java:130)
	at org.restlet.Filter.handle(Filter.java:195)
	at org.restlet.Filter.doHandle(Filter.java:150)
	at org.restlet.Filter.handle(Filter.java:195)
	at com.noelios.restlet.ChainHelper.handle(ChainHelper.java:124)
	at org.restlet.Component.handle(Component.java:673)
	at org.restlet.Server.handle(Server.java:331)
	at com.noelios.restlet.ServerHelper.handle(ServerHelper.java:68)
	at com.noelios.restlet.http.HttpServerHelper.handle(HttpServerHelper.java:147)
	at com.noelios.restlet.ext.servlet.ServerServlet.service(ServerServlet.java:881)
	at javax.servlet.http.HttpServlet.service(HttpServlet.java:820)
	at org.eclipse.jetty.servlet.ServletHolder.handle(ServletHolder.java:565)
	at org.eclipse.jetty.servlet.ServletHandler$CachedChain.doFilter(ServletHandler.java:1360)
	at cn.newcapec.framework.core.filter.PagerFilter.doFilter(PagerFilter.java:24)
	at org.eclipse.jetty.servlet.ServletHandler$CachedChain.doFilter(ServletHandler.java:1331)
	at org.springframework.web.filter.CharacterEncodingFilter.doFilterInternal(CharacterEncodingFilter.java:88)
	at org.springframework.web.filter.OncePerRequestFilter.doFilter(OncePerRequestFilter.java:107)
	at org.eclipse.jetty.servlet.ServletHandler$CachedChain.doFilter(ServletHandler.java:1331)
	at cn.newcapec.framework.core.filter.RequestEncodeFilter.doFilter(RequestEncodeFilter.java:63)
	at org.eclipse.jetty.servlet.ServletHandler$CachedChain.doFilter(ServletHandler.java:1331)
	at org.springframework.orm.hibernate3.support.OpenSessionInViewFilter.doFilterInternal(OpenSessionInViewFilter.java:230)
	at org.springframework.web.filter.OncePerRequestFilter.doFilter(OncePerRequestFilter.java:107)
	at org.eclipse.jetty.servlet.ServletHandler$CachedChain.doFilter(ServletHandler.java:1331)
	at org.eclipse.jetty.servlet.ServletHandler.doHandle(ServletHandler.java:477)
	at org.eclipse.jetty.server.handler.ScopedHandler.handle(ScopedHandler.java:119)
	at org.eclipse.jetty.security.SecurityHandler.handle(SecurityHandler.java:524)
	at org.eclipse.jetty.server.session.SessionHandler.doHandle(SessionHandler.java:227)
	at org.eclipse.jetty.server.handler.ContextHandler.doHandle(ContextHandler.java:1031)
	at org.eclipse.jetty.servlet.ServletHandler.doScope(ServletHandler.java:406)
	at org.eclipse.jetty.server.session.SessionHandler.doScope(SessionHandler.java:186)
	at org.eclipse.jetty.server.handler.ContextHandler.doScope(ContextHandler.java:965)
	at org.eclipse.jetty.server.handler.ScopedHandler.handle(ScopedHandler.java:117)
	at org.eclipse.jetty.server.handler.HandlerWrapper.handle(HandlerWrapper.java:111)
	at org.eclipse.jetty.server.Server.handle(Server.java:349)
	at org.eclipse.jetty.server.AbstractHttpConnection.handleRequest(AbstractHttpConnection.java:452)
	at org.eclipse.jetty.server.AbstractHttpConnection.headerComplete(AbstractHttpConnection.java:884)
	at org.eclipse.jetty.server.AbstractHttpConnection$RequestHandler.headerComplete(AbstractHttpConnection.java:938)
	at org.eclipse.jetty.http.HttpParser.parseNext(HttpParser.java:634)
	at org.eclipse.jetty.http.HttpParser.parseAvailable(HttpParser.java:230)
	at org.eclipse.jetty.server.AsyncHttpConnection.handle(AsyncHttpConnection.java:77)
	at org.eclipse.jetty.io.nio.SelectChannelEndPoint.handle(SelectChannelEndPoint.java:609)
	at org.eclipse.jetty.io.nio.SelectChannelEndPoint$1.run(SelectChannelEndPoint.java:45)
	at org.eclipse.jetty.util.thread.QueuedThreadPool.runJob(QueuedThreadPool.java:599)
	at org.eclipse.jetty.util.thread.QueuedThreadPool$3.run(QueuedThreadPool.java:534)
	at java.lang.Thread.run(Thread.java:744)
Caused by: cn.newcapec.framework.core.exception.BaseException: 系统登录失败！
	at cn.newcapec.function.citycard.platform.portal.rest.TraditionResource.index(TraditionResource.java:131)
	... 77 more

[ERROR] [2013-12-31 16:46:20] callMethod (BaseResource.java:366) 
 java.lang.reflect.InvocationTargetException
	at sun.reflect.NativeMethodAccessorImpl.invoke0(Native Method)
	at sun.reflect.NativeMethodAccessorImpl.invoke(NativeMethodAccessorImpl.java:57)
	at sun.reflect.DelegatingMethodAccessorImpl.invoke(DelegatingMethodAccessorImpl.java:43)
	at java.lang.reflect.Method.invoke(Method.java:606)
	at cn.newcapec.framework.core.rest.BaseResource.callMethod(BaseResource.java:345)
	at cn.newcapec.framework.core.rest.BaseResource.handleGet(BaseResource.java:205)
	at org.restlet.Finder.handle(Finder.java:353)
	at org.restlet.Filter.doHandle(Filter.java:150)
	at org.restlet.Filter.handle(Filter.java:195)
	at org.restlet.Router.handle(Router.java:504)
	at org.restlet.Filter.doHandle(Filter.java:150)
	at org.restlet.Filter.handle(Filter.java:195)
	at org.restlet.Router.handle(Router.java:504)
	at org.restlet.Filter.doHandle(Filter.java:150)
	at org.restlet.Filter.handle(Filter.java:195)
	at org.restlet.Filter.doHandle(Filter.java:150)
	at org.restlet.Filter.handle(Filter.java:195)
	at org.restlet.Filter.doHandle(Filter.java:150)
	at com.noelios.restlet.StatusFilter.doHandle(StatusFilter.java:130)
	at org.restlet.Filter.handle(Filter.java:195)
	at org.restlet.Filter.doHandle(Filter.java:150)
	at org.restlet.Filter.handle(Filter.java:195)
	at com.noelios.restlet.ChainHelper.handle(ChainHelper.java:124)
	at com.noelios.restlet.application.ApplicationHelper.handle(ApplicationHelper.java:112)
	at org.restlet.Application.handle(Application.java:341)
	at org.restlet.Filter.doHandle(Filter.java:150)
	at org.restlet.Filter.handle(Filter.java:195)
	at org.restlet.Router.handle(Router.java:504)
	at org.restlet.Filter.doHandle(Filter.java:150)
	at org.restlet.Filter.handle(Filter.java:195)
	at org.restlet.Router.handle(Router.java:504)
	at org.restlet.Filter.doHandle(Filter.java:150)
	at com.noelios.restlet.StatusFilter.doHandle(StatusFilter.java:130)
	at org.restlet.Filter.handle(Filter.java:195)
	at org.restlet.Filter.doHandle(Filter.java:150)
	at org.restlet.Filter.handle(Filter.java:195)
	at com.noelios.restlet.ChainHelper.handle(ChainHelper.java:124)
	at org.restlet.Component.handle(Component.java:673)
	at org.restlet.Server.handle(Server.java:331)
	at com.noelios.restlet.ServerHelper.handle(ServerHelper.java:68)
	at com.noelios.restlet.http.HttpServerHelper.handle(HttpServerHelper.java:147)
	at com.noelios.restlet.ext.servlet.ServerServlet.service(ServerServlet.java:881)
	at javax.servlet.http.HttpServlet.service(HttpServlet.java:820)
	at org.eclipse.jetty.servlet.ServletHolder.handle(ServletHolder.java:565)
	at org.eclipse.jetty.servlet.ServletHandler$CachedChain.doFilter(ServletHandler.java:1360)
	at cn.newcapec.framework.core.filter.PagerFilter.doFilter(PagerFilter.java:24)
	at org.eclipse.jetty.servlet.ServletHandler$CachedChain.doFilter(ServletHandler.java:1331)
	at org.springframework.web.filter.CharacterEncodingFilter.doFilterInternal(CharacterEncodingFilter.java:88)
	at org.springframework.web.filter.OncePerRequestFilter.doFilter(OncePerRequestFilter.java:107)
	at org.eclipse.jetty.servlet.ServletHandler$CachedChain.doFilter(ServletHandler.java:1331)
	at cn.newcapec.framework.core.filter.RequestEncodeFilter.doFilter(RequestEncodeFilter.java:63)
	at org.eclipse.jetty.servlet.ServletHandler$CachedChain.doFilter(ServletHandler.java:1331)
	at org.springframework.orm.hibernate3.support.OpenSessionInViewFilter.doFilterInternal(OpenSessionInViewFilter.java:230)
	at org.springframework.web.filter.OncePerRequestFilter.doFilter(OncePerRequestFilter.java:107)
	at org.eclipse.jetty.servlet.ServletHandler$CachedChain.doFilter(ServletHandler.java:1331)
	at org.eclipse.jetty.servlet.ServletHandler.doHandle(ServletHandler.java:477)
	at org.eclipse.jetty.server.handler.ScopedHandler.handle(ScopedHandler.java:119)
	at org.eclipse.jetty.security.SecurityHandler.handle(SecurityHandler.java:524)
	at org.eclipse.jetty.server.session.SessionHandler.doHandle(SessionHandler.java:227)
	at org.eclipse.jetty.server.handler.ContextHandler.doHandle(ContextHandler.java:1031)
	at org.eclipse.jetty.servlet.ServletHandler.doScope(ServletHandler.java:406)
	at org.eclipse.jetty.server.session.SessionHandler.doScope(SessionHandler.java:186)
	at org.eclipse.jetty.server.handler.ContextHandler.doScope(ContextHandler.java:965)
	at org.eclipse.jetty.server.handler.ScopedHandler.handle(ScopedHandler.java:117)
	at org.eclipse.jetty.server.handler.HandlerWrapper.handle(HandlerWrapper.java:111)
	at org.eclipse.jetty.server.Server.handle(Server.java:349)
	at org.eclipse.jetty.server.AbstractHttpConnection.handleRequest(AbstractHttpConnection.java:452)
	at org.eclipse.jetty.server.AbstractHttpConnection.headerComplete(AbstractHttpConnection.java:884)
	at org.eclipse.jetty.server.AbstractHttpConnection$RequestHandler.headerComplete(AbstractHttpConnection.java:938)
	at org.eclipse.jetty.http.HttpParser.parseNext(HttpParser.java:634)
	at org.eclipse.jetty.http.HttpParser.parseAvailable(HttpParser.java:230)
	at org.eclipse.jetty.server.AsyncHttpConnection.handle(AsyncHttpConnection.java:77)
	at org.eclipse.jetty.io.nio.SelectChannelEndPoint.handle(SelectChannelEndPoint.java:609)
	at org.eclipse.jetty.io.nio.SelectChannelEndPoint$1.run(SelectChannelEndPoint.java:45)
	at org.eclipse.jetty.util.thread.QueuedThreadPool.runJob(QueuedThreadPool.java:599)
	at org.eclipse.jetty.util.thread.QueuedThreadPool$3.run(QueuedThreadPool.java:534)
	at java.lang.Thread.run(Thread.java:744)
Caused by: cn.newcapec.framework.core.exception.BaseException: 系统登录失败！
	at cn.newcapec.function.citycard.platform.portal.rest.TraditionResource.index(TraditionResource.java:131)
	... 77 more

[INFO ] [2013-12-31 16:46:31] init (BaseResource.java:118) 
 method[POST] call!
[INFO ] [2013-12-31 16:46:31] init (BaseResource.java:118) 
 method[GET] call!
[INFO ] [2013-12-31 16:46:31] <clinit> (TemplateEngine.java:23) 
 templatePath:/D:/eclipse4.2/nsp/src/main/webapp/
[INFO ] [2013-12-31 16:46:32] init (BaseResource.java:118) 
 method[GET] call!
[INFO ] [2013-12-31 16:46:33] init (BaseResource.java:118) 
 method[GET] call!
[INFO ] [2013-12-31 16:49:52] init (DefaultLocalCache.java:73) 
 DefaultCache CheckService is start!
[INFO ] [2013-12-31 16:50:01] init (BaseResource.java:118) 
 method[GET] call!
[INFO ] [2013-12-31 16:50:01] <clinit> (TemplateEngine.java:23) 
 templatePath:/D:/eclipse4.2/nsp/src/main/webapp/
[INFO ] [2013-12-31 16:50:03] init (BaseResource.java:118) 
 method[POST] call!
[INFO ] [2013-12-31 16:50:03] init (BaseResource.java:118) 
 method[GET] call!
[INFO ] [2013-12-31 16:50:04] init (BaseResource.java:118) 
 method[GET] call!
[INFO ] [2013-12-31 16:50:05] init (BaseResource.java:118) 
 method[GET] call!
[INFO ] [2013-12-31 16:54:42] init (DefaultLocalCache.java:73) 
 DefaultCache CheckService is start!
[INFO ] [2013-12-31 16:54:56] init (BaseResource.java:118) 
 method[POST] call!
[INFO ] [2013-12-31 16:54:56] init (BaseResource.java:118) 
 method[GET] call!
[INFO ] [2013-12-31 16:54:57] <clinit> (TemplateEngine.java:23) 
 templatePath:/D:/eclipse4.2/nsp/src/main/webapp/
[INFO ] [2013-12-31 16:54:57] init (BaseResource.java:118) 
 method[GET] call!
[INFO ] [2013-12-31 17:01:26] init (BaseResource.java:118) 
 method[GET] call!
[INFO ] [2013-12-31 17:01:26] init (BaseResource.java:118) 
 method[GET] call!
[INFO ] [2013-12-31 17:01:32] init (BaseResource.java:118) 
 method[GET] call!
[INFO ] [2013-12-31 17:08:26] init (DefaultLocalCache.java:73) 
 DefaultCache CheckService is start!
[INFO ] [2013-12-31 17:08:38] init (BaseResource.java:118) 
 method[GET] call!
[INFO ] [2013-12-31 17:08:53] <clinit> (TemplateEngine.java:23) 
 templatePath:/D:/eclipse4.2/nsp/src/main/webapp/
[INFO ] [2013-12-31 17:29:20] init (DefaultLocalCache.java:73) 
 DefaultCache CheckService is start!
[INFO ] [2013-12-31 17:30:14] init (BaseResource.java:118) 
 method[GET] call!
[ERROR] [2013-12-31 17:30:14] callMethod (BaseResource.java:358) 
 cn.newcapec.framework.core.exception.SysException: 未找到对应的方法[welcome]！
	at cn.newcapec.framework.core.rest.BaseResource.callMethod(BaseResource.java:348)
	at cn.newcapec.framework.core.rest.BaseResource.handleGet(BaseResource.java:205)
	at org.restlet.Finder.handle(Finder.java:353)
	at org.restlet.Filter.doHandle(Filter.java:150)
	at org.restlet.Filter.handle(Filter.java:195)
	at org.restlet.Router.handle(Router.java:504)
	at org.restlet.Filter.doHandle(Filter.java:150)
	at org.restlet.Filter.handle(Filter.java:195)
	at org.restlet.Router.handle(Router.java:504)
	at org.restlet.Filter.doHandle(Filter.java:150)
	at org.restlet.Filter.handle(Filter.java:195)
	at org.restlet.Filter.doHandle(Filter.java:150)
	at org.restlet.Filter.handle(Filter.java:195)
	at org.restlet.Filter.doHandle(Filter.java:150)
	at com.noelios.restlet.StatusFilter.doHandle(StatusFilter.java:130)
	at org.restlet.Filter.handle(Filter.java:195)
	at org.restlet.Filter.doHandle(Filter.java:150)
	at org.restlet.Filter.handle(Filter.java:195)
	at com.noelios.restlet.ChainHelper.handle(ChainHelper.java:124)
	at com.noelios.restlet.application.ApplicationHelper.handle(ApplicationHelper.java:112)
	at org.restlet.Application.handle(Application.java:341)
	at org.restlet.Filter.doHandle(Filter.java:150)
	at org.restlet.Filter.handle(Filter.java:195)
	at org.restlet.Router.handle(Router.java:504)
	at org.restlet.Filter.doHandle(Filter.java:150)
	at org.restlet.Filter.handle(Filter.java:195)
	at org.restlet.Router.handle(Router.java:504)
	at org.restlet.Filter.doHandle(Filter.java:150)
	at com.noelios.restlet.StatusFilter.doHandle(StatusFilter.java:130)
	at org.restlet.Filter.handle(Filter.java:195)
	at org.restlet.Filter.doHandle(Filter.java:150)
	at org.restlet.Filter.handle(Filter.java:195)
	at com.noelios.restlet.ChainHelper.handle(ChainHelper.java:124)
	at org.restlet.Component.handle(Component.java:673)
	at org.restlet.Server.handle(Server.java:331)
	at com.noelios.restlet.ServerHelper.handle(ServerHelper.java:68)
	at com.noelios.restlet.http.HttpServerHelper.handle(HttpServerHelper.java:147)
	at com.noelios.restlet.ext.servlet.ServerServlet.service(ServerServlet.java:881)
	at javax.servlet.http.HttpServlet.service(HttpServlet.java:820)
	at org.eclipse.jetty.servlet.ServletHolder.handle(ServletHolder.java:565)
	at org.eclipse.jetty.servlet.ServletHandler$CachedChain.doFilter(ServletHandler.java:1360)
	at cn.newcapec.framework.core.filter.PagerFilter.doFilter(PagerFilter.java:24)
	at org.eclipse.jetty.servlet.ServletHandler$CachedChain.doFilter(ServletHandler.java:1331)
	at org.springframework.web.filter.CharacterEncodingFilter.doFilterInternal(CharacterEncodingFilter.java:88)
	at org.springframework.web.filter.OncePerRequestFilter.doFilter(OncePerRequestFilter.java:107)
	at org.eclipse.jetty.servlet.ServletHandler$CachedChain.doFilter(ServletHandler.java:1331)
	at cn.newcapec.framework.core.filter.RequestEncodeFilter.doFilter(RequestEncodeFilter.java:63)
	at org.eclipse.jetty.servlet.ServletHandler$CachedChain.doFilter(ServletHandler.java:1331)
	at org.springframework.orm.hibernate3.support.OpenSessionInViewFilter.doFilterInternal(OpenSessionInViewFilter.java:230)
	at org.springframework.web.filter.OncePerRequestFilter.doFilter(OncePerRequestFilter.java:107)
	at org.eclipse.jetty.servlet.ServletHandler$CachedChain.doFilter(ServletHandler.java:1331)
	at org.eclipse.jetty.servlet.ServletHandler.doHandle(ServletHandler.java:477)
	at org.eclipse.jetty.server.handler.ScopedHandler.handle(ScopedHandler.java:119)
	at org.eclipse.jetty.security.SecurityHandler.handle(SecurityHandler.java:524)
	at org.eclipse.jetty.server.session.SessionHandler.doHandle(SessionHandler.java:227)
	at org.eclipse.jetty.server.handler.ContextHandler.doHandle(ContextHandler.java:1031)
	at org.eclipse.jetty.servlet.ServletHandler.doScope(ServletHandler.java:406)
	at org.eclipse.jetty.server.session.SessionHandler.doScope(SessionHandler.java:186)
	at org.eclipse.jetty.server.handler.ContextHandler.doScope(ContextHandler.java:965)
	at org.eclipse.jetty.server.handler.ScopedHandler.handle(ScopedHandler.java:117)
	at org.eclipse.jetty.server.handler.HandlerWrapper.handle(HandlerWrapper.java:111)
	at org.eclipse.jetty.server.Server.handle(Server.java:349)
	at org.eclipse.jetty.server.AbstractHttpConnection.handleRequest(AbstractHttpConnection.java:452)
	at org.eclipse.jetty.server.AbstractHttpConnection.headerComplete(AbstractHttpConnection.java:884)
	at org.eclipse.jetty.server.AbstractHttpConnection$RequestHandler.headerComplete(AbstractHttpConnection.java:938)
	at org.eclipse.jetty.http.HttpParser.parseNext(HttpParser.java:634)
	at org.eclipse.jetty.http.HttpParser.parseAvailable(HttpParser.java:230)
	at org.eclipse.jetty.server.AsyncHttpConnection.handle(AsyncHttpConnection.java:77)
	at org.eclipse.jetty.io.nio.SelectChannelEndPoint.handle(SelectChannelEndPoint.java:609)
	at org.eclipse.jetty.io.nio.SelectChannelEndPoint$1.run(SelectChannelEndPoint.java:45)
	at org.eclipse.jetty.util.thread.QueuedThreadPool.runJob(QueuedThreadPool.java:599)
	at org.eclipse.jetty.util.thread.QueuedThreadPool$3.run(QueuedThreadPool.java:534)
	at java.lang.Thread.run(Thread.java:744)

[ERROR] [2013-12-31 17:30:14] callMethod (BaseResource.java:366) 
 cn.newcapec.framework.core.exception.SysException: 未找到对应的方法[welcome]！
	at cn.newcapec.framework.core.rest.BaseResource.callMethod(BaseResource.java:348)
	at cn.newcapec.framework.core.rest.BaseResource.handleGet(BaseResource.java:205)
	at org.restlet.Finder.handle(Finder.java:353)
	at org.restlet.Filter.doHandle(Filter.java:150)
	at org.restlet.Filter.handle(Filter.java:195)
	at org.restlet.Router.handle(Router.java:504)
	at org.restlet.Filter.doHandle(Filter.java:150)
	at org.restlet.Filter.handle(Filter.java:195)
	at org.restlet.Router.handle(Router.java:504)
	at org.restlet.Filter.doHandle(Filter.java:150)
	at org.restlet.Filter.handle(Filter.java:195)
	at org.restlet.Filter.doHandle(Filter.java:150)
	at org.restlet.Filter.handle(Filter.java:195)
	at org.restlet.Filter.doHandle(Filter.java:150)
	at com.noelios.restlet.StatusFilter.doHandle(StatusFilter.java:130)
	at org.restlet.Filter.handle(Filter.java:195)
	at org.restlet.Filter.doHandle(Filter.java:150)
	at org.restlet.Filter.handle(Filter.java:195)
	at com.noelios.restlet.ChainHelper.handle(ChainHelper.java:124)
	at com.noelios.restlet.application.ApplicationHelper.handle(ApplicationHelper.java:112)
	at org.restlet.Application.handle(Application.java:341)
	at org.restlet.Filter.doHandle(Filter.java:150)
	at org.restlet.Filter.handle(Filter.java:195)
	at org.restlet.Router.handle(Router.java:504)
	at org.restlet.Filter.doHandle(Filter.java:150)
	at org.restlet.Filter.handle(Filter.java:195)
	at org.restlet.Router.handle(Router.java:504)
	at org.restlet.Filter.doHandle(Filter.java:150)
	at com.noelios.restlet.StatusFilter.doHandle(StatusFilter.java:130)
	at org.restlet.Filter.handle(Filter.java:195)
	at org.restlet.Filter.doHandle(Filter.java:150)
	at org.restlet.Filter.handle(Filter.java:195)
	at com.noelios.restlet.ChainHelper.handle(ChainHelper.java:124)
	at org.restlet.Component.handle(Component.java:673)
	at org.restlet.Server.handle(Server.java:331)
	at com.noelios.restlet.ServerHelper.handle(ServerHelper.java:68)
	at com.noelios.restlet.http.HttpServerHelper.handle(HttpServerHelper.java:147)
	at com.noelios.restlet.ext.servlet.ServerServlet.service(ServerServlet.java:881)
	at javax.servlet.http.HttpServlet.service(HttpServlet.java:820)
	at org.eclipse.jetty.servlet.ServletHolder.handle(ServletHolder.java:565)
	at org.eclipse.jetty.servlet.ServletHandler$CachedChain.doFilter(ServletHandler.java:1360)
	at cn.newcapec.framework.core.filter.PagerFilter.doFilter(PagerFilter.java:24)
	at org.eclipse.jetty.servlet.ServletHandler$CachedChain.doFilter(ServletHandler.java:1331)
	at org.springframework.web.filter.CharacterEncodingFilter.doFilterInternal(CharacterEncodingFilter.java:88)
	at org.springframework.web.filter.OncePerRequestFilter.doFilter(OncePerRequestFilter.java:107)
	at org.eclipse.jetty.servlet.ServletHandler$CachedChain.doFilter(ServletHandler.java:1331)
	at cn.newcapec.framework.core.filter.RequestEncodeFilter.doFilter(RequestEncodeFilter.java:63)
	at org.eclipse.jetty.servlet.ServletHandler$CachedChain.doFilter(ServletHandler.java:1331)
	at org.springframework.orm.hibernate3.support.OpenSessionInViewFilter.doFilterInternal(OpenSessionInViewFilter.java:230)
	at org.springframework.web.filter.OncePerRequestFilter.doFilter(OncePerRequestFilter.java:107)
	at org.eclipse.jetty.servlet.ServletHandler$CachedChain.doFilter(ServletHandler.java:1331)
	at org.eclipse.jetty.servlet.ServletHandler.doHandle(ServletHandler.java:477)
	at org.eclipse.jetty.server.handler.ScopedHandler.handle(ScopedHandler.java:119)
	at org.eclipse.jetty.security.SecurityHandler.handle(SecurityHandler.java:524)
	at org.eclipse.jetty.server.session.SessionHandler.doHandle(SessionHandler.java:227)
	at org.eclipse.jetty.server.handler.ContextHandler.doHandle(ContextHandler.java:1031)
	at org.eclipse.jetty.servlet.ServletHandler.doScope(ServletHandler.java:406)
	at org.eclipse.jetty.server.session.SessionHandler.doScope(SessionHandler.java:186)
	at org.eclipse.jetty.server.handler.ContextHandler.doScope(ContextHandler.java:965)
	at org.eclipse.jetty.server.handler.ScopedHandler.handle(ScopedHandler.java:117)
	at org.eclipse.jetty.server.handler.HandlerWrapper.handle(HandlerWrapper.java:111)
	at org.eclipse.jetty.server.Server.handle(Server.java:349)
	at org.eclipse.jetty.server.AbstractHttpConnection.handleRequest(AbstractHttpConnection.java:452)
	at org.eclipse.jetty.server.AbstractHttpConnection.headerComplete(AbstractHttpConnection.java:884)
	at org.eclipse.jetty.server.AbstractHttpConnection$RequestHandler.headerComplete(AbstractHttpConnection.java:938)
	at org.eclipse.jetty.http.HttpParser.parseNext(HttpParser.java:634)
	at org.eclipse.jetty.http.HttpParser.parseAvailable(HttpParser.java:230)
	at org.eclipse.jetty.server.AsyncHttpConnection.handle(AsyncHttpConnection.java:77)
	at org.eclipse.jetty.io.nio.SelectChannelEndPoint.handle(SelectChannelEndPoint.java:609)
	at org.eclipse.jetty.io.nio.SelectChannelEndPoint$1.run(SelectChannelEndPoint.java:45)
	at org.eclipse.jetty.util.thread.QueuedThreadPool.runJob(QueuedThreadPool.java:599)
	at org.eclipse.jetty.util.thread.QueuedThreadPool$3.run(QueuedThreadPool.java:534)
	at java.lang.Thread.run(Thread.java:744)

[ERROR] [2013-12-31 17:31:06] getRepresentation (ExceptionStatusService.java:43) 
 The server has not found anything matching the request URI
