[INFO ] [2014-05-13 17:23:41] initServletBean (FrameworkServlet.java:454) 
 FrameworkServlet 'multiViewController': initialization started
[INFO ] [2014-05-13 17:23:41] prepareRefresh (AbstractApplicationContext.java:510) 
 Refreshing WebApplicationContext for namespace 'multiViewController-servlet': startup date [Tue May 13 17:23:41 CST 2014]; parent: Root WebApplicationContext
[INFO ] [2014-05-13 17:23:41] loadBeanDefinitions (XmlBeanDefinitionReader.java:315) 
 Loading XML bean definitions from class path resource [config/spring-conf/application-platform.xml]
[INFO ] [2014-05-13 17:23:41] preInstantiateSingletons (DefaultListableBeanFactory.java:598) 
 Pre-instantiating singletons in org.springframework.beans.factory.support.DefaultListableBeanFactory@1544768: defining beans [appMangerController,codeBankController,homePageController,legelPersonController,loginController,menuManageController,roleController,roleGroupController,userController,win8Controller,org.springframework.context.annotation.internalConfigurationAnnotationProcessor,org.springframework.context.annotation.internalAutowiredAnnotationProcessor,org.springframework.context.annotation.internalRequiredAnnotationProcessor,org.springframework.context.annotation.internalCommonAnnotationProcessor,org.springframework.context.annotation.internalPersistenceAnnotationProcessor,org.springframework.web.servlet.mvc.method.annotation.RequestMappingHandlerMapping#0,org.springframework.web.servlet.mvc.method.annotation.RequestMappingHandlerAdapter#0,app,org.springframework.context.annotation.ConfigurationClassPostProcessor.importAwareProcessor]; parent: org.springframework.beans.factory.support.DefaultListableBeanFactory@1f3834
[INFO ] [2014-05-13 17:23:41] registerHandlerMethod (AbstractHandlerMethodMapping.java:179) 
 Mapped "{[/app/merge],methods=[POST || GET],params=[],headers=[],consumes=[],produces=[],custom=[]}" onto public boolean cn.newcapec.function.platform.controller.AppMangerController.merge()
[INFO ] [2014-05-13 17:23:41] registerHandlerMethod (AbstractHandlerMethodMapping.java:179) 
 Mapped "{[/app/uploadFile],methods=[POST],params=[],headers=[],consumes=[],produces=[],custom=[]}" onto public cn.newcapec.framework.core.rest.Msg cn.newcapec.function.platform.controller.AppMangerController.uploadFile()
[INFO ] [2014-05-13 17:23:41] registerHandlerMethod (AbstractHandlerMethodMapping.java:179) 
 Mapped "{[/app/customAppDelete],methods=[POST || GET],params=[],headers=[],consumes=[],produces=[],custom=[]}" onto public java.lang.String cn.newcapec.function.platform.controller.AppMangerController.customAppDelete(org.springframework.ui.ModelMap)
[INFO ] [2014-05-13 17:23:41] registerHandlerMethod (AbstractHandlerMethodMapping.java:179) 
 Mapped "{[/app/appUI],methods=[POST || GET],params=[],headers=[],consumes=[],produces=[],custom=[]}" onto public org.springframework.web.servlet.ModelAndView cn.newcapec.function.platform.controller.AppMangerController.appUI(org.springframework.ui.ModelMap)
[INFO ] [2014-05-13 17:23:41] registerHandlerMethod (AbstractHandlerMethodMapping.java:179) 
 Mapped "{[/app/customAppEdit],methods=[POST || GET],params=[],headers=[],consumes=[],produces=[],custom=[]}" onto public cn.newcapec.function.platform.model.BusinessAppredit cn.newcapec.function.platform.controller.AppMangerController.customAppEdit()
[INFO ] [2014-05-13 17:23:41] registerHandlerMethod (AbstractHandlerMethodMapping.java:179) 
 Mapped "{[/app/findModule],methods=[POST || GET],params=[],headers=[],consumes=[],produces=[],custom=[]}" onto public java.util.List<cn.newcapec.function.platform.model.Module> cn.newcapec.function.platform.controller.AppMangerController.findModule()
[INFO ] [2014-05-13 17:23:41] registerHandlerMethod (AbstractHandlerMethodMapping.java:179) 
 Mapped "{[/app/customAppUI],methods=[POST || GET],params=[],headers=[],consumes=[],produces=[],custom=[]}" onto public org.springframework.web.servlet.ModelAndView cn.newcapec.function.platform.controller.AppMangerController.customApp(org.springframework.ui.ModelMap)
[INFO ] [2014-05-13 17:23:41] registerHandlerMethod (AbstractHandlerMethodMapping.java:179) 
 Mapped "{[/app/customTree],methods=[POST || GET],params=[],headers=[],consumes=[],produces=[],custom=[]}" onto public java.util.List<cn.newcapec.function.platform.tree.model.Tree> cn.newcapec.function.platform.controller.AppMangerController.customTree()
[INFO ] [2014-05-13 17:23:41] registerHandlerMethod (AbstractHandlerMethodMapping.java:179) 
 Mapped "{[/codeBank/indexUI],methods=[],params=[],headers=[],consumes=[],produces=[],custom=[]}" onto public org.springframework.web.servlet.ModelAndView cn.newcapec.function.platform.controller.CodeBankController.indexUI(org.springframework.ui.ModelMap)
[INFO ] [2014-05-13 17:23:41] registerHandlerMethod (AbstractHandlerMethodMapping.java:179) 
 Mapped "{[/homepage/loginUI],methods=[],params=[],headers=[],consumes=[],produces=[],custom=[]}" onto public org.springframework.web.servlet.ModelAndView cn.newcapec.function.platform.controller.HomePageController.login(org.springframework.ui.ModelMap)
[INFO ] [2014-05-13 17:23:41] registerHandlerMethod (AbstractHandlerMethodMapping.java:179) 
 Mapped "{[/homepage/login],methods=[POST],params=[],headers=[],consumes=[],produces=[],custom=[]}" onto public cn.newcapec.framework.core.rest.Msg cn.newcapec.function.platform.controller.HomePageController.userLogin(org.springframework.ui.ModelMap)
[INFO ] [2014-05-13 17:23:41] registerHandlerMethod (AbstractHandlerMethodMapping.java:179) 
 Mapped "{[/legelPerson/manageAndPermitUI],methods=[],params=[],headers=[],consumes=[],produces=[],custom=[]}" onto public org.springframework.web.servlet.ModelAndView cn.newcapec.function.platform.controller.LegelPersonController.manageAndPermitUI(org.springframework.ui.ModelMap)
[INFO ] [2014-05-13 17:23:41] registerHandlerMethod (AbstractHandlerMethodMapping.java:179) 
 Mapped "{[/legelPerson/manageAndPermitAddUI],methods=[],params=[],headers=[],consumes=[],produces=[],custom=[]}" onto public org.springframework.web.servlet.ModelAndView cn.newcapec.function.platform.controller.LegelPersonController.manageAndPermitAddUI(org.springframework.ui.ModelMap)
[INFO ] [2014-05-13 17:23:41] registerHandlerMethod (AbstractHandlerMethodMapping.java:179) 
 Mapped "{[/legelPerson/indexUI],methods=[],params=[],headers=[],consumes=[],produces=[],custom=[]}" onto public org.springframework.web.servlet.ModelAndView cn.newcapec.function.platform.controller.LegelPersonController.indexUI(org.springframework.ui.ModelMap)
[INFO ] [2014-05-13 17:23:41] registerHandlerMethod (AbstractHandlerMethodMapping.java:179) 
 Mapped "{[/login/img],methods=[POST || GET],params=[],headers=[],consumes=[],produces=[],custom=[]}" onto public void cn.newcapec.function.platform.controller.LoginController.img(javax.servlet.http.HttpServletRequest,javax.servlet.http.HttpServletResponse) throws java.io.IOException
[INFO ] [2014-05-13 17:23:41] registerHandlerMethod (AbstractHandlerMethodMapping.java:179) 
 Mapped "{[/login/login],methods=[POST || GET],params=[],headers=[],consumes=[],produces=[],custom=[]}" onto public org.springframework.web.servlet.ModelAndView cn.newcapec.function.platform.controller.LoginController.appUI(org.springframework.ui.ModelMap,org.springframework.web.context.request.WebRequest)
[INFO ] [2014-05-13 17:23:41] registerHandlerMethod (AbstractHandlerMethodMapping.java:179) 
 Mapped "{[/menuManage/AppMenuTree],methods=[],params=[],headers=[],consumes=[],produces=[],custom=[]}" onto public java.lang.String cn.newcapec.function.platform.controller.MenuManageController.AppMenuTree(org.springframework.ui.ModelMap)
[INFO ] [2014-05-13 17:23:41] registerHandlerMethod (AbstractHandlerMethodMapping.java:179) 
 Mapped "{[/menuManage/CustMenuTree],methods=[],params=[],headers=[],consumes=[],produces=[],custom=[]}" onto public java.lang.String cn.newcapec.function.platform.controller.MenuManageController.CustMenuTree(org.springframework.ui.ModelMap)
[INFO ] [2014-05-13 17:23:41] registerHandlerMethod (AbstractHandlerMethodMapping.java:179) 
 Mapped "{[/menuManage/indexUI],methods=[],params=[],headers=[],consumes=[],produces=[],custom=[]}" onto public org.springframework.web.servlet.ModelAndView cn.newcapec.function.platform.controller.MenuManageController.indexUI(org.springframework.ui.ModelMap)
[INFO ] [2014-05-13 17:23:41] registerHandlerMethod (AbstractHandlerMethodMapping.java:179) 
 Mapped "{[/role/addRole],methods=[POST],params=[],headers=[],consumes=[],produces=[],custom=[]}" onto public cn.newcapec.framework.core.rest.Msg cn.newcapec.function.platform.controller.RoleController.add()
[INFO ] [2014-05-13 17:23:41] registerHandlerMethod (AbstractHandlerMethodMapping.java:179) 
 Mapped "{[/role/editRole],methods=[POST],params=[],headers=[],consumes=[],produces=[],custom=[]}" onto public cn.newcapec.framework.core.rest.Msg cn.newcapec.function.platform.controller.RoleController.editRole()
[INFO ] [2014-05-13 17:23:41] registerHandlerMethod (AbstractHandlerMethodMapping.java:179) 
 Mapped "{[/role/deleteRole],methods=[POST],params=[],headers=[],consumes=[],produces=[],custom=[]}" onto public cn.newcapec.framework.core.rest.Msg cn.newcapec.function.platform.controller.RoleController.deleteRole()
[INFO ] [2014-05-13 17:23:41] registerHandlerMethod (AbstractHandlerMethodMapping.java:179) 
 Mapped "{[/role/roleList],methods=[],params=[],headers=[],consumes=[],produces=[],custom=[]}" onto public org.springframework.web.servlet.ModelAndView cn.newcapec.function.platform.controller.RoleController.roleList(org.springframework.ui.ModelMap)
[INFO ] [2014-05-13 17:23:41] registerHandlerMethod (AbstractHandlerMethodMapping.java:179) 
 Mapped "{[/role/addRoleUI],methods=[],params=[],headers=[],consumes=[],produces=[],custom=[]}" onto public java.lang.String cn.newcapec.function.platform.controller.RoleController.addUserUI(org.springframework.ui.ModelMap)
[INFO ] [2014-05-13 17:23:41] registerHandlerMethod (AbstractHandlerMethodMapping.java:179) 
 Mapped "{[/role/editRoleUI],methods=[],params=[],headers=[],consumes=[],produces=[],custom=[]}" onto public java.lang.String cn.newcapec.function.platform.controller.RoleController.editRoleUI(org.springframework.ui.ModelMap)
[INFO ] [2014-05-13 17:23:41] registerHandlerMethod (AbstractHandlerMethodMapping.java:179) 
 Mapped "{[/role/roleListGrid],methods=[],params=[],headers=[],consumes=[],produces=[],custom=[]}" onto public org.springframework.web.servlet.ModelAndView cn.newcapec.function.platform.controller.RoleController.roleListGrid(org.springframework.ui.ModelMap)
[INFO ] [2014-05-13 17:23:41] registerHandlerMethod (AbstractHandlerMethodMapping.java:179) 
 Mapped "{[/roleGroup/addRoleGroup],methods=[POST],params=[],headers=[],consumes=[],produces=[],custom=[]}" onto public cn.newcapec.framework.core.rest.Msg cn.newcapec.function.platform.controller.RoleGroupController.add()
[INFO ] [2014-05-13 17:23:42] registerHandlerMethod (AbstractHandlerMethodMapping.java:179) 
 Mapped "{[/roleGroup/addRoleGroupUI],methods=[],params=[],headers=[],consumes=[],produces=[],custom=[]}" onto public java.lang.String cn.newcapec.function.platform.controller.RoleGroupController.addRoleGroupUI(org.springframework.ui.ModelMap)
[INFO ] [2014-05-13 17:23:42] registerHandlerMethod (AbstractHandlerMethodMapping.java:179) 
 Mapped "{[/roleGroup/editRoleGroupUI],methods=[],params=[],headers=[],consumes=[],produces=[],custom=[]}" onto public java.lang.String cn.newcapec.function.platform.controller.RoleGroupController.editRoleGroupUI(org.springframework.ui.ModelMap)
[INFO ] [2014-05-13 17:23:42] registerHandlerMethod (AbstractHandlerMethodMapping.java:179) 
 Mapped "{[/roleGroup/deleteRoleGroup],methods=[POST],params=[],headers=[],consumes=[],produces=[],custom=[]}" onto public cn.newcapec.framework.core.rest.Msg cn.newcapec.function.platform.controller.RoleGroupController.deleteRoleGroup()
[INFO ] [2014-05-13 17:23:42] registerHandlerMethod (AbstractHandlerMethodMapping.java:179) 
 Mapped "{[/roleGroup/roleGroupListGrid],methods=[],params=[],headers=[],consumes=[],produces=[],custom=[]}" onto public org.springframework.web.servlet.ModelAndView cn.newcapec.function.platform.controller.RoleGroupController.roleGroupListGrid(org.springframework.ui.ModelMap)
[INFO ] [2014-05-13 17:23:42] registerHandlerMethod (AbstractHandlerMethodMapping.java:179) 
 Mapped "{[/roleGroup/roleGroupList],methods=[],params=[],headers=[],consumes=[],produces=[],custom=[]}" onto public org.springframework.web.servlet.ModelAndView cn.newcapec.function.platform.controller.RoleGroupController.roleGroupList(org.springframework.ui.ModelMap)
[INFO ] [2014-05-13 17:23:42] registerHandlerMethod (AbstractHandlerMethodMapping.java:179) 
 Mapped "{[/roleGroup/editRoleGroup],methods=[POST],params=[],headers=[],consumes=[],produces=[],custom=[]}" onto public cn.newcapec.framework.core.rest.Msg cn.newcapec.function.platform.controller.RoleGroupController.editRoleGroup()
[INFO ] [2014-05-13 17:23:42] registerHandlerMethod (AbstractHandlerMethodMapping.java:179) 
 Mapped "{[/user/addUser],methods=[POST],params=[],headers=[],consumes=[],produces=[],custom=[]}" onto public cn.newcapec.framework.core.rest.Msg cn.newcapec.function.platform.controller.UserController.add()
[INFO ] [2014-05-13 17:23:42] registerHandlerMethod (AbstractHandlerMethodMapping.java:179) 
 Mapped "{[/user/userList],methods=[],params=[],headers=[],consumes=[],produces=[],custom=[]}" onto public org.springframework.web.servlet.ModelAndView cn.newcapec.function.platform.controller.UserController.userList(org.springframework.ui.ModelMap)
[INFO ] [2014-05-13 17:23:42] registerHandlerMethod (AbstractHandlerMethodMapping.java:179) 
 Mapped "{[/user/getRole],methods=[POST],params=[],headers=[],consumes=[],produces=[],custom=[]}" onto public cn.newcapec.framework.core.rest.Msg cn.newcapec.function.platform.controller.UserController.getRole()
[INFO ] [2014-05-13 17:23:42] registerHandlerMethod (AbstractHandlerMethodMapping.java:179) 
 Mapped "{[/user/updateUser],methods=[POST],params=[],headers=[],consumes=[],produces=[],custom=[]}" onto public cn.newcapec.framework.core.rest.Msg cn.newcapec.function.platform.controller.UserController.updateUser(cn.newcapec.function.platform.model.User)
[INFO ] [2014-05-13 17:23:42] registerHandlerMethod (AbstractHandlerMethodMapping.java:179) 
 Mapped "{[/user/deleteUser],methods=[POST],params=[],headers=[],consumes=[],produces=[],custom=[]}" onto public cn.newcapec.framework.core.rest.Msg cn.newcapec.function.platform.controller.UserController.deleteUser()
[INFO ] [2014-05-13 17:23:42] registerHandlerMethod (AbstractHandlerMethodMapping.java:179) 
 Mapped "{[/user/getRoleGroup],methods=[POST],params=[],headers=[],consumes=[],produces=[],custom=[]}" onto public cn.newcapec.framework.core.rest.Msg cn.newcapec.function.platform.controller.UserController.getRoleGroup()
[INFO ] [2014-05-13 17:23:42] registerHandlerMethod (AbstractHandlerMethodMapping.java:179) 
 Mapped "{[/user/addUserUI],methods=[],params=[],headers=[],consumes=[],produces=[],custom=[]}" onto public java.lang.String cn.newcapec.function.platform.controller.UserController.addUserUI(org.springframework.ui.ModelMap)
[INFO ] [2014-05-13 17:23:42] registerHandlerMethod (AbstractHandlerMethodMapping.java:179) 
 Mapped "{[/user/userListGrid],methods=[],params=[],headers=[],consumes=[],produces=[],custom=[]}" onto public org.springframework.web.servlet.ModelAndView cn.newcapec.function.platform.controller.UserController.userListGrid(org.springframework.ui.ModelMap)
[INFO ] [2014-05-13 17:23:42] registerHandlerMethod (AbstractHandlerMethodMapping.java:179) 
 Mapped "{[/user/editUserUI],methods=[],params=[],headers=[],consumes=[],produces=[],custom=[]}" onto public java.lang.String cn.newcapec.function.platform.controller.UserController.editUserUI(org.springframework.ui.ModelMap)
[INFO ] [2014-05-13 17:23:42] registerHandlerMethod (AbstractHandlerMethodMapping.java:179) 
 Mapped "{[/win8/indexUI],methods=[],params=[],headers=[],consumes=[],produces=[],custom=[]}" onto public org.springframework.web.servlet.ModelAndView cn.newcapec.function.platform.controller.Win8Controller.indexUI(org.springframework.ui.ModelMap)
[INFO ] [2014-05-13 17:23:42] registerHandlerMethod (AbstractHandlerMethodMapping.java:179) 
 Mapped "{[/win8/testUI],methods=[],params=[],headers=[],consumes=[],produces=[],custom=[]}" onto public java.util.List<java.lang.Object> cn.newcapec.function.platform.controller.Win8Controller.testUI(org.springframework.web.context.request.WebRequest)
[INFO ] [2014-05-13 17:23:42] initServletBean (FrameworkServlet.java:473) 
 FrameworkServlet 'multiViewController': initialization completed in 273 ms
