[INFO ] [2014-05-07 09:20:35] initServletBean (FrameworkServlet.java:454) 
 FrameworkServlet 'multiViewController': initialization started
[INFO ] [2014-05-07 09:20:35] prepareRefresh (AbstractApplicationContext.java:510) 
 Refreshing WebApplicationContext for namespace 'multiViewController-servlet': startup date [Wed May 07 09:20:35 CST 2014]; parent: Root WebApplicationContext
[INFO ] [2014-05-07 09:20:35] loadBeanDefinitions (XmlBeanDefinitionReader.java:315) 
 Loading XML bean definitions from class path resource [config/spring-conf/application-platform.xml]
[INFO ] [2014-05-07 09:20:36] preInstantiateSingletons (DefaultListableBeanFactory.java:598) 
 Pre-instantiating singletons in org.springframework.beans.factory.support.DefaultListableBeanFactory@14518e2: defining beans [appMangerController,codeBankController,homePageController,legelPersonController,loginController,menuManageController,roleController,roleGroupController,userController,win8Controller,org.springframework.context.annotation.internalConfigurationAnnotationProcessor,org.springframework.context.annotation.internalAutowiredAnnotationProcessor,org.springframework.context.annotation.internalRequiredAnnotationProcessor,org.springframework.context.annotation.internalCommonAnnotationProcessor,org.springframework.context.annotation.internalPersistenceAnnotationProcessor,org.springframework.web.servlet.mvc.method.annotation.RequestMappingHandlerMapping#0,org.springframework.web.servlet.mvc.method.annotation.RequestMappingHandlerAdapter#0,app,org.springframework.context.annotation.ConfigurationClassPostProcessor.importAwareProcessor]; parent: org.springframework.beans.factory.support.DefaultListableBeanFactory@473f55
[INFO ] [2014-05-07 09:20:36] registerHandlerMethod (AbstractHandlerMethodMapping.java:179) 
 Mapped "{[/app/merge],methods=[POST || GET],params=[],headers=[],consumes=[],produces=[],custom=[]}" onto public boolean cn.newcapec.function.platform.controller.AppMangerController.merge()
[INFO ] [2014-05-07 09:20:36] registerHandlerMethod (AbstractHandlerMethodMapping.java:179) 
 Mapped "{[/app/uploadFile],methods=[POST],params=[],headers=[],consumes=[],produces=[],custom=[]}" onto public cn.newcapec.framework.core.rest.Msg cn.newcapec.function.platform.controller.AppMangerController.uploadFile()
[INFO ] [2014-05-07 09:20:36] registerHandlerMethod (AbstractHandlerMethodMapping.java:179) 
 Mapped "{[/app/findModule],methods=[POST || GET],params=[],headers=[],consumes=[],produces=[],custom=[]}" onto public java.util.List<cn.newcapec.function.platform.model.Module> cn.newcapec.function.platform.controller.AppMangerController.findModule()
[INFO ] [2014-05-07 09:20:36] registerHandlerMethod (AbstractHandlerMethodMapping.java:179) 
 Mapped "{[/app/customAppUI],methods=[POST || GET],params=[],headers=[],consumes=[],produces=[],custom=[]}" onto public org.springframework.web.servlet.ModelAndView cn.newcapec.function.platform.controller.AppMangerController.customApp(org.springframework.ui.ModelMap)
[INFO ] [2014-05-07 09:20:36] registerHandlerMethod (AbstractHandlerMethodMapping.java:179) 
 Mapped "{[/app/customAppEdit],methods=[POST || GET],params=[],headers=[],consumes=[],produces=[],custom=[]}" onto public cn.newcapec.function.platform.model.BusinessAppredit cn.newcapec.function.platform.controller.AppMangerController.customAppEdit()
[INFO ] [2014-05-07 09:20:36] registerHandlerMethod (AbstractHandlerMethodMapping.java:179) 
 Mapped "{[/app/customTree],methods=[POST || GET],params=[],headers=[],consumes=[],produces=[],custom=[]}" onto public java.util.List<cn.newcapec.function.platform.tree.model.Tree> cn.newcapec.function.platform.controller.AppMangerController.customTree()
[INFO ] [2014-05-07 09:20:36] registerHandlerMethod (AbstractHandlerMethodMapping.java:179) 
 Mapped "{[/app/appUI],methods=[POST || GET],params=[],headers=[],consumes=[],produces=[],custom=[]}" onto public org.springframework.web.servlet.ModelAndView cn.newcapec.function.platform.controller.AppMangerController.appUI(org.springframework.ui.ModelMap)
[INFO ] [2014-05-07 09:20:36] registerHandlerMethod (AbstractHandlerMethodMapping.java:179) 
 Mapped "{[/app/customAppDelete],methods=[POST || GET],params=[],headers=[],consumes=[],produces=[],custom=[]}" onto public java.lang.String cn.newcapec.function.platform.controller.AppMangerController.customAppDelete(org.springframework.ui.ModelMap)
[INFO ] [2014-05-07 09:20:36] registerHandlerMethod (AbstractHandlerMethodMapping.java:179) 
 Mapped "{[/codeBank/indexUI],methods=[],params=[],headers=[],consumes=[],produces=[],custom=[]}" onto public org.springframework.web.servlet.ModelAndView cn.newcapec.function.platform.controller.CodeBankController.indexUI(org.springframework.ui.ModelMap)
[INFO ] [2014-05-07 09:20:36] registerHandlerMethod (AbstractHandlerMethodMapping.java:179) 
 Mapped "{[/homepage/loginUI],methods=[],params=[],headers=[],consumes=[],produces=[],custom=[]}" onto public org.springframework.web.servlet.ModelAndView cn.newcapec.function.platform.controller.HomePageController.login(org.springframework.ui.ModelMap)
[INFO ] [2014-05-07 09:20:36] registerHandlerMethod (AbstractHandlerMethodMapping.java:179) 
 Mapped "{[/homepage/login],methods=[POST],params=[],headers=[],consumes=[],produces=[],custom=[]}" onto public cn.newcapec.framework.core.rest.Msg cn.newcapec.function.platform.controller.HomePageController.userLogin(org.springframework.ui.ModelMap)
[INFO ] [2014-05-07 09:20:36] registerHandlerMethod (AbstractHandlerMethodMapping.java:179) 
 Mapped "{[/legelPerson/indexUI],methods=[],params=[],headers=[],consumes=[],produces=[],custom=[]}" onto public org.springframework.web.servlet.ModelAndView cn.newcapec.function.platform.controller.LegelPersonController.indexUI(org.springframework.ui.ModelMap)
[INFO ] [2014-05-07 09:20:36] registerHandlerMethod (AbstractHandlerMethodMapping.java:179) 
 Mapped "{[/legelPerson/manageAndPermitUI],methods=[],params=[],headers=[],consumes=[],produces=[],custom=[]}" onto public org.springframework.web.servlet.ModelAndView cn.newcapec.function.platform.controller.LegelPersonController.manageAndPermitUI(org.springframework.ui.ModelMap)
[INFO ] [2014-05-07 09:20:36] registerHandlerMethod (AbstractHandlerMethodMapping.java:179) 
 Mapped "{[/legelPerson/manageAndPermitAddUI],methods=[],params=[],headers=[],consumes=[],produces=[],custom=[]}" onto public org.springframework.web.servlet.ModelAndView cn.newcapec.function.platform.controller.LegelPersonController.manageAndPermitAddUI(org.springframework.ui.ModelMap)
[INFO ] [2014-05-07 09:20:36] registerHandlerMethod (AbstractHandlerMethodMapping.java:179) 
 Mapped "{[/login/img],methods=[POST || GET],params=[],headers=[],consumes=[],produces=[],custom=[]}" onto public void cn.newcapec.function.platform.controller.LoginController.img(javax.servlet.http.HttpServletRequest,javax.servlet.http.HttpServletResponse) throws java.io.IOException
[INFO ] [2014-05-07 09:20:36] registerHandlerMethod (AbstractHandlerMethodMapping.java:179) 
 Mapped "{[/login/login],methods=[POST || GET],params=[],headers=[],consumes=[],produces=[],custom=[]}" onto public org.springframework.web.servlet.ModelAndView cn.newcapec.function.platform.controller.LoginController.appUI(org.springframework.ui.ModelMap,org.springframework.web.context.request.WebRequest)
[INFO ] [2014-05-07 09:20:36] registerHandlerMethod (AbstractHandlerMethodMapping.java:179) 
 Mapped "{[/menuManage/indexUI],methods=[],params=[],headers=[],consumes=[],produces=[],custom=[]}" onto public org.springframework.web.servlet.ModelAndView cn.newcapec.function.platform.controller.MenuManageController.indexUI(org.springframework.ui.ModelMap)
[INFO ] [2014-05-07 09:20:36] registerHandlerMethod (AbstractHandlerMethodMapping.java:179) 
 Mapped "{[/menuManage/CustMenuTree],methods=[],params=[],headers=[],consumes=[],produces=[],custom=[]}" onto public java.lang.String cn.newcapec.function.platform.controller.MenuManageController.CustMenuTree(org.springframework.ui.ModelMap)
[INFO ] [2014-05-07 09:20:36] registerHandlerMethod (AbstractHandlerMethodMapping.java:179) 
 Mapped "{[/menuManage/AppMenuTree],methods=[],params=[],headers=[],consumes=[],produces=[],custom=[]}" onto public java.lang.String cn.newcapec.function.platform.controller.MenuManageController.AppMenuTree(org.springframework.ui.ModelMap)
[INFO ] [2014-05-07 09:20:36] registerHandlerMethod (AbstractHandlerMethodMapping.java:179) 
 Mapped "{[/role/addRole],methods=[POST],params=[],headers=[],consumes=[],produces=[],custom=[]}" onto public cn.newcapec.framework.core.rest.Msg cn.newcapec.function.platform.controller.RoleController.add()
[INFO ] [2014-05-07 09:20:36] registerHandlerMethod (AbstractHandlerMethodMapping.java:179) 
 Mapped "{[/role/deleteRole],methods=[POST],params=[],headers=[],consumes=[],produces=[],custom=[]}" onto public cn.newcapec.framework.core.rest.Msg cn.newcapec.function.platform.controller.RoleController.deleteRole()
[INFO ] [2014-05-07 09:20:36] registerHandlerMethod (AbstractHandlerMethodMapping.java:179) 
 Mapped "{[/role/editRole],methods=[POST],params=[],headers=[],consumes=[],produces=[],custom=[]}" onto public cn.newcapec.framework.core.rest.Msg cn.newcapec.function.platform.controller.RoleController.editRole()
[INFO ] [2014-05-07 09:20:36] registerHandlerMethod (AbstractHandlerMethodMapping.java:179) 
 Mapped "{[/role/editRoleUI],methods=[],params=[],headers=[],consumes=[],produces=[],custom=[]}" onto public java.lang.String cn.newcapec.function.platform.controller.RoleController.editRoleUI(org.springframework.ui.ModelMap)
[INFO ] [2014-05-07 09:20:36] registerHandlerMethod (AbstractHandlerMethodMapping.java:179) 
 Mapped "{[/role/roleListGrid],methods=[],params=[],headers=[],consumes=[],produces=[],custom=[]}" onto public org.springframework.web.servlet.ModelAndView cn.newcapec.function.platform.controller.RoleController.roleListGrid(org.springframework.ui.ModelMap)
[INFO ] [2014-05-07 09:20:36] registerHandlerMethod (AbstractHandlerMethodMapping.java:179) 
 Mapped "{[/role/addRoleUI],methods=[],params=[],headers=[],consumes=[],produces=[],custom=[]}" onto public java.lang.String cn.newcapec.function.platform.controller.RoleController.addUserUI(org.springframework.ui.ModelMap)
[INFO ] [2014-05-07 09:20:36] registerHandlerMethod (AbstractHandlerMethodMapping.java:179) 
 Mapped "{[/role/roleList],methods=[],params=[],headers=[],consumes=[],produces=[],custom=[]}" onto public org.springframework.web.servlet.ModelAndView cn.newcapec.function.platform.controller.RoleController.roleList(org.springframework.ui.ModelMap)
[INFO ] [2014-05-07 09:20:36] registerHandlerMethod (AbstractHandlerMethodMapping.java:179) 
 Mapped "{[/roleGroup/addRoleGroup],methods=[POST],params=[],headers=[],consumes=[],produces=[],custom=[]}" onto public cn.newcapec.framework.core.rest.Msg cn.newcapec.function.platform.controller.RoleGroupController.add()
[INFO ] [2014-05-07 09:20:36] registerHandlerMethod (AbstractHandlerMethodMapping.java:179) 
 Mapped "{[/roleGroup/editRoleGroup],methods=[POST],params=[],headers=[],consumes=[],produces=[],custom=[]}" onto public cn.newcapec.framework.core.rest.Msg cn.newcapec.function.platform.controller.RoleGroupController.editRoleGroup()
[INFO ] [2014-05-07 09:20:36] registerHandlerMethod (AbstractHandlerMethodMapping.java:179) 
 Mapped "{[/roleGroup/roleGroupList],methods=[],params=[],headers=[],consumes=[],produces=[],custom=[]}" onto public org.springframework.web.servlet.ModelAndView cn.newcapec.function.platform.controller.RoleGroupController.roleGroupList(org.springframework.ui.ModelMap)
[INFO ] [2014-05-07 09:20:36] registerHandlerMethod (AbstractHandlerMethodMapping.java:179) 
 Mapped "{[/roleGroup/addRoleGroupUI],methods=[],params=[],headers=[],consumes=[],produces=[],custom=[]}" onto public java.lang.String cn.newcapec.function.platform.controller.RoleGroupController.addRoleGroupUI(org.springframework.ui.ModelMap)
[INFO ] [2014-05-07 09:20:36] registerHandlerMethod (AbstractHandlerMethodMapping.java:179) 
 Mapped "{[/roleGroup/roleGroupListGrid],methods=[],params=[],headers=[],consumes=[],produces=[],custom=[]}" onto public org.springframework.web.servlet.ModelAndView cn.newcapec.function.platform.controller.RoleGroupController.roleGroupListGrid(org.springframework.ui.ModelMap)
[INFO ] [2014-05-07 09:20:36] registerHandlerMethod (AbstractHandlerMethodMapping.java:179) 
 Mapped "{[/roleGroup/deleteRoleGroup],methods=[POST],params=[],headers=[],consumes=[],produces=[],custom=[]}" onto public cn.newcapec.framework.core.rest.Msg cn.newcapec.function.platform.controller.RoleGroupController.deleteRoleGroup()
[INFO ] [2014-05-07 09:20:36] registerHandlerMethod (AbstractHandlerMethodMapping.java:179) 
 Mapped "{[/roleGroup/editRoleGroupUI],methods=[],params=[],headers=[],consumes=[],produces=[],custom=[]}" onto public java.lang.String cn.newcapec.function.platform.controller.RoleGroupController.editRoleGroupUI(org.springframework.ui.ModelMap)
[INFO ] [2014-05-07 09:20:36] registerHandlerMethod (AbstractHandlerMethodMapping.java:179) 
 Mapped "{[/user/addUser],methods=[POST],params=[],headers=[],consumes=[],produces=[],custom=[]}" onto public cn.newcapec.framework.core.rest.Msg cn.newcapec.function.platform.controller.UserController.add()
[INFO ] [2014-05-07 09:20:36] registerHandlerMethod (AbstractHandlerMethodMapping.java:179) 
 Mapped "{[/user/userList],methods=[],params=[],headers=[],consumes=[],produces=[],custom=[]}" onto public org.springframework.web.servlet.ModelAndView cn.newcapec.function.platform.controller.UserController.userList(org.springframework.ui.ModelMap)
[INFO ] [2014-05-07 09:20:36] registerHandlerMethod (AbstractHandlerMethodMapping.java:179) 
 Mapped "{[/user/getRole],methods=[POST],params=[],headers=[],consumes=[],produces=[],custom=[]}" onto public cn.newcapec.framework.core.rest.Msg cn.newcapec.function.platform.controller.UserController.getRole()
[INFO ] [2014-05-07 09:20:36] registerHandlerMethod (AbstractHandlerMethodMapping.java:179) 
 Mapped "{[/user/updateUser],methods=[POST],params=[],headers=[],consumes=[],produces=[],custom=[]}" onto public cn.newcapec.framework.core.rest.Msg cn.newcapec.function.platform.controller.UserController.updateUser(cn.newcapec.function.platform.model.User)
[INFO ] [2014-05-07 09:20:36] registerHandlerMethod (AbstractHandlerMethodMapping.java:179) 
 Mapped "{[/user/deleteUser],methods=[POST],params=[],headers=[],consumes=[],produces=[],custom=[]}" onto public cn.newcapec.framework.core.rest.Msg cn.newcapec.function.platform.controller.UserController.deleteUser()
[INFO ] [2014-05-07 09:20:36] registerHandlerMethod (AbstractHandlerMethodMapping.java:179) 
 Mapped "{[/user/addUserUI],methods=[],params=[],headers=[],consumes=[],produces=[],custom=[]}" onto public java.lang.String cn.newcapec.function.platform.controller.UserController.addUserUI(org.springframework.ui.ModelMap)
[INFO ] [2014-05-07 09:20:36] registerHandlerMethod (AbstractHandlerMethodMapping.java:179) 
 Mapped "{[/user/editUserUI],methods=[],params=[],headers=[],consumes=[],produces=[],custom=[]}" onto public java.lang.String cn.newcapec.function.platform.controller.UserController.editUserUI(org.springframework.ui.ModelMap)
[INFO ] [2014-05-07 09:20:36] registerHandlerMethod (AbstractHandlerMethodMapping.java:179) 
 Mapped "{[/user/getRoleGroup],methods=[POST],params=[],headers=[],consumes=[],produces=[],custom=[]}" onto public cn.newcapec.framework.core.rest.Msg cn.newcapec.function.platform.controller.UserController.getRoleGroup()
[INFO ] [2014-05-07 09:20:36] registerHandlerMethod (AbstractHandlerMethodMapping.java:179) 
 Mapped "{[/user/userListGrid],methods=[],params=[],headers=[],consumes=[],produces=[],custom=[]}" onto public org.springframework.web.servlet.ModelAndView cn.newcapec.function.platform.controller.UserController.userListGrid(org.springframework.ui.ModelMap)
[INFO ] [2014-05-07 09:20:36] registerHandlerMethod (AbstractHandlerMethodMapping.java:179) 
 Mapped "{[/win8/indexUI],methods=[],params=[],headers=[],consumes=[],produces=[],custom=[]}" onto public org.springframework.web.servlet.ModelAndView cn.newcapec.function.platform.controller.Win8Controller.indexUI(org.springframework.ui.ModelMap)
[INFO ] [2014-05-07 09:20:36] registerHandlerMethod (AbstractHandlerMethodMapping.java:179) 
 Mapped "{[/win8/testUI],methods=[],params=[],headers=[],consumes=[],produces=[],custom=[]}" onto public java.util.List<java.lang.Object> cn.newcapec.function.platform.controller.Win8Controller.testUI(org.springframework.web.context.request.WebRequest)
[INFO ] [2014-05-07 09:20:36] initServletBean (FrameworkServlet.java:473) 
 FrameworkServlet 'multiViewController': initialization completed in 381 ms
[WARN ] [2014-05-07 09:27:00] run (ThreadPoolAsynchronousRunner.java:608) 
 com.mchange.v2.async.ThreadPoolAsynchronousRunner$DeadlockDetector@1ae02c4 -- APPARENT DEADLOCK!!! Creating emergency threads for unassigned pending tasks!
[WARN ] [2014-05-07 09:27:00] run (ThreadPoolAsynchronousRunner.java:624) 
 com.mchange.v2.async.ThreadPoolAsynchronousRunner$DeadlockDetector@1ae02c4 -- APPARENT DEADLOCK!!! Complete Status: 
	Managed Threads: 3
	Active Threads: 3
	Active Tasks: 
		com.mchange.v2.resourcepool.BasicResourcePool$1DestroyResourceTask@188ecec (com.mchange.v2.async.ThreadPoolAsynchronousRunner$PoolThread-#0)
		com.mchange.v2.resourcepool.BasicResourcePool$1DestroyResourceTask@7aa4cc (com.mchange.v2.async.ThreadPoolAsynchronousRunner$PoolThread-#1)
		com.mchange.v2.resourcepool.BasicResourcePool$1DestroyResourceTask@1d96f2d (com.mchange.v2.async.ThreadPoolAsynchronousRunner$PoolThread-#2)
	Pending Tasks: 
		com.mchange.v2.resourcepool.BasicResourcePool$AcquireTask@11f44d
		com.mchange.v2.resourcepool.BasicResourcePool$AcquireTask@be21a2
		com.mchange.v2.resourcepool.BasicResourcePool$AcquireTask@9233e3
Pool thread stack traces:
	Thread[com.mchange.v2.async.ThreadPoolAsynchronousRunner$PoolThread-#0,5,main]
		java.net.SocketInputStream.socketRead0(Native Method)
		java.net.SocketInputStream.read(SocketInputStream.java:152)
		java.net.SocketInputStream.read(SocketInputStream.java:122)
		oracle.net.ns.Packet.receive(Unknown Source)
		oracle.net.ns.DataPacket.receive(Unknown Source)
		oracle.net.ns.NetInputStream.getNextPacket(Unknown Source)
		oracle.net.ns.NetInputStream.read(Unknown Source)
		oracle.net.ns.NetInputStream.read(Unknown Source)
		oracle.net.ns.NetInputStream.read(Unknown Source)
		oracle.jdbc.driver.T4CMAREngine.unmarshalUB1(T4CMAREngine.java:1104)
		oracle.jdbc.driver.T4CMAREngine.unmarshalSB1(T4CMAREngine.java:1075)
		oracle.jdbc.driver.T4C7Ocommoncall.receive(T4C7Ocommoncall.java:106)
		oracle.jdbc.driver.T4CConnection.logoff(T4CConnection.java:465)
		oracle.jdbc.driver.PhysicalConnection.close(PhysicalConnection.java:1203)
		com.mchange.v2.c3p0.impl.NewPooledConnection.close(NewPooledConnection.java:549)
		com.mchange.v2.c3p0.impl.NewPooledConnection.close(NewPooledConnection.java:234)
		com.mchange.v2.c3p0.impl.C3P0PooledConnectionPool$1PooledConnectionResourcePoolManager.destroyResource(C3P0PooledConnectionPool.java:470)
		com.mchange.v2.resourcepool.BasicResourcePool$1DestroyResourceTask.run(BasicResourcePool.java:964)
		com.mchange.v2.async.ThreadPoolAsynchronousRunner$PoolThread.run(ThreadPoolAsynchronousRunner.java:547)
	Thread[com.mchange.v2.async.ThreadPoolAsynchronousRunner$PoolThread-#2,5,main]
		java.net.SocketInputStream.socketRead0(Native Method)
		java.net.SocketInputStream.read(SocketInputStream.java:152)
		java.net.SocketInputStream.read(SocketInputStream.java:122)
		oracle.net.ns.Packet.receive(Unknown Source)
		oracle.net.ns.DataPacket.receive(Unknown Source)
		oracle.net.ns.NetInputStream.getNextPacket(Unknown Source)
		oracle.net.ns.NetInputStream.read(Unknown Source)
		oracle.net.ns.NetInputStream.read(Unknown Source)
		oracle.net.ns.NetInputStream.read(Unknown Source)
		oracle.jdbc.driver.T4CMAREngine.unmarshalUB1(T4CMAREngine.java:1104)
		oracle.jdbc.driver.T4CMAREngine.unmarshalSB1(T4CMAREngine.java:1075)
		oracle.jdbc.driver.T4C7Ocommoncall.receive(T4C7Ocommoncall.java:106)
		oracle.jdbc.driver.T4CConnection.logoff(T4CConnection.java:465)
		oracle.jdbc.driver.PhysicalConnection.close(PhysicalConnection.java:1203)
		com.mchange.v2.c3p0.impl.NewPooledConnection.close(NewPooledConnection.java:549)
		com.mchange.v2.c3p0.impl.NewPooledConnection.close(NewPooledConnection.java:234)
		com.mchange.v2.c3p0.impl.C3P0PooledConnectionPool$1PooledConnectionResourcePoolManager.destroyResource(C3P0PooledConnectionPool.java:470)
		com.mchange.v2.resourcepool.BasicResourcePool$1DestroyResourceTask.run(BasicResourcePool.java:964)
		com.mchange.v2.async.ThreadPoolAsynchronousRunner$PoolThread.run(ThreadPoolAsynchronousRunner.java:547)
	Thread[com.mchange.v2.async.ThreadPoolAsynchronousRunner$PoolThread-#1,5,main]
		java.net.SocketInputStream.socketRead0(Native Method)
		java.net.SocketInputStream.read(SocketInputStream.java:152)
		java.net.SocketInputStream.read(SocketInputStream.java:122)
		oracle.net.ns.Packet.receive(Unknown Source)
		oracle.net.ns.DataPacket.receive(Unknown Source)
		oracle.net.ns.NetInputStream.getNextPacket(Unknown Source)
		oracle.net.ns.NetInputStream.read(Unknown Source)
		oracle.net.ns.NetInputStream.read(Unknown Source)
		oracle.net.ns.NetInputStream.read(Unknown Source)
		oracle.jdbc.driver.T4CMAREngine.unmarshalUB1(T4CMAREngine.java:1104)
		oracle.jdbc.driver.T4CMAREngine.unmarshalSB1(T4CMAREngine.java:1075)
		oracle.jdbc.driver.T4C7Ocommoncall.receive(T4C7Ocommoncall.java:106)
		oracle.jdbc.driver.T4CConnection.logoff(T4CConnection.java:465)
		oracle.jdbc.driver.PhysicalConnection.close(PhysicalConnection.java:1203)
		com.mchange.v2.c3p0.impl.NewPooledConnection.close(NewPooledConnection.java:549)
		com.mchange.v2.c3p0.impl.NewPooledConnection.close(NewPooledConnection.java:234)
		com.mchange.v2.c3p0.impl.C3P0PooledConnectionPool$1PooledConnectionResourcePoolManager.destroyResource(C3P0PooledConnectionPool.java:470)
		com.mchange.v2.resourcepool.BasicResourcePool$1DestroyResourceTask.run(BasicResourcePool.java:964)
		com.mchange.v2.async.ThreadPoolAsynchronousRunner$PoolThread.run(ThreadPoolAsynchronousRunner.java:547)


[INFO ] [2014-05-07 09:27:04] logCloseExceptions (NewPooledConnection.java:725) 
 [c3p0] Exceptions occurred while trying to close a PooledConnection's resources normally.
[INFO ] [2014-05-07 09:27:04] logCloseExceptions (NewPooledConnection.java:725) 
 [c3p0] Exceptions occurred while trying to close a PooledConnection's resources normally.
[INFO ] [2014-05-07 09:27:04] logCloseExceptions (NewPooledConnection.java:735) 
 [c3p0] NewPooledConnection close Exception.
java.sql.SQLException: Io 异常: Socket read timed out
	at oracle.jdbc.driver.DatabaseError.throwSqlException(DatabaseError.java:112)
	at oracle.jdbc.driver.DatabaseError.throwSqlException(DatabaseError.java:146)
	at oracle.jdbc.driver.DatabaseError.throwSqlException(DatabaseError.java:255)
	at oracle.jdbc.driver.T4CConnection.logoff(T4CConnection.java:481)
	at oracle.jdbc.driver.PhysicalConnection.close(PhysicalConnection.java:1203)
	at com.mchange.v2.c3p0.impl.NewPooledConnection.close(NewPooledConnection.java:549)
	at com.mchange.v2.c3p0.impl.NewPooledConnection.close(NewPooledConnection.java:234)
	at com.mchange.v2.c3p0.impl.C3P0PooledConnectionPool$1PooledConnectionResourcePoolManager.destroyResource(C3P0PooledConnectionPool.java:470)
	at com.mchange.v2.resourcepool.BasicResourcePool$1DestroyResourceTask.run(BasicResourcePool.java:964)
	at com.mchange.v2.async.ThreadPoolAsynchronousRunner$PoolThread.run(ThreadPoolAsynchronousRunner.java:547)
[INFO ] [2014-05-07 09:27:04] logCloseExceptions (NewPooledConnection.java:725) 
 [c3p0] Exceptions occurred while trying to close a PooledConnection's resources normally.
[INFO ] [2014-05-07 09:27:04] logCloseExceptions (NewPooledConnection.java:735) 
 [c3p0] NewPooledConnection close Exception.
java.sql.SQLException: Io 异常: Socket read timed out
	at oracle.jdbc.driver.DatabaseError.throwSqlException(DatabaseError.java:112)
	at oracle.jdbc.driver.DatabaseError.throwSqlException(DatabaseError.java:146)
	at oracle.jdbc.driver.DatabaseError.throwSqlException(DatabaseError.java:255)
	at oracle.jdbc.driver.T4CConnection.logoff(T4CConnection.java:481)
	at oracle.jdbc.driver.PhysicalConnection.close(PhysicalConnection.java:1203)
	at com.mchange.v2.c3p0.impl.NewPooledConnection.close(NewPooledConnection.java:549)
	at com.mchange.v2.c3p0.impl.NewPooledConnection.close(NewPooledConnection.java:234)
	at com.mchange.v2.c3p0.impl.C3P0PooledConnectionPool$1PooledConnectionResourcePoolManager.destroyResource(C3P0PooledConnectionPool.java:470)
	at com.mchange.v2.resourcepool.BasicResourcePool$1DestroyResourceTask.run(BasicResourcePool.java:964)
	at com.mchange.v2.async.ThreadPoolAsynchronousRunner$PoolThread.run(ThreadPoolAsynchronousRunner.java:547)
[INFO ] [2014-05-07 09:27:04] logCloseExceptions (NewPooledConnection.java:735) 
 [c3p0] NewPooledConnection close Exception.
java.sql.SQLException: Io 异常: Socket read timed out
	at oracle.jdbc.driver.DatabaseError.throwSqlException(DatabaseError.java:112)
	at oracle.jdbc.driver.DatabaseError.throwSqlException(DatabaseError.java:146)
	at oracle.jdbc.driver.DatabaseError.throwSqlException(DatabaseError.java:255)
	at oracle.jdbc.driver.T4CConnection.logoff(T4CConnection.java:481)
	at oracle.jdbc.driver.PhysicalConnection.close(PhysicalConnection.java:1203)
	at com.mchange.v2.c3p0.impl.NewPooledConnection.close(NewPooledConnection.java:549)
	at com.mchange.v2.c3p0.impl.NewPooledConnection.close(NewPooledConnection.java:234)
	at com.mchange.v2.c3p0.impl.C3P0PooledConnectionPool$1PooledConnectionResourcePoolManager.destroyResource(C3P0PooledConnectionPool.java:470)
	at com.mchange.v2.resourcepool.BasicResourcePool$1DestroyResourceTask.run(BasicResourcePool.java:964)
	at com.mchange.v2.async.ThreadPoolAsynchronousRunner$PoolThread.run(ThreadPoolAsynchronousRunner.java:547)
[WARN ] [2014-05-07 09:27:04] run (BasicResourcePool.java:972) 
 Failed to destroy resource: com.mchange.v2.c3p0.impl.NewPooledConnection@fe5d85
java.sql.SQLException: Some resources failed to close properly while closing com.mchange.v2.c3p0.impl.NewPooledConnection@fe5d85
	at com.mchange.v2.c3p0.impl.NewPooledConnection.close(NewPooledConnection.java:571)
	at com.mchange.v2.c3p0.impl.NewPooledConnection.close(NewPooledConnection.java:234)
	at com.mchange.v2.c3p0.impl.C3P0PooledConnectionPool$1PooledConnectionResourcePoolManager.destroyResource(C3P0PooledConnectionPool.java:470)
	at com.mchange.v2.resourcepool.BasicResourcePool$1DestroyResourceTask.run(BasicResourcePool.java:964)
	at com.mchange.v2.async.ThreadPoolAsynchronousRunner$PoolThread.run(ThreadPoolAsynchronousRunner.java:547)
[WARN ] [2014-05-07 09:27:04] run (BasicResourcePool.java:972) 
 Failed to destroy resource: com.mchange.v2.c3p0.impl.NewPooledConnection@1de0042
java.sql.SQLException: Some resources failed to close properly while closing com.mchange.v2.c3p0.impl.NewPooledConnection@1de0042
	at com.mchange.v2.c3p0.impl.NewPooledConnection.close(NewPooledConnection.java:571)
	at com.mchange.v2.c3p0.impl.NewPooledConnection.close(NewPooledConnection.java:234)
	at com.mchange.v2.c3p0.impl.C3P0PooledConnectionPool$1PooledConnectionResourcePoolManager.destroyResource(C3P0PooledConnectionPool.java:470)
	at com.mchange.v2.resourcepool.BasicResourcePool$1DestroyResourceTask.run(BasicResourcePool.java:964)
	at com.mchange.v2.async.ThreadPoolAsynchronousRunner$PoolThread.run(ThreadPoolAsynchronousRunner.java:547)
[WARN ] [2014-05-07 09:27:04] run (BasicResourcePool.java:972) 
 Failed to destroy resource: com.mchange.v2.c3p0.impl.NewPooledConnection@a43de9
java.sql.SQLException: Some resources failed to close properly while closing com.mchange.v2.c3p0.impl.NewPooledConnection@a43de9
	at com.mchange.v2.c3p0.impl.NewPooledConnection.close(NewPooledConnection.java:571)
	at com.mchange.v2.c3p0.impl.NewPooledConnection.close(NewPooledConnection.java:234)
	at com.mchange.v2.c3p0.impl.C3P0PooledConnectionPool$1PooledConnectionResourcePoolManager.destroyResource(C3P0PooledConnectionPool.java:470)
	at com.mchange.v2.resourcepool.BasicResourcePool$1DestroyResourceTask.run(BasicResourcePool.java:964)
	at com.mchange.v2.async.ThreadPoolAsynchronousRunner$PoolThread.run(ThreadPoolAsynchronousRunner.java:547)
[WARN ] [2014-05-07 09:27:29] run (BasicResourcePool.java:1841) 
 com.mchange.v2.resourcepool.BasicResourcePool$AcquireTask@be21a2 -- Acquisition Attempt Failed!!! Clearing pending acquires. While trying to acquire a needed new resource, we failed to succeed more than the maximum number of allowed acquisition attempts (30). Last acquisition attempt exception: 
java.sql.SQLException: Io 异常: The Network Adapter could not establish the connection
	at oracle.jdbc.driver.DatabaseError.throwSqlException(DatabaseError.java:112)
	at oracle.jdbc.driver.DatabaseError.throwSqlException(DatabaseError.java:146)
	at oracle.jdbc.driver.DatabaseError.throwSqlException(DatabaseError.java:255)
	at oracle.jdbc.driver.T4CConnection.logon(T4CConnection.java:387)
	at oracle.jdbc.driver.PhysicalConnection.<init>(PhysicalConnection.java:439)
	at oracle.jdbc.driver.T4CConnection.<init>(T4CConnection.java:165)
	at oracle.jdbc.driver.T4CDriverExtension.getConnection(T4CDriverExtension.java:35)
	at oracle.jdbc.driver.OracleDriver.connect(OracleDriver.java:801)
	at com.mchange.v2.c3p0.DriverManagerDataSource.getConnection(DriverManagerDataSource.java:134)
	at com.mchange.v2.c3p0.WrapperConnectionPoolDataSource.getPooledConnection(WrapperConnectionPoolDataSource.java:182)
	at com.mchange.v2.c3p0.WrapperConnectionPoolDataSource.getPooledConnection(WrapperConnectionPoolDataSource.java:171)
	at com.mchange.v2.c3p0.impl.C3P0PooledConnectionPool$1PooledConnectionResourcePoolManager.acquireResource(C3P0PooledConnectionPool.java:137)
	at com.mchange.v2.resourcepool.BasicResourcePool.doAcquire(BasicResourcePool.java:1014)
	at com.mchange.v2.resourcepool.BasicResourcePool.access$800(BasicResourcePool.java:32)
	at com.mchange.v2.resourcepool.BasicResourcePool$AcquireTask.run(BasicResourcePool.java:1810)
	at com.mchange.v2.async.ThreadPerTaskAsynchronousRunner$TaskThread.run(ThreadPerTaskAsynchronousRunner.java:255)
[ERROR] [2014-05-07 09:27:29] run (BasicResourcePool.java:1853) 
 A RESOURCE POOL IS PERMANENTLY BROKEN! [com.mchange.v2.resourcepool.BasicResourcePool$AcquireTask@be21a2]
[ERROR] [2014-05-07 09:27:29] unexpectedBreak (BasicResourcePool.java:866) 
 com.mchange.v2.resourcepool.BasicResourcePool@1eae7d9 -- Unexpectedly broken!!!
com.mchange.v2.resourcepool.ResourcePoolException: Unexpected Break Stack Trace!
	at com.mchange.v2.resourcepool.BasicResourcePool.unexpectedBreak(BasicResourcePool.java:866)
	at com.mchange.v2.resourcepool.BasicResourcePool.access$1100(BasicResourcePool.java:32)
	at com.mchange.v2.resourcepool.BasicResourcePool$AcquireTask.run(BasicResourcePool.java:1854)
	at com.mchange.v2.async.ThreadPerTaskAsynchronousRunner$TaskThread.run(ThreadPerTaskAsynchronousRunner.java:255)
[WARN ] [2014-05-07 09:27:29] run (BasicResourcePool.java:1841) 
 com.mchange.v2.resourcepool.BasicResourcePool$AcquireTask@9233e3 -- Acquisition Attempt Failed!!! Clearing pending acquires. While trying to acquire a needed new resource, we failed to succeed more than the maximum number of allowed acquisition attempts (30). Last acquisition attempt exception: 
java.sql.SQLException: Io 异常: The Network Adapter could not establish the connection
	at oracle.jdbc.driver.DatabaseError.throwSqlException(DatabaseError.java:112)
	at oracle.jdbc.driver.DatabaseError.throwSqlException(DatabaseError.java:146)
	at oracle.jdbc.driver.DatabaseError.throwSqlException(DatabaseError.java:255)
	at oracle.jdbc.driver.T4CConnection.logon(T4CConnection.java:387)
	at oracle.jdbc.driver.PhysicalConnection.<init>(PhysicalConnection.java:439)
	at oracle.jdbc.driver.T4CConnection.<init>(T4CConnection.java:165)
	at oracle.jdbc.driver.T4CDriverExtension.getConnection(T4CDriverExtension.java:35)
	at oracle.jdbc.driver.OracleDriver.connect(OracleDriver.java:801)
	at com.mchange.v2.c3p0.DriverManagerDataSource.getConnection(DriverManagerDataSource.java:134)
	at com.mchange.v2.c3p0.WrapperConnectionPoolDataSource.getPooledConnection(WrapperConnectionPoolDataSource.java:182)
	at com.mchange.v2.c3p0.WrapperConnectionPoolDataSource.getPooledConnection(WrapperConnectionPoolDataSource.java:171)
	at com.mchange.v2.c3p0.impl.C3P0PooledConnectionPool$1PooledConnectionResourcePoolManager.acquireResource(C3P0PooledConnectionPool.java:137)
	at com.mchange.v2.resourcepool.BasicResourcePool.doAcquire(BasicResourcePool.java:1014)
	at com.mchange.v2.resourcepool.BasicResourcePool.access$800(BasicResourcePool.java:32)
	at com.mchange.v2.resourcepool.BasicResourcePool$AcquireTask.run(BasicResourcePool.java:1810)
	at com.mchange.v2.async.ThreadPerTaskAsynchronousRunner$TaskThread.run(ThreadPerTaskAsynchronousRunner.java:255)
[ERROR] [2014-05-07 09:27:29] run (BasicResourcePool.java:1853) 
 A RESOURCE POOL IS PERMANENTLY BROKEN! [com.mchange.v2.resourcepool.BasicResourcePool$AcquireTask@9233e3]
[WARN ] [2014-05-07 09:27:29] run (BasicResourcePool.java:1841) 
 com.mchange.v2.resourcepool.BasicResourcePool$AcquireTask@11f44d -- Acquisition Attempt Failed!!! Clearing pending acquires. While trying to acquire a needed new resource, we failed to succeed more than the maximum number of allowed acquisition attempts (30). Last acquisition attempt exception: 
java.sql.SQLException: Io 异常: The Network Adapter could not establish the connection
	at oracle.jdbc.driver.DatabaseError.throwSqlException(DatabaseError.java:112)
	at oracle.jdbc.driver.DatabaseError.throwSqlException(DatabaseError.java:146)
	at oracle.jdbc.driver.DatabaseError.throwSqlException(DatabaseError.java:255)
	at oracle.jdbc.driver.T4CConnection.logon(T4CConnection.java:387)
	at oracle.jdbc.driver.PhysicalConnection.<init>(PhysicalConnection.java:439)
	at oracle.jdbc.driver.T4CConnection.<init>(T4CConnection.java:165)
	at oracle.jdbc.driver.T4CDriverExtension.getConnection(T4CDriverExtension.java:35)
	at oracle.jdbc.driver.OracleDriver.connect(OracleDriver.java:801)
	at com.mchange.v2.c3p0.DriverManagerDataSource.getConnection(DriverManagerDataSource.java:134)
	at com.mchange.v2.c3p0.WrapperConnectionPoolDataSource.getPooledConnection(WrapperConnectionPoolDataSource.java:182)
	at com.mchange.v2.c3p0.WrapperConnectionPoolDataSource.getPooledConnection(WrapperConnectionPoolDataSource.java:171)
	at com.mchange.v2.c3p0.impl.C3P0PooledConnectionPool$1PooledConnectionResourcePoolManager.acquireResource(C3P0PooledConnectionPool.java:137)
	at com.mchange.v2.resourcepool.BasicResourcePool.doAcquire(BasicResourcePool.java:1014)
	at com.mchange.v2.resourcepool.BasicResourcePool.access$800(BasicResourcePool.java:32)
	at com.mchange.v2.resourcepool.BasicResourcePool$AcquireTask.run(BasicResourcePool.java:1810)
	at com.mchange.v2.async.ThreadPerTaskAsynchronousRunner$TaskThread.run(ThreadPerTaskAsynchronousRunner.java:255)
[ERROR] [2014-05-07 09:27:29] run (BasicResourcePool.java:1853) 
 A RESOURCE POOL IS PERMANENTLY BROKEN! [com.mchange.v2.resourcepool.BasicResourcePool$AcquireTask@11f44d]
[ERROR] [2014-05-07 09:27:29] unexpectedBreak (BasicResourcePool.java:866) 
 com.mchange.v2.resourcepool.BasicResourcePool@1eae7d9 -- Unexpectedly broken!!!
com.mchange.v2.resourcepool.ResourcePoolException: Unexpected Break Stack Trace!
	at com.mchange.v2.resourcepool.BasicResourcePool.unexpectedBreak(BasicResourcePool.java:866)
	at com.mchange.v2.resourcepool.BasicResourcePool.access$1100(BasicResourcePool.java:32)
	at com.mchange.v2.resourcepool.BasicResourcePool$AcquireTask.run(BasicResourcePool.java:1854)
	at com.mchange.v2.async.ThreadPerTaskAsynchronousRunner$TaskThread.run(ThreadPerTaskAsynchronousRunner.java:255)
[WARN ] [2014-05-07 09:27:29] close (BasicResourcePool.java:1202) 
 com.mchange.v2.resourcepool.BasicResourcePool@1eae7d9 -- close() called multiple times.
[ERROR] [2014-05-07 09:27:29] unexpectedBreak (BasicResourcePool.java:866) 
 com.mchange.v2.resourcepool.BasicResourcePool@1eae7d9 -- Unexpectedly broken!!!
com.mchange.v2.resourcepool.ResourcePoolException: Unexpected Break Stack Trace!
	at com.mchange.v2.resourcepool.BasicResourcePool.unexpectedBreak(BasicResourcePool.java:866)
	at com.mchange.v2.resourcepool.BasicResourcePool.access$1100(BasicResourcePool.java:32)
	at com.mchange.v2.resourcepool.BasicResourcePool$AcquireTask.run(BasicResourcePool.java:1854)
	at com.mchange.v2.async.ThreadPerTaskAsynchronousRunner$TaskThread.run(ThreadPerTaskAsynchronousRunner.java:255)
[WARN ] [2014-05-07 09:27:29] close (BasicResourcePool.java:1202) 
 com.mchange.v2.resourcepool.BasicResourcePool@1eae7d9 -- close() called multiple times.
[INFO ] [2014-05-07 10:02:57] initServletBean (FrameworkServlet.java:454) 
 FrameworkServlet 'multiViewController': initialization started
[INFO ] [2014-05-07 10:02:57] prepareRefresh (AbstractApplicationContext.java:510) 
 Refreshing WebApplicationContext for namespace 'multiViewController-servlet': startup date [Wed May 07 10:02:57 CST 2014]; parent: Root WebApplicationContext
[INFO ] [2014-05-07 10:02:57] loadBeanDefinitions (XmlBeanDefinitionReader.java:315) 
 Loading XML bean definitions from class path resource [config/spring-conf/application-platform.xml]
[INFO ] [2014-05-07 10:02:58] preInstantiateSingletons (DefaultListableBeanFactory.java:598) 
 Pre-instantiating singletons in org.springframework.beans.factory.support.DefaultListableBeanFactory@a05996: defining beans [appMangerController,codeBankController,homePageController,legelPersonController,loginController,menuManageController,roleController,roleGroupController,userController,win8Controller,org.springframework.context.annotation.internalConfigurationAnnotationProcessor,org.springframework.context.annotation.internalAutowiredAnnotationProcessor,org.springframework.context.annotation.internalRequiredAnnotationProcessor,org.springframework.context.annotation.internalCommonAnnotationProcessor,org.springframework.context.annotation.internalPersistenceAnnotationProcessor,org.springframework.web.servlet.mvc.method.annotation.RequestMappingHandlerMapping#0,org.springframework.web.servlet.mvc.method.annotation.RequestMappingHandlerAdapter#0,app,org.springframework.context.annotation.ConfigurationClassPostProcessor.importAwareProcessor]; parent: org.springframework.beans.factory.support.DefaultListableBeanFactory@1f6c90f
[INFO ] [2014-05-07 10:02:58] registerHandlerMethod (AbstractHandlerMethodMapping.java:179) 
 Mapped "{[/app/merge],methods=[POST || GET],params=[],headers=[],consumes=[],produces=[],custom=[]}" onto public boolean cn.newcapec.function.platform.controller.AppMangerController.merge()
[INFO ] [2014-05-07 10:02:58] registerHandlerMethod (AbstractHandlerMethodMapping.java:179) 
 Mapped "{[/app/uploadFile],methods=[POST],params=[],headers=[],consumes=[],produces=[],custom=[]}" onto public cn.newcapec.framework.core.rest.Msg cn.newcapec.function.platform.controller.AppMangerController.uploadFile()
[INFO ] [2014-05-07 10:02:58] registerHandlerMethod (AbstractHandlerMethodMapping.java:179) 
 Mapped "{[/app/customAppUI],methods=[POST || GET],params=[],headers=[],consumes=[],produces=[],custom=[]}" onto public org.springframework.web.servlet.ModelAndView cn.newcapec.function.platform.controller.AppMangerController.customApp(org.springframework.ui.ModelMap)
[INFO ] [2014-05-07 10:02:58] registerHandlerMethod (AbstractHandlerMethodMapping.java:179) 
 Mapped "{[/app/customAppEdit],methods=[POST || GET],params=[],headers=[],consumes=[],produces=[],custom=[]}" onto public cn.newcapec.function.platform.model.BusinessAppredit cn.newcapec.function.platform.controller.AppMangerController.customAppEdit()
[INFO ] [2014-05-07 10:02:58] registerHandlerMethod (AbstractHandlerMethodMapping.java:179) 
 Mapped "{[/app/customTree],methods=[POST || GET],params=[],headers=[],consumes=[],produces=[],custom=[]}" onto public java.util.List<cn.newcapec.function.platform.tree.model.Tree> cn.newcapec.function.platform.controller.AppMangerController.customTree()
[INFO ] [2014-05-07 10:02:58] registerHandlerMethod (AbstractHandlerMethodMapping.java:179) 
 Mapped "{[/app/findModule],methods=[POST || GET],params=[],headers=[],consumes=[],produces=[],custom=[]}" onto public java.util.List<cn.newcapec.function.platform.model.Module> cn.newcapec.function.platform.controller.AppMangerController.findModule()
[INFO ] [2014-05-07 10:02:58] registerHandlerMethod (AbstractHandlerMethodMapping.java:179) 
 Mapped "{[/app/appUI],methods=[POST || GET],params=[],headers=[],consumes=[],produces=[],custom=[]}" onto public org.springframework.web.servlet.ModelAndView cn.newcapec.function.platform.controller.AppMangerController.appUI(org.springframework.ui.ModelMap)
[INFO ] [2014-05-07 10:02:58] registerHandlerMethod (AbstractHandlerMethodMapping.java:179) 
 Mapped "{[/app/customAppDelete],methods=[POST || GET],params=[],headers=[],consumes=[],produces=[],custom=[]}" onto public java.lang.String cn.newcapec.function.platform.controller.AppMangerController.customAppDelete(org.springframework.ui.ModelMap)
[INFO ] [2014-05-07 10:02:58] registerHandlerMethod (AbstractHandlerMethodMapping.java:179) 
 Mapped "{[/codeBank/indexUI],methods=[],params=[],headers=[],consumes=[],produces=[],custom=[]}" onto public org.springframework.web.servlet.ModelAndView cn.newcapec.function.platform.controller.CodeBankController.indexUI(org.springframework.ui.ModelMap)
[INFO ] [2014-05-07 10:02:58] registerHandlerMethod (AbstractHandlerMethodMapping.java:179) 
 Mapped "{[/homepage/loginUI],methods=[],params=[],headers=[],consumes=[],produces=[],custom=[]}" onto public org.springframework.web.servlet.ModelAndView cn.newcapec.function.platform.controller.HomePageController.login(org.springframework.ui.ModelMap)
[INFO ] [2014-05-07 10:02:58] registerHandlerMethod (AbstractHandlerMethodMapping.java:179) 
 Mapped "{[/homepage/login],methods=[POST],params=[],headers=[],consumes=[],produces=[],custom=[]}" onto public cn.newcapec.framework.core.rest.Msg cn.newcapec.function.platform.controller.HomePageController.userLogin(org.springframework.ui.ModelMap)
[INFO ] [2014-05-07 10:02:58] registerHandlerMethod (AbstractHandlerMethodMapping.java:179) 
 Mapped "{[/legelPerson/indexUI],methods=[],params=[],headers=[],consumes=[],produces=[],custom=[]}" onto public org.springframework.web.servlet.ModelAndView cn.newcapec.function.platform.controller.LegelPersonController.indexUI(org.springframework.ui.ModelMap)
[INFO ] [2014-05-07 10:02:58] registerHandlerMethod (AbstractHandlerMethodMapping.java:179) 
 Mapped "{[/legelPerson/manageAndPermitAddUI],methods=[],params=[],headers=[],consumes=[],produces=[],custom=[]}" onto public org.springframework.web.servlet.ModelAndView cn.newcapec.function.platform.controller.LegelPersonController.manageAndPermitAddUI(org.springframework.ui.ModelMap)
[INFO ] [2014-05-07 10:02:58] registerHandlerMethod (AbstractHandlerMethodMapping.java:179) 
 Mapped "{[/legelPerson/manageAndPermitUI],methods=[],params=[],headers=[],consumes=[],produces=[],custom=[]}" onto public org.springframework.web.servlet.ModelAndView cn.newcapec.function.platform.controller.LegelPersonController.manageAndPermitUI(org.springframework.ui.ModelMap)
[INFO ] [2014-05-07 10:02:58] registerHandlerMethod (AbstractHandlerMethodMapping.java:179) 
 Mapped "{[/login/login],methods=[POST || GET],params=[],headers=[],consumes=[],produces=[],custom=[]}" onto public org.springframework.web.servlet.ModelAndView cn.newcapec.function.platform.controller.LoginController.appUI(org.springframework.ui.ModelMap,org.springframework.web.context.request.WebRequest)
[INFO ] [2014-05-07 10:02:58] registerHandlerMethod (AbstractHandlerMethodMapping.java:179) 
 Mapped "{[/login/img],methods=[POST || GET],params=[],headers=[],consumes=[],produces=[],custom=[]}" onto public void cn.newcapec.function.platform.controller.LoginController.img(javax.servlet.http.HttpServletRequest,javax.servlet.http.HttpServletResponse) throws java.io.IOException
[INFO ] [2014-05-07 10:02:58] registerHandlerMethod (AbstractHandlerMethodMapping.java:179) 
 Mapped "{[/menuManage/CustMenuTree],methods=[],params=[],headers=[],consumes=[],produces=[],custom=[]}" onto public java.lang.String cn.newcapec.function.platform.controller.MenuManageController.CustMenuTree(org.springframework.ui.ModelMap)
[INFO ] [2014-05-07 10:02:58] registerHandlerMethod (AbstractHandlerMethodMapping.java:179) 
 Mapped "{[/menuManage/AppMenuTree],methods=[],params=[],headers=[],consumes=[],produces=[],custom=[]}" onto public java.lang.String cn.newcapec.function.platform.controller.MenuManageController.AppMenuTree(org.springframework.ui.ModelMap)
[INFO ] [2014-05-07 10:02:58] registerHandlerMethod (AbstractHandlerMethodMapping.java:179) 
 Mapped "{[/menuManage/indexUI],methods=[],params=[],headers=[],consumes=[],produces=[],custom=[]}" onto public org.springframework.web.servlet.ModelAndView cn.newcapec.function.platform.controller.MenuManageController.indexUI(org.springframework.ui.ModelMap)
[INFO ] [2014-05-07 10:02:58] registerHandlerMethod (AbstractHandlerMethodMapping.java:179) 
 Mapped "{[/role/addRole],methods=[POST],params=[],headers=[],consumes=[],produces=[],custom=[]}" onto public cn.newcapec.framework.core.rest.Msg cn.newcapec.function.platform.controller.RoleController.add()
[INFO ] [2014-05-07 10:02:58] registerHandlerMethod (AbstractHandlerMethodMapping.java:179) 
 Mapped "{[/role/deleteRole],methods=[POST],params=[],headers=[],consumes=[],produces=[],custom=[]}" onto public cn.newcapec.framework.core.rest.Msg cn.newcapec.function.platform.controller.RoleController.deleteRole()
[INFO ] [2014-05-07 10:02:58] registerHandlerMethod (AbstractHandlerMethodMapping.java:179) 
 Mapped "{[/role/editRole],methods=[POST],params=[],headers=[],consumes=[],produces=[],custom=[]}" onto public cn.newcapec.framework.core.rest.Msg cn.newcapec.function.platform.controller.RoleController.editRole()
[INFO ] [2014-05-07 10:02:58] registerHandlerMethod (AbstractHandlerMethodMapping.java:179) 
 Mapped "{[/role/roleList],methods=[],params=[],headers=[],consumes=[],produces=[],custom=[]}" onto public org.springframework.web.servlet.ModelAndView cn.newcapec.function.platform.controller.RoleController.roleList(org.springframework.ui.ModelMap)
[INFO ] [2014-05-07 10:02:58] registerHandlerMethod (AbstractHandlerMethodMapping.java:179) 
 Mapped "{[/role/roleListGrid],methods=[],params=[],headers=[],consumes=[],produces=[],custom=[]}" onto public org.springframework.web.servlet.ModelAndView cn.newcapec.function.platform.controller.RoleController.roleListGrid(org.springframework.ui.ModelMap)
[INFO ] [2014-05-07 10:02:58] registerHandlerMethod (AbstractHandlerMethodMapping.java:179) 
 Mapped "{[/role/addRoleUI],methods=[],params=[],headers=[],consumes=[],produces=[],custom=[]}" onto public java.lang.String cn.newcapec.function.platform.controller.RoleController.addUserUI(org.springframework.ui.ModelMap)
[INFO ] [2014-05-07 10:02:58] registerHandlerMethod (AbstractHandlerMethodMapping.java:179) 
 Mapped "{[/role/editRoleUI],methods=[],params=[],headers=[],consumes=[],produces=[],custom=[]}" onto public java.lang.String cn.newcapec.function.platform.controller.RoleController.editRoleUI(org.springframework.ui.ModelMap)
[INFO ] [2014-05-07 10:02:58] registerHandlerMethod (AbstractHandlerMethodMapping.java:179) 
 Mapped "{[/roleGroup/addRoleGroup],methods=[POST],params=[],headers=[],consumes=[],produces=[],custom=[]}" onto public cn.newcapec.framework.core.rest.Msg cn.newcapec.function.platform.controller.RoleGroupController.add()
[INFO ] [2014-05-07 10:02:58] registerHandlerMethod (AbstractHandlerMethodMapping.java:179) 
 Mapped "{[/roleGroup/roleGroupList],methods=[],params=[],headers=[],consumes=[],produces=[],custom=[]}" onto public org.springframework.web.servlet.ModelAndView cn.newcapec.function.platform.controller.RoleGroupController.roleGroupList(org.springframework.ui.ModelMap)
[INFO ] [2014-05-07 10:02:58] registerHandlerMethod (AbstractHandlerMethodMapping.java:179) 
 Mapped "{[/roleGroup/editRoleGroup],methods=[POST],params=[],headers=[],consumes=[],produces=[],custom=[]}" onto public cn.newcapec.framework.core.rest.Msg cn.newcapec.function.platform.controller.RoleGroupController.editRoleGroup()
[INFO ] [2014-05-07 10:02:58] registerHandlerMethod (AbstractHandlerMethodMapping.java:179) 
 Mapped "{[/roleGroup/roleGroupListGrid],methods=[],params=[],headers=[],consumes=[],produces=[],custom=[]}" onto public org.springframework.web.servlet.ModelAndView cn.newcapec.function.platform.controller.RoleGroupController.roleGroupListGrid(org.springframework.ui.ModelMap)
[INFO ] [2014-05-07 10:02:58] registerHandlerMethod (AbstractHandlerMethodMapping.java:179) 
 Mapped "{[/roleGroup/addRoleGroupUI],methods=[],params=[],headers=[],consumes=[],produces=[],custom=[]}" onto public java.lang.String cn.newcapec.function.platform.controller.RoleGroupController.addRoleGroupUI(org.springframework.ui.ModelMap)
[INFO ] [2014-05-07 10:02:58] registerHandlerMethod (AbstractHandlerMethodMapping.java:179) 
 Mapped "{[/roleGroup/deleteRoleGroup],methods=[POST],params=[],headers=[],consumes=[],produces=[],custom=[]}" onto public cn.newcapec.framework.core.rest.Msg cn.newcapec.function.platform.controller.RoleGroupController.deleteRoleGroup()
[INFO ] [2014-05-07 10:02:58] registerHandlerMethod (AbstractHandlerMethodMapping.java:179) 
 Mapped "{[/roleGroup/editRoleGroupUI],methods=[],params=[],headers=[],consumes=[],produces=[],custom=[]}" onto public java.lang.String cn.newcapec.function.platform.controller.RoleGroupController.editRoleGroupUI(org.springframework.ui.ModelMap)
[INFO ] [2014-05-07 10:02:58] registerHandlerMethod (AbstractHandlerMethodMapping.java:179) 
 Mapped "{[/user/addUser],methods=[POST],params=[],headers=[],consumes=[],produces=[],custom=[]}" onto public cn.newcapec.framework.core.rest.Msg cn.newcapec.function.platform.controller.UserController.add()
[INFO ] [2014-05-07 10:02:58] registerHandlerMethod (AbstractHandlerMethodMapping.java:179) 
 Mapped "{[/user/userList],methods=[],params=[],headers=[],consumes=[],produces=[],custom=[]}" onto public org.springframework.web.servlet.ModelAndView cn.newcapec.function.platform.controller.UserController.userList(org.springframework.ui.ModelMap)
[INFO ] [2014-05-07 10:02:58] registerHandlerMethod (AbstractHandlerMethodMapping.java:179) 
 Mapped "{[/user/updateUser],methods=[POST],params=[],headers=[],consumes=[],produces=[],custom=[]}" onto public cn.newcapec.framework.core.rest.Msg cn.newcapec.function.platform.controller.UserController.updateUser(cn.newcapec.function.platform.model.User)
[INFO ] [2014-05-07 10:02:58] registerHandlerMethod (AbstractHandlerMethodMapping.java:179) 
 Mapped "{[/user/deleteUser],methods=[POST],params=[],headers=[],consumes=[],produces=[],custom=[]}" onto public cn.newcapec.framework.core.rest.Msg cn.newcapec.function.platform.controller.UserController.deleteUser()
[INFO ] [2014-05-07 10:02:58] registerHandlerMethod (AbstractHandlerMethodMapping.java:179) 
 Mapped "{[/user/addUserUI],methods=[],params=[],headers=[],consumes=[],produces=[],custom=[]}" onto public java.lang.String cn.newcapec.function.platform.controller.UserController.addUserUI(org.springframework.ui.ModelMap)
[INFO ] [2014-05-07 10:02:58] registerHandlerMethod (AbstractHandlerMethodMapping.java:179) 
 Mapped "{[/user/userListGrid],methods=[],params=[],headers=[],consumes=[],produces=[],custom=[]}" onto public org.springframework.web.servlet.ModelAndView cn.newcapec.function.platform.controller.UserController.userListGrid(org.springframework.ui.ModelMap)
[INFO ] [2014-05-07 10:02:58] registerHandlerMethod (AbstractHandlerMethodMapping.java:179) 
 Mapped "{[/user/getRoleGroup],methods=[POST],params=[],headers=[],consumes=[],produces=[],custom=[]}" onto public cn.newcapec.framework.core.rest.Msg cn.newcapec.function.platform.controller.UserController.getRoleGroup()
[INFO ] [2014-05-07 10:02:58] registerHandlerMethod (AbstractHandlerMethodMapping.java:179) 
 Mapped "{[/user/editUserUI],methods=[],params=[],headers=[],consumes=[],produces=[],custom=[]}" onto public java.lang.String cn.newcapec.function.platform.controller.UserController.editUserUI(org.springframework.ui.ModelMap)
[INFO ] [2014-05-07 10:02:58] registerHandlerMethod (AbstractHandlerMethodMapping.java:179) 
 Mapped "{[/user/getRole],methods=[POST],params=[],headers=[],consumes=[],produces=[],custom=[]}" onto public cn.newcapec.framework.core.rest.Msg cn.newcapec.function.platform.controller.UserController.getRole()
[INFO ] [2014-05-07 10:02:58] registerHandlerMethod (AbstractHandlerMethodMapping.java:179) 
 Mapped "{[/win8/indexUI],methods=[],params=[],headers=[],consumes=[],produces=[],custom=[]}" onto public org.springframework.web.servlet.ModelAndView cn.newcapec.function.platform.controller.Win8Controller.indexUI(org.springframework.ui.ModelMap)
[INFO ] [2014-05-07 10:02:58] registerHandlerMethod (AbstractHandlerMethodMapping.java:179) 
 Mapped "{[/win8/testUI],methods=[],params=[],headers=[],consumes=[],produces=[],custom=[]}" onto public java.util.List<java.lang.Object> cn.newcapec.function.platform.controller.Win8Controller.testUI(org.springframework.web.context.request.WebRequest)
[INFO ] [2014-05-07 10:02:58] initServletBean (FrameworkServlet.java:473) 
 FrameworkServlet 'multiViewController': initialization completed in 257 ms
[INFO ] [2014-05-07 10:03:09] caculFirstRow (PagingResultSet.java:132) 
 resultSet.getType:1003
[INFO ] [2014-05-07 10:03:09] caculFirstRow (PagingResultSet.java:132) 
 resultSet.getType:1003
[INFO ] [2014-05-07 10:03:09] postHandle (NspApplicationContextInterceptor.java:42) 
 viewName : foundation/platform/pagelet/v1.0/paltformManger/customAppUI
[ERROR] [2014-05-07 10:03:09] logVelocityMessage (CommonsLoggingLogSystem.java:49) 
 ResourceManager : unable to find resource 'foundation/platform/pagelet/v1.0/paltformManger/customAppUI.html.html' in any resource loader.
[INFO ] [2014-05-07 10:03:10] caculFirstRow (PagingResultSet.java:132) 
 resultSet.getType:1003
[INFO ] [2014-05-07 10:03:10] caculFirstRow (PagingResultSet.java:132) 
 resultSet.getType:1003
[INFO ] [2014-05-07 10:03:10] caculFirstRow (PagingResultSet.java:132) 
 resultSet.getType:1003
[ERROR] [2014-05-07 10:03:18] resolveException (SystemExceptionHandler.java:48) 
 java.lang.NullPointerException
	at cn.newcapec.function.platform.controller.LoginController.appUI(LoginController.java:82)
	at sun.reflect.NativeMethodAccessorImpl.invoke0(Native Method)
	at sun.reflect.NativeMethodAccessorImpl.invoke(NativeMethodAccessorImpl.java:57)
	at sun.reflect.DelegatingMethodAccessorImpl.invoke(DelegatingMethodAccessorImpl.java:43)
	at java.lang.reflect.Method.invoke(Method.java:606)
	at org.springframework.web.method.support.InvocableHandlerMethod.invoke(InvocableHandlerMethod.java:219)
	at org.springframework.web.method.support.InvocableHandlerMethod.invokeForRequest(InvocableHandlerMethod.java:132)
	at org.springframework.web.servlet.mvc.method.annotation.ServletInvocableHandlerMethod.invokeAndHandle(ServletInvocableHandlerMethod.java:104)
	at org.springframework.web.servlet.mvc.method.annotation.RequestMappingHandlerAdapter.invokeHandleMethod(RequestMappingHandlerAdapter.java:745)
	at org.springframework.web.servlet.mvc.method.annotation.RequestMappingHandlerAdapter.handleInternal(RequestMappingHandlerAdapter.java:686)
	at org.springframework.web.servlet.mvc.method.AbstractHandlerMethodAdapter.handle(AbstractHandlerMethodAdapter.java:80)
	at org.springframework.web.servlet.DispatcherServlet.doDispatch(DispatcherServlet.java:925)
	at org.springframework.web.servlet.DispatcherServlet.doService(DispatcherServlet.java:856)
	at org.springframework.web.servlet.FrameworkServlet.processRequest(FrameworkServlet.java:936)
	at org.springframework.web.servlet.FrameworkServlet.doGet(FrameworkServlet.java:827)
	at javax.servlet.http.HttpServlet.service(HttpServlet.java:707)
	at org.springframework.web.servlet.FrameworkServlet.service(FrameworkServlet.java:812)
	at javax.servlet.http.HttpServlet.service(HttpServlet.java:820)
	at org.eclipse.jetty.servlet.ServletHolder.handle(ServletHolder.java:565)
	at org.eclipse.jetty.servlet.ServletHandler$CachedChain.doFilter(ServletHandler.java:1360)
	at cn.newcapec.framework.core.filter.PagerFilter.doFilter(PagerFilter.java:37)
	at org.eclipse.jetty.servlet.ServletHandler$CachedChain.doFilter(ServletHandler.java:1331)
	at org.springframework.web.filter.CharacterEncodingFilter.doFilterInternal(CharacterEncodingFilter.java:88)
	at org.springframework.web.filter.OncePerRequestFilter.doFilter(OncePerRequestFilter.java:107)
	at org.eclipse.jetty.servlet.ServletHandler$CachedChain.doFilter(ServletHandler.java:1331)
	at cn.newcapec.framework.core.filter.RequestEncodeFilter.doFilter(RequestEncodeFilter.java:63)
	at org.eclipse.jetty.servlet.ServletHandler$CachedChain.doFilter(ServletHandler.java:1331)
	at org.springframework.orm.hibernate3.support.OpenSessionInViewFilter.doFilterInternal(OpenSessionInViewFilter.java:230)
	at org.springframework.web.filter.OncePerRequestFilter.doFilter(OncePerRequestFilter.java:107)
	at org.eclipse.jetty.servlet.ServletHandler$CachedChain.doFilter(ServletHandler.java:1331)
	at org.eclipse.jetty.servlet.ServletHandler.doHandle(ServletHandler.java:477)
	at org.eclipse.jetty.server.handler.ScopedHandler.handle(ScopedHandler.java:119)
	at org.eclipse.jetty.security.SecurityHandler.handle(SecurityHandler.java:524)
	at org.eclipse.jetty.server.session.SessionHandler.doHandle(SessionHandler.java:227)
	at org.eclipse.jetty.server.handler.ContextHandler.doHandle(ContextHandler.java:1031)
	at org.eclipse.jetty.servlet.ServletHandler.doScope(ServletHandler.java:406)
	at org.eclipse.jetty.server.session.SessionHandler.doScope(SessionHandler.java:186)
	at org.eclipse.jetty.server.handler.ContextHandler.doScope(ContextHandler.java:965)
	at org.eclipse.jetty.server.handler.ScopedHandler.handle(ScopedHandler.java:117)
	at org.eclipse.jetty.server.handler.HandlerWrapper.handle(HandlerWrapper.java:111)
	at org.eclipse.jetty.server.Server.handle(Server.java:349)
	at org.eclipse.jetty.server.AbstractHttpConnection.handleRequest(AbstractHttpConnection.java:452)
	at org.eclipse.jetty.server.AbstractHttpConnection.headerComplete(AbstractHttpConnection.java:884)
	at org.eclipse.jetty.server.AbstractHttpConnection$RequestHandler.headerComplete(AbstractHttpConnection.java:938)
	at org.eclipse.jetty.http.HttpParser.parseNext(HttpParser.java:634)
	at org.eclipse.jetty.http.HttpParser.parseAvailable(HttpParser.java:230)
	at org.eclipse.jetty.server.AsyncHttpConnection.handle(AsyncHttpConnection.java:77)
	at org.eclipse.jetty.io.nio.SelectChannelEndPoint.handle(SelectChannelEndPoint.java:609)
	at org.eclipse.jetty.io.nio.SelectChannelEndPoint$1.run(SelectChannelEndPoint.java:45)
	at org.eclipse.jetty.util.thread.QueuedThreadPool.runJob(QueuedThreadPool.java:599)
	at org.eclipse.jetty.util.thread.QueuedThreadPool$3.run(QueuedThreadPool.java:534)
	at java.lang.Thread.run(Thread.java:744)

[INFO ] [2014-05-07 10:03:26] postHandle (NspApplicationContextInterceptor.java:42) 
 viewName : index
[ERROR] [2014-05-07 10:03:27] logVelocityMessage (CommonsLoggingLogSystem.java:49) 
 ResourceManager : unable to find resource 'index.html.html' in any resource loader.
[INFO ] [2014-05-07 10:03:27] logVelocityMessage (CommonsLoggingLogSystem.java:55) 
 Null reference [template 'index.html', line 124, column 27] : $window cannot be resolved.
[INFO ] [2014-05-07 10:03:27] logVelocityMessage (CommonsLoggingLogSystem.java:55) 
 Null reference [template 'index.html', line 126, column 25] : $window.onload cannot be resolved.
[INFO ] [2014-05-07 10:03:43] caculFirstRow (PagingResultSet.java:132) 
 resultSet.getType:1003
[INFO ] [2014-05-07 10:03:43] postHandle (NspApplicationContextInterceptor.java:42) 
 viewName : foundation/win8/pagelet/v1.0/indexUI
[ERROR] [2014-05-07 10:03:43] logVelocityMessage (CommonsLoggingLogSystem.java:49) 
 ResourceManager : unable to find resource 'foundation/win8/pagelet/v1.0/indexUI.html.html' in any resource loader.
[INFO ] [2014-05-07 10:03:47] caculFirstRow (PagingResultSet.java:132) 
 resultSet.getType:1003
[INFO ] [2014-05-07 10:03:47] caculFirstRow (PagingResultSet.java:132) 
 resultSet.getType:1003
[INFO ] [2014-05-07 10:03:47] postHandle (NspApplicationContextInterceptor.java:42) 
 viewName : foundation/platform/pagelet/v1.0/paltformManger/app
[ERROR] [2014-05-07 10:03:47] logVelocityMessage (CommonsLoggingLogSystem.java:49) 
 ResourceManager : unable to find resource 'foundation/platform/pagelet/v1.0/paltformManger/app.html.html' in any resource loader.
[INFO ] [2014-05-07 11:21:04] caculFirstRow (PagingResultSet.java:132) 
 resultSet.getType:1003
[INFO ] [2014-05-07 11:21:08] caculFirstRow (PagingResultSet.java:132) 
 resultSet.getType:1003
[INFO ] [2014-05-07 11:21:09] caculFirstRow (PagingResultSet.java:132) 
 resultSet.getType:1003
[INFO ] [2014-05-07 11:24:13] caculFirstRow (PagingResultSet.java:132) 
 resultSet.getType:1003
[INFO ] [2014-05-07 11:24:13] caculFirstRow (PagingResultSet.java:132) 
 resultSet.getType:1003
[INFO ] [2014-05-07 11:24:13] caculFirstRow (PagingResultSet.java:132) 
 resultSet.getType:1003
[INFO ] [2014-05-07 11:24:13] postHandle (NspApplicationContextInterceptor.java:42) 
 viewName : foundation/platform/pagelet/v1.0/paltformManger/customAppUI
[INFO ] [2014-05-07 11:24:14] caculFirstRow (PagingResultSet.java:132) 
 resultSet.getType:1003
[INFO ] [2014-05-07 11:24:14] caculFirstRow (PagingResultSet.java:132) 
 resultSet.getType:1003
[INFO ] [2014-05-07 11:24:14] caculFirstRow (PagingResultSet.java:132) 
 resultSet.getType:1003
[INFO ] [2014-05-07 11:24:16] caculFirstRow (PagingResultSet.java:132) 
 resultSet.getType:1003
[INFO ] [2014-05-07 11:24:18] caculFirstRow (PagingResultSet.java:132) 
 resultSet.getType:1003
[INFO ] [2014-05-07 11:24:18] caculFirstRow (PagingResultSet.java:132) 
 resultSet.getType:1003
[INFO ] [2014-05-07 11:24:18] caculFirstRow (PagingResultSet.java:132) 
 resultSet.getType:1003
[INFO ] [2014-05-07 11:24:18] postHandle (NspApplicationContextInterceptor.java:42) 
 viewName : foundation/platform/pagelet/v1.0/paltformManger/customAppUI
[INFO ] [2014-05-07 11:24:18] caculFirstRow (PagingResultSet.java:132) 
 resultSet.getType:1003
[INFO ] [2014-05-07 11:24:18] caculFirstRow (PagingResultSet.java:132) 
 resultSet.getType:1003
[INFO ] [2014-05-07 11:24:18] caculFirstRow (PagingResultSet.java:132) 
 resultSet.getType:1003
[INFO ] [2014-05-07 11:24:20] caculFirstRow (PagingResultSet.java:132) 
 resultSet.getType:1003
[INFO ] [2014-05-07 11:25:04] caculFirstRow (PagingResultSet.java:132) 
 resultSet.getType:1003
[INFO ] [2014-05-07 11:25:04] caculFirstRow (PagingResultSet.java:132) 
 resultSet.getType:1003
[INFO ] [2014-05-07 11:25:04] postHandle (NspApplicationContextInterceptor.java:42) 
 viewName : foundation/platform/pagelet/v1.0/paltformManger/app
[INFO ] [2014-05-07 11:31:55] caculFirstRow (PagingResultSet.java:132) 
 resultSet.getType:1003
[INFO ] [2014-05-07 11:31:55] caculFirstRow (PagingResultSet.java:132) 
 resultSet.getType:1003
[INFO ] [2014-05-07 11:31:55] postHandle (NspApplicationContextInterceptor.java:42) 
 viewName : foundation/menuMang/pagelet/v1.0/indexUI
[ERROR] [2014-05-07 11:31:55] logVelocityMessage (CommonsLoggingLogSystem.java:49) 
 ResourceManager : unable to find resource 'foundation/menuMang/pagelet/v1.0/indexUI.html.html' in any resource loader.
[INFO ] [2014-05-07 11:31:57] caculFirstRow (PagingResultSet.java:132) 
 resultSet.getType:1003
[INFO ] [2014-05-07 11:31:59] caculFirstRow (PagingResultSet.java:132) 
 resultSet.getType:1003
[INFO ] [2014-05-07 11:31:59] caculFirstRow (PagingResultSet.java:132) 
 resultSet.getType:1003
[INFO ] [2014-05-07 11:32:05] caculFirstRow (PagingResultSet.java:132) 
 resultSet.getType:1003
[INFO ] [2014-05-07 11:32:05] postHandle (NspApplicationContextInterceptor.java:42) 
 viewName : foundation/legelPerson/pagelet/v1.0/manageAndPermitUI
[ERROR] [2014-05-07 11:32:05] logVelocityMessage (CommonsLoggingLogSystem.java:49) 
 ResourceManager : unable to find resource 'foundation/legelPerson/pagelet/v1.0/manageAndPermitUI.html.html' in any resource loader.
[INFO ] [2014-05-07 11:32:13] postHandle (NspApplicationContextInterceptor.java:42) 
 viewName : foundation/legelPerson/pagelet/v1.0/indexUI
[ERROR] [2014-05-07 11:32:13] logVelocityMessage (CommonsLoggingLogSystem.java:49) 
 ResourceManager : unable to find resource 'foundation/legelPerson/pagelet/v1.0/indexUI.html.html' in any resource loader.
[INFO ] [2014-05-07 11:32:16] postHandle (NspApplicationContextInterceptor.java:42) 
 viewName : foundation/legelPerson/pagelet/v1.0/indexUI
[INFO ] [2014-05-07 11:32:16] postHandle (NspApplicationContextInterceptor.java:42) 
 viewName : foundation/legelPerson/pagelet/v1.0/indexUI
[INFO ] [2014-05-07 13:07:33] caculFirstRow (PagingResultSet.java:132) 
 resultSet.getType:1003
[INFO ] [2014-05-07 13:07:33] postHandle (NspApplicationContextInterceptor.java:42) 
 viewName : foundation/legelPerson/pagelet/v1.0/manageAndPermitUI
[WARN ] [2014-05-07 13:07:52] noHandlerFound (DispatcherServlet.java:1108) 
 No mapping found for HTTP request with URI [/controller/legelPerson/edit] in DispatcherServlet with name 'multiViewController'
[WARN ] [2014-05-07 13:07:54] noHandlerFound (DispatcherServlet.java:1108) 
 No mapping found for HTTP request with URI [/controller/legelPerson/edit] in DispatcherServlet with name 'multiViewController'
[WARN ] [2014-05-07 13:07:54] noHandlerFound (DispatcherServlet.java:1108) 
 No mapping found for HTTP request with URI [/controller/legelPerson/edit] in DispatcherServlet with name 'multiViewController'
[WARN ] [2014-05-07 13:07:54] noHandlerFound (DispatcherServlet.java:1108) 
 No mapping found for HTTP request with URI [/controller/legelPerson/edit] in DispatcherServlet with name 'multiViewController'
