[INFO ] [2013-12-24 17:31:40] init (DefaultLocalCache.java:73) 
 DefaultCache CheckService is start!
[INFO ] [2013-12-24 17:31:40] initServletBean (FrameworkServlet.java:454) 
 FrameworkServlet 'multiViewController': initialization started
[INFO ] [2013-12-24 17:31:40] prepareRefresh (AbstractApplicationContext.java:510) 
 Refreshing WebApplicationContext for namespace 'multiViewController-servlet': startup date [Tue Dec 24 17:31:40 CST 2013]; parent: Root WebApplicationContext
[INFO ] [2013-12-24 17:31:40] preInstantiateSingletons (DefaultListableBeanFactory.java:598) 
 Pre-instantiating singletons in org.springframework.beans.factory.support.DefaultListableBeanFactory@1f3740d: defining beans []; parent: org.springframework.beans.factory.support.DefaultListableBeanFactory@aa12e5
[INFO ] [2013-12-24 17:31:40] initServletBean (FrameworkServlet.java:473) 
 FrameworkServlet 'multiViewController': initialization completed in 31 ms
[INFO ] [2013-12-24 17:32:05] init (BaseResource.java:118) 
 method[GET] call!
[INFO ] [2013-12-24 17:32:05] <clinit> (TemplateEngine.java:23) 
 templatePath:/E:/platform/project/fundation-portal/src/main/webapp/
[INFO ] [2013-12-24 17:32:17] init (BaseResource.java:118) 
 method[POST] call!
[INFO ] [2013-12-24 17:32:18] init (BaseResource.java:118) 
 method[GET] call!
[INFO ] [2013-12-24 17:32:18] init (BaseResource.java:118) 
 method[GET] call!
[INFO ] [2013-12-24 17:32:20] init (BaseResource.java:118) 
 method[GET] call!
[INFO ] [2013-12-24 17:32:30] init (BaseResource.java:118) 
 method[POST] call!
[INFO ] [2013-12-24 17:32:33] init (BaseResource.java:118) 
 method[POST] call!
[INFO ] [2013-12-24 17:32:35] init (BaseResource.java:118) 
 method[GET] call!
[INFO ] [2013-12-24 17:32:42] init (BaseResource.java:118) 
 method[POST] call!
[INFO ] [2013-12-24 17:32:42] init (BaseResource.java:118) 
 method[GET] call!
[INFO ] [2013-12-24 17:32:46] init (BaseResource.java:118) 
 method[POST] call!
[INFO ] [2013-12-24 17:32:46] init (BaseResource.java:118) 
 method[POST] call!
[INFO ] [2013-12-24 17:32:48] init (BaseResource.java:118) 
 method[POST] call!
[INFO ] [2013-12-24 17:32:52] init (BaseResource.java:118) 
 method[GET] call!
[INFO ] [2013-12-24 17:32:56] init (BaseResource.java:118) 
 method[GET] call!
[INFO ] [2013-12-24 17:32:59] init (BaseResource.java:118) 
 method[POST] call!
[INFO ] [2013-12-24 17:34:44] init (BaseResource.java:118) 
 method[POST] call!
[INFO ] [2013-12-24 17:34:45] init (BaseResource.java:118) 
 method[POST] call!
[INFO ] [2013-12-24 17:34:49] init (BaseResource.java:118) 
 method[POST] call!
[INFO ] [2013-12-24 17:35:00] init (BaseResource.java:118) 
 method[GET] call!
[INFO ] [2013-12-24 17:35:05] init (BaseResource.java:118) 
 method[POST] call!
[INFO ] [2013-12-24 17:35:05] init (BaseResource.java:118) 
 method[GET] call!
[INFO ] [2013-12-24 17:48:43] init (DefaultLocalCache.java:73) 
 DefaultCache CheckService is start!
[INFO ] [2013-12-24 17:48:44] initServletBean (FrameworkServlet.java:454) 
 FrameworkServlet 'multiViewController': initialization started
[INFO ] [2013-12-24 17:48:44] prepareRefresh (AbstractApplicationContext.java:510) 
 Refreshing WebApplicationContext for namespace 'multiViewController-servlet': startup date [Tue Dec 24 17:48:44 CST 2013]; parent: Root WebApplicationContext
[INFO ] [2013-12-24 17:48:44] preInstantiateSingletons (DefaultListableBeanFactory.java:598) 
 Pre-instantiating singletons in org.springframework.beans.factory.support.DefaultListableBeanFactory@79ad9c: defining beans []; parent: org.springframework.beans.factory.support.DefaultListableBeanFactory@94b0ca
[INFO ] [2013-12-24 17:48:44] initServletBean (FrameworkServlet.java:473) 
 FrameworkServlet 'multiViewController': initialization completed in 0 ms
[INFO ] [2013-12-24 17:48:44] init (BaseResource.java:118) 
 method[GET] call!
[ERROR] [2013-12-24 17:48:44] getRepresentation (ExceptionStatusService.java:43) 
 The server has not found anything matching the request URI
[INFO ] [2013-12-24 17:48:44] init (BaseResource.java:118) 
 method[GET] call!
[INFO ] [2013-12-24 17:48:44] <clinit> (TemplateEngine.java:23) 
 templatePath:/E:/platform/project/fundation-portal/src/main/webapp/
[INFO ] [2013-12-24 17:48:47] init (BaseResource.java:118) 
 method[POST] call!
[INFO ] [2013-12-24 17:48:48] init (BaseResource.java:118) 
 method[GET] call!
[INFO ] [2013-12-24 17:48:48] init (BaseResource.java:118) 
 method[GET] call!
[INFO ] [2013-12-24 17:48:49] init (BaseResource.java:118) 
 method[GET] call!
[INFO ] [2013-12-24 17:48:50] init (BaseResource.java:118) 
 method[GET] call!
[INFO ] [2013-12-24 17:48:50] init (BaseResource.java:118) 
 method[GET] call!
[INFO ] [2013-12-24 17:48:51] init (BaseResource.java:118) 
 method[POST] call!
[INFO ] [2013-12-24 17:49:05] init (BaseResource.java:118) 
 method[GET] call!
[INFO ] [2013-12-24 17:49:06] init (BaseResource.java:118) 
 method[GET] call!
[INFO ] [2013-12-24 17:49:07] init (BaseResource.java:118) 
 method[GET] call!
[INFO ] [2013-12-24 17:49:09] init (BaseResource.java:118) 
 method[GET] call!
[INFO ] [2013-12-24 17:49:11] init (BaseResource.java:118) 
 method[POST] call!
[INFO ] [2013-12-24 17:55:23] init (DefaultLocalCache.java:73) 
 DefaultCache CheckService is start!
[INFO ] [2013-12-24 17:55:23] initServletBean (FrameworkServlet.java:454) 
 FrameworkServlet 'multiViewController': initialization started
[INFO ] [2013-12-24 17:55:23] prepareRefresh (AbstractApplicationContext.java:510) 
 Refreshing WebApplicationContext for namespace 'multiViewController-servlet': startup date [Tue Dec 24 17:55:23 CST 2013]; parent: Root WebApplicationContext
[INFO ] [2013-12-24 17:55:23] preInstantiateSingletons (DefaultListableBeanFactory.java:598) 
 Pre-instantiating singletons in org.springframework.beans.factory.support.DefaultListableBeanFactory@f268d7: defining beans []; parent: org.springframework.beans.factory.support.DefaultListableBeanFactory@15ef156
[INFO ] [2013-12-24 17:55:23] initServletBean (FrameworkServlet.java:473) 
 FrameworkServlet 'multiViewController': initialization completed in 16 ms
[INFO ] [2013-12-24 17:55:39] init (BaseResource.java:118) 
 method[GET] call!
[INFO ] [2013-12-24 17:55:39] <clinit> (TemplateEngine.java:23) 
 templatePath:/E:/platform/project/fundation-portal/src/main/webapp/
[INFO ] [2013-12-24 17:55:41] init (BaseResource.java:118) 
 method[POST] call!
[INFO ] [2013-12-24 17:55:41] init (BaseResource.java:118) 
 method[GET] call!
[ERROR] [2013-12-24 17:55:41] doExpAssert (BaseResource.java:98) 
 cn.newcapec.framework.core.exception.BaseException: 视图不存在！
	at cn.newcapec.framework.core.exception.asserts.Assert.isTrue(Assert.java:14)
	at cn.newcapec.foundation.portal.rest.TraditionResource$1.AssertMethod(TraditionResource.java:67)
	at cn.newcapec.framework.core.rest.BaseResource.doExpAssert(BaseResource.java:94)
	at cn.newcapec.foundation.portal.rest.TraditionResource.index(TraditionResource.java:61)
	at sun.reflect.NativeMethodAccessorImpl.invoke0(Native Method)
	at sun.reflect.NativeMethodAccessorImpl.invoke(NativeMethodAccessorImpl.java:39)
	at sun.reflect.DelegatingMethodAccessorImpl.invoke(DelegatingMethodAccessorImpl.java:25)
	at java.lang.reflect.Method.invoke(Method.java:597)
	at cn.newcapec.framework.core.rest.BaseResource.callMethod(BaseResource.java:345)
	at cn.newcapec.framework.core.rest.BaseResource.handleGet(BaseResource.java:205)
	at org.restlet.Finder.handle(Finder.java:353)
	at org.restlet.Filter.doHandle(Filter.java:150)
	at org.restlet.Filter.handle(Filter.java:195)
	at org.restlet.Router.handle(Router.java:504)
	at org.restlet.Filter.doHandle(Filter.java:150)
	at org.restlet.Filter.handle(Filter.java:195)
	at org.restlet.Router.handle(Router.java:504)
	at org.restlet.Filter.doHandle(Filter.java:150)
	at org.restlet.Filter.handle(Filter.java:195)
	at org.restlet.Filter.doHandle(Filter.java:150)
	at org.restlet.Filter.handle(Filter.java:195)
	at org.restlet.Filter.doHandle(Filter.java:150)
	at com.noelios.restlet.StatusFilter.doHandle(StatusFilter.java:130)
	at org.restlet.Filter.handle(Filter.java:195)
	at org.restlet.Filter.doHandle(Filter.java:150)
	at org.restlet.Filter.handle(Filter.java:195)
	at com.noelios.restlet.ChainHelper.handle(ChainHelper.java:124)
	at com.noelios.restlet.application.ApplicationHelper.handle(ApplicationHelper.java:112)
	at org.restlet.Application.handle(Application.java:341)
	at org.restlet.Filter.doHandle(Filter.java:150)
	at org.restlet.Filter.handle(Filter.java:195)
	at org.restlet.Router.handle(Router.java:504)
	at org.restlet.Filter.doHandle(Filter.java:150)
	at org.restlet.Filter.handle(Filter.java:195)
	at org.restlet.Router.handle(Router.java:504)
	at org.restlet.Filter.doHandle(Filter.java:150)
	at com.noelios.restlet.StatusFilter.doHandle(StatusFilter.java:130)
	at org.restlet.Filter.handle(Filter.java:195)
	at org.restlet.Filter.doHandle(Filter.java:150)
	at org.restlet.Filter.handle(Filter.java:195)
	at com.noelios.restlet.ChainHelper.handle(ChainHelper.java:124)
	at org.restlet.Component.handle(Component.java:673)
	at org.restlet.Server.handle(Server.java:331)
	at com.noelios.restlet.ServerHelper.handle(ServerHelper.java:68)
	at com.noelios.restlet.http.HttpServerHelper.handle(HttpServerHelper.java:147)
	at com.noelios.restlet.ext.servlet.ServerServlet.service(ServerServlet.java:881)
	at javax.servlet.http.HttpServlet.service(HttpServlet.java:820)
	at org.mortbay.jetty.servlet.ServletHolder.handle(ServletHolder.java:511)
	at org.mortbay.jetty.servlet.ServletHandler$CachedChain.doFilter(ServletHandler.java:1221)
	at cn.newcapec.framework.core.filter.PagerFilter.doFilter(PagerFilter.java:24)
	at org.mortbay.jetty.servlet.ServletHandler$CachedChain.doFilter(ServletHandler.java:1212)
	at org.springframework.web.filter.CharacterEncodingFilter.doFilterInternal(CharacterEncodingFilter.java:88)
	at org.springframework.web.filter.OncePerRequestFilter.doFilter(OncePerRequestFilter.java:107)
	at org.mortbay.jetty.servlet.ServletHandler$CachedChain.doFilter(ServletHandler.java:1212)
	at cn.newcapec.framework.core.filter.RequestEncodeFilter.doFilter(RequestEncodeFilter.java:63)
	at org.mortbay.jetty.servlet.ServletHandler$CachedChain.doFilter(ServletHandler.java:1212)
	at org.springframework.orm.hibernate3.support.OpenSessionInViewFilter.doFilterInternal(OpenSessionInViewFilter.java:230)
	at org.springframework.web.filter.OncePerRequestFilter.doFilter(OncePerRequestFilter.java:107)
	at org.mortbay.jetty.servlet.ServletHandler$CachedChain.doFilter(ServletHandler.java:1212)
	at org.mortbay.jetty.servlet.ServletHandler.handle(ServletHandler.java:399)
	at org.mortbay.jetty.security.SecurityHandler.handle(SecurityHandler.java:216)
	at org.mortbay.jetty.servlet.SessionHandler.handle(SessionHandler.java:182)
	at org.mortbay.jetty.handler.ContextHandler.handle(ContextHandler.java:766)
	at org.mortbay.jetty.webapp.WebAppContext.handle(WebAppContext.java:450)
	at org.mortbay.jetty.handler.ContextHandlerCollection.handle(ContextHandlerCollection.java:230)
	at org.mortbay.jetty.handler.HandlerCollection.handle(HandlerCollection.java:114)
	at org.mortbay.jetty.handler.HandlerWrapper.handle(HandlerWrapper.java:152)
	at org.mortbay.jetty.Server.handle(Server.java:326)
	at org.mortbay.jetty.HttpConnection.handleRequest(HttpConnection.java:542)
	at org.mortbay.jetty.HttpConnection$RequestHandler.headerComplete(HttpConnection.java:928)
	at org.mortbay.jetty.HttpParser.parseNext(HttpParser.java:549)
	at org.mortbay.jetty.HttpParser.parseAvailable(HttpParser.java:212)
	at org.mortbay.jetty.HttpConnection.handle(HttpConnection.java:404)
	at org.mortbay.io.nio.SelectChannelEndPoint.run(SelectChannelEndPoint.java:410)
	at org.mortbay.thread.QueuedThreadPool$PoolThread.run(QueuedThreadPool.java:582)

[ERROR] [2013-12-24 17:55:41] callMethod (BaseResource.java:361) 
 java.lang.reflect.InvocationTargetException
	at sun.reflect.NativeMethodAccessorImpl.invoke0(Native Method)
	at sun.reflect.NativeMethodAccessorImpl.invoke(NativeMethodAccessorImpl.java:39)
	at sun.reflect.DelegatingMethodAccessorImpl.invoke(DelegatingMethodAccessorImpl.java:25)
	at java.lang.reflect.Method.invoke(Method.java:597)
	at cn.newcapec.framework.core.rest.BaseResource.callMethod(BaseResource.java:345)
	at cn.newcapec.framework.core.rest.BaseResource.handleGet(BaseResource.java:205)
	at org.restlet.Finder.handle(Finder.java:353)
	at org.restlet.Filter.doHandle(Filter.java:150)
	at org.restlet.Filter.handle(Filter.java:195)
	at org.restlet.Router.handle(Router.java:504)
	at org.restlet.Filter.doHandle(Filter.java:150)
	at org.restlet.Filter.handle(Filter.java:195)
	at org.restlet.Router.handle(Router.java:504)
	at org.restlet.Filter.doHandle(Filter.java:150)
	at org.restlet.Filter.handle(Filter.java:195)
	at org.restlet.Filter.doHandle(Filter.java:150)
	at org.restlet.Filter.handle(Filter.java:195)
	at org.restlet.Filter.doHandle(Filter.java:150)
	at com.noelios.restlet.StatusFilter.doHandle(StatusFilter.java:130)
	at org.restlet.Filter.handle(Filter.java:195)
	at org.restlet.Filter.doHandle(Filter.java:150)
	at org.restlet.Filter.handle(Filter.java:195)
	at com.noelios.restlet.ChainHelper.handle(ChainHelper.java:124)
	at com.noelios.restlet.application.ApplicationHelper.handle(ApplicationHelper.java:112)
	at org.restlet.Application.handle(Application.java:341)
	at org.restlet.Filter.doHandle(Filter.java:150)
	at org.restlet.Filter.handle(Filter.java:195)
	at org.restlet.Router.handle(Router.java:504)
	at org.restlet.Filter.doHandle(Filter.java:150)
	at org.restlet.Filter.handle(Filter.java:195)
	at org.restlet.Router.handle(Router.java:504)
	at org.restlet.Filter.doHandle(Filter.java:150)
	at com.noelios.restlet.StatusFilter.doHandle(StatusFilter.java:130)
	at org.restlet.Filter.handle(Filter.java:195)
	at org.restlet.Filter.doHandle(Filter.java:150)
	at org.restlet.Filter.handle(Filter.java:195)
	at com.noelios.restlet.ChainHelper.handle(ChainHelper.java:124)
	at org.restlet.Component.handle(Component.java:673)
	at org.restlet.Server.handle(Server.java:331)
	at com.noelios.restlet.ServerHelper.handle(ServerHelper.java:68)
	at com.noelios.restlet.http.HttpServerHelper.handle(HttpServerHelper.java:147)
	at com.noelios.restlet.ext.servlet.ServerServlet.service(ServerServlet.java:881)
	at javax.servlet.http.HttpServlet.service(HttpServlet.java:820)
	at org.mortbay.jetty.servlet.ServletHolder.handle(ServletHolder.java:511)
	at org.mortbay.jetty.servlet.ServletHandler$CachedChain.doFilter(ServletHandler.java:1221)
	at cn.newcapec.framework.core.filter.PagerFilter.doFilter(PagerFilter.java:24)
	at org.mortbay.jetty.servlet.ServletHandler$CachedChain.doFilter(ServletHandler.java:1212)
	at org.springframework.web.filter.CharacterEncodingFilter.doFilterInternal(CharacterEncodingFilter.java:88)
	at org.springframework.web.filter.OncePerRequestFilter.doFilter(OncePerRequestFilter.java:107)
	at org.mortbay.jetty.servlet.ServletHandler$CachedChain.doFilter(ServletHandler.java:1212)
	at cn.newcapec.framework.core.filter.RequestEncodeFilter.doFilter(RequestEncodeFilter.java:63)
	at org.mortbay.jetty.servlet.ServletHandler$CachedChain.doFilter(ServletHandler.java:1212)
	at org.springframework.orm.hibernate3.support.OpenSessionInViewFilter.doFilterInternal(OpenSessionInViewFilter.java:230)
	at org.springframework.web.filter.OncePerRequestFilter.doFilter(OncePerRequestFilter.java:107)
	at org.mortbay.jetty.servlet.ServletHandler$CachedChain.doFilter(ServletHandler.java:1212)
	at org.mortbay.jetty.servlet.ServletHandler.handle(ServletHandler.java:399)
	at org.mortbay.jetty.security.SecurityHandler.handle(SecurityHandler.java:216)
	at org.mortbay.jetty.servlet.SessionHandler.handle(SessionHandler.java:182)
	at org.mortbay.jetty.handler.ContextHandler.handle(ContextHandler.java:766)
	at org.mortbay.jetty.webapp.WebAppContext.handle(WebAppContext.java:450)
	at org.mortbay.jetty.handler.ContextHandlerCollection.handle(ContextHandlerCollection.java:230)
	at org.mortbay.jetty.handler.HandlerCollection.handle(HandlerCollection.java:114)
	at org.mortbay.jetty.handler.HandlerWrapper.handle(HandlerWrapper.java:152)
	at org.mortbay.jetty.Server.handle(Server.java:326)
	at org.mortbay.jetty.HttpConnection.handleRequest(HttpConnection.java:542)
	at org.mortbay.jetty.HttpConnection$RequestHandler.headerComplete(HttpConnection.java:928)
	at org.mortbay.jetty.HttpParser.parseNext(HttpParser.java:549)
	at org.mortbay.jetty.HttpParser.parseAvailable(HttpParser.java:212)
	at org.mortbay.jetty.HttpConnection.handle(HttpConnection.java:404)
	at org.mortbay.io.nio.SelectChannelEndPoint.run(SelectChannelEndPoint.java:410)
	at org.mortbay.thread.QueuedThreadPool$PoolThread.run(QueuedThreadPool.java:582)
Caused by: cn.newcapec.framework.core.exception.BaseException: 视图不存在！
	at cn.newcapec.framework.core.exception.asserts.Assert.isTrue(Assert.java:14)
	at cn.newcapec.foundation.portal.rest.TraditionResource$1.AssertMethod(TraditionResource.java:67)
	at cn.newcapec.framework.core.rest.BaseResource.doExpAssert(BaseResource.java:94)
	at cn.newcapec.foundation.portal.rest.TraditionResource.index(TraditionResource.java:61)
	... 71 more

[ERROR] [2013-12-24 17:55:41] callMethod (BaseResource.java:366) 
 java.lang.reflect.InvocationTargetException
	at sun.reflect.NativeMethodAccessorImpl.invoke0(Native Method)
	at sun.reflect.NativeMethodAccessorImpl.invoke(NativeMethodAccessorImpl.java:39)
	at sun.reflect.DelegatingMethodAccessorImpl.invoke(DelegatingMethodAccessorImpl.java:25)
	at java.lang.reflect.Method.invoke(Method.java:597)
	at cn.newcapec.framework.core.rest.BaseResource.callMethod(BaseResource.java:345)
	at cn.newcapec.framework.core.rest.BaseResource.handleGet(BaseResource.java:205)
	at org.restlet.Finder.handle(Finder.java:353)
	at org.restlet.Filter.doHandle(Filter.java:150)
	at org.restlet.Filter.handle(Filter.java:195)
	at org.restlet.Router.handle(Router.java:504)
	at org.restlet.Filter.doHandle(Filter.java:150)
	at org.restlet.Filter.handle(Filter.java:195)
	at org.restlet.Router.handle(Router.java:504)
	at org.restlet.Filter.doHandle(Filter.java:150)
	at org.restlet.Filter.handle(Filter.java:195)
	at org.restlet.Filter.doHandle(Filter.java:150)
	at org.restlet.Filter.handle(Filter.java:195)
	at org.restlet.Filter.doHandle(Filter.java:150)
	at com.noelios.restlet.StatusFilter.doHandle(StatusFilter.java:130)
	at org.restlet.Filter.handle(Filter.java:195)
	at org.restlet.Filter.doHandle(Filter.java:150)
	at org.restlet.Filter.handle(Filter.java:195)
	at com.noelios.restlet.ChainHelper.handle(ChainHelper.java:124)
	at com.noelios.restlet.application.ApplicationHelper.handle(ApplicationHelper.java:112)
	at org.restlet.Application.handle(Application.java:341)
	at org.restlet.Filter.doHandle(Filter.java:150)
	at org.restlet.Filter.handle(Filter.java:195)
	at org.restlet.Router.handle(Router.java:504)
	at org.restlet.Filter.doHandle(Filter.java:150)
	at org.restlet.Filter.handle(Filter.java:195)
	at org.restlet.Router.handle(Router.java:504)
	at org.restlet.Filter.doHandle(Filter.java:150)
	at com.noelios.restlet.StatusFilter.doHandle(StatusFilter.java:130)
	at org.restlet.Filter.handle(Filter.java:195)
	at org.restlet.Filter.doHandle(Filter.java:150)
	at org.restlet.Filter.handle(Filter.java:195)
	at com.noelios.restlet.ChainHelper.handle(ChainHelper.java:124)
	at org.restlet.Component.handle(Component.java:673)
	at org.restlet.Server.handle(Server.java:331)
	at com.noelios.restlet.ServerHelper.handle(ServerHelper.java:68)
	at com.noelios.restlet.http.HttpServerHelper.handle(HttpServerHelper.java:147)
	at com.noelios.restlet.ext.servlet.ServerServlet.service(ServerServlet.java:881)
	at javax.servlet.http.HttpServlet.service(HttpServlet.java:820)
	at org.mortbay.jetty.servlet.ServletHolder.handle(ServletHolder.java:511)
	at org.mortbay.jetty.servlet.ServletHandler$CachedChain.doFilter(ServletHandler.java:1221)
	at cn.newcapec.framework.core.filter.PagerFilter.doFilter(PagerFilter.java:24)
	at org.mortbay.jetty.servlet.ServletHandler$CachedChain.doFilter(ServletHandler.java:1212)
	at org.springframework.web.filter.CharacterEncodingFilter.doFilterInternal(CharacterEncodingFilter.java:88)
	at org.springframework.web.filter.OncePerRequestFilter.doFilter(OncePerRequestFilter.java:107)
	at org.mortbay.jetty.servlet.ServletHandler$CachedChain.doFilter(ServletHandler.java:1212)
	at cn.newcapec.framework.core.filter.RequestEncodeFilter.doFilter(RequestEncodeFilter.java:63)
	at org.mortbay.jetty.servlet.ServletHandler$CachedChain.doFilter(ServletHandler.java:1212)
	at org.springframework.orm.hibernate3.support.OpenSessionInViewFilter.doFilterInternal(OpenSessionInViewFilter.java:230)
	at org.springframework.web.filter.OncePerRequestFilter.doFilter(OncePerRequestFilter.java:107)
	at org.mortbay.jetty.servlet.ServletHandler$CachedChain.doFilter(ServletHandler.java:1212)
	at org.mortbay.jetty.servlet.ServletHandler.handle(ServletHandler.java:399)
	at org.mortbay.jetty.security.SecurityHandler.handle(SecurityHandler.java:216)
	at org.mortbay.jetty.servlet.SessionHandler.handle(SessionHandler.java:182)
	at org.mortbay.jetty.handler.ContextHandler.handle(ContextHandler.java:766)
	at org.mortbay.jetty.webapp.WebAppContext.handle(WebAppContext.java:450)
	at org.mortbay.jetty.handler.ContextHandlerCollection.handle(ContextHandlerCollection.java:230)
	at org.mortbay.jetty.handler.HandlerCollection.handle(HandlerCollection.java:114)
	at org.mortbay.jetty.handler.HandlerWrapper.handle(HandlerWrapper.java:152)
	at org.mortbay.jetty.Server.handle(Server.java:326)
	at org.mortbay.jetty.HttpConnection.handleRequest(HttpConnection.java:542)
	at org.mortbay.jetty.HttpConnection$RequestHandler.headerComplete(HttpConnection.java:928)
	at org.mortbay.jetty.HttpParser.parseNext(HttpParser.java:549)
	at org.mortbay.jetty.HttpParser.parseAvailable(HttpParser.java:212)
	at org.mortbay.jetty.HttpConnection.handle(HttpConnection.java:404)
	at org.mortbay.io.nio.SelectChannelEndPoint.run(SelectChannelEndPoint.java:410)
	at org.mortbay.thread.QueuedThreadPool$PoolThread.run(QueuedThreadPool.java:582)
Caused by: cn.newcapec.framework.core.exception.BaseException: 视图不存在！
	at cn.newcapec.framework.core.exception.asserts.Assert.isTrue(Assert.java:14)
	at cn.newcapec.foundation.portal.rest.TraditionResource$1.AssertMethod(TraditionResource.java:67)
	at cn.newcapec.framework.core.rest.BaseResource.doExpAssert(BaseResource.java:94)
	at cn.newcapec.foundation.portal.rest.TraditionResource.index(TraditionResource.java:61)
	... 71 more

[INFO ] [2013-12-24 17:56:06] init (BaseResource.java:118) 
 method[GET] call!
[INFO ] [2013-12-24 17:56:06] init (BaseResource.java:118) 
 method[GET] call!
[INFO ] [2013-12-24 17:57:00] init (BaseResource.java:118) 
 method[GET] call!
[ERROR] [2013-12-24 17:57:00] getRepresentation (ExceptionStatusService.java:43) 
 The server has not found anything matching the request URI
[INFO ] [2013-12-24 17:57:01] init (BaseResource.java:118) 
 method[GET] call!
[INFO ] [2013-12-24 17:57:02] init (BaseResource.java:118) 
 method[GET] call!
[ERROR] [2013-12-24 17:57:02] doExpAssert (BaseResource.java:98) 
 cn.newcapec.framework.core.exception.BaseException: 视图不存在！
	at cn.newcapec.framework.core.exception.asserts.Assert.isTrue(Assert.java:14)
	at cn.newcapec.foundation.portal.rest.TraditionResource$1.AssertMethod(TraditionResource.java:67)
	at cn.newcapec.framework.core.rest.BaseResource.doExpAssert(BaseResource.java:94)
	at cn.newcapec.foundation.portal.rest.TraditionResource.index(TraditionResource.java:61)
	at sun.reflect.NativeMethodAccessorImpl.invoke0(Native Method)
	at sun.reflect.NativeMethodAccessorImpl.invoke(NativeMethodAccessorImpl.java:39)
	at sun.reflect.DelegatingMethodAccessorImpl.invoke(DelegatingMethodAccessorImpl.java:25)
	at java.lang.reflect.Method.invoke(Method.java:597)
	at cn.newcapec.framework.core.rest.BaseResource.callMethod(BaseResource.java:345)
	at cn.newcapec.framework.core.rest.BaseResource.handleGet(BaseResource.java:205)
	at org.restlet.Finder.handle(Finder.java:353)
	at org.restlet.Filter.doHandle(Filter.java:150)
	at org.restlet.Filter.handle(Filter.java:195)
	at org.restlet.Router.handle(Router.java:504)
	at org.restlet.Filter.doHandle(Filter.java:150)
	at org.restlet.Filter.handle(Filter.java:195)
	at org.restlet.Router.handle(Router.java:504)
	at org.restlet.Filter.doHandle(Filter.java:150)
	at org.restlet.Filter.handle(Filter.java:195)
	at org.restlet.Filter.doHandle(Filter.java:150)
	at org.restlet.Filter.handle(Filter.java:195)
	at org.restlet.Filter.doHandle(Filter.java:150)
	at com.noelios.restlet.StatusFilter.doHandle(StatusFilter.java:130)
	at org.restlet.Filter.handle(Filter.java:195)
	at org.restlet.Filter.doHandle(Filter.java:150)
	at org.restlet.Filter.handle(Filter.java:195)
	at com.noelios.restlet.ChainHelper.handle(ChainHelper.java:124)
	at com.noelios.restlet.application.ApplicationHelper.handle(ApplicationHelper.java:112)
	at org.restlet.Application.handle(Application.java:341)
	at org.restlet.Filter.doHandle(Filter.java:150)
	at org.restlet.Filter.handle(Filter.java:195)
	at org.restlet.Router.handle(Router.java:504)
	at org.restlet.Filter.doHandle(Filter.java:150)
	at org.restlet.Filter.handle(Filter.java:195)
	at org.restlet.Router.handle(Router.java:504)
	at org.restlet.Filter.doHandle(Filter.java:150)
	at com.noelios.restlet.StatusFilter.doHandle(StatusFilter.java:130)
	at org.restlet.Filter.handle(Filter.java:195)
	at org.restlet.Filter.doHandle(Filter.java:150)
	at org.restlet.Filter.handle(Filter.java:195)
	at com.noelios.restlet.ChainHelper.handle(ChainHelper.java:124)
	at org.restlet.Component.handle(Component.java:673)
	at org.restlet.Server.handle(Server.java:331)
	at com.noelios.restlet.ServerHelper.handle(ServerHelper.java:68)
	at com.noelios.restlet.http.HttpServerHelper.handle(HttpServerHelper.java:147)
	at com.noelios.restlet.ext.servlet.ServerServlet.service(ServerServlet.java:881)
	at javax.servlet.http.HttpServlet.service(HttpServlet.java:820)
	at org.mortbay.jetty.servlet.ServletHolder.handle(ServletHolder.java:511)
	at org.mortbay.jetty.servlet.ServletHandler$CachedChain.doFilter(ServletHandler.java:1221)
	at cn.newcapec.framework.core.filter.PagerFilter.doFilter(PagerFilter.java:24)
	at org.mortbay.jetty.servlet.ServletHandler$CachedChain.doFilter(ServletHandler.java:1212)
	at org.springframework.web.filter.CharacterEncodingFilter.doFilterInternal(CharacterEncodingFilter.java:88)
	at org.springframework.web.filter.OncePerRequestFilter.doFilter(OncePerRequestFilter.java:107)
	at org.mortbay.jetty.servlet.ServletHandler$CachedChain.doFilter(ServletHandler.java:1212)
	at cn.newcapec.framework.core.filter.RequestEncodeFilter.doFilter(RequestEncodeFilter.java:63)
	at org.mortbay.jetty.servlet.ServletHandler$CachedChain.doFilter(ServletHandler.java:1212)
	at org.springframework.orm.hibernate3.support.OpenSessionInViewFilter.doFilterInternal(OpenSessionInViewFilter.java:230)
	at org.springframework.web.filter.OncePerRequestFilter.doFilter(OncePerRequestFilter.java:107)
	at org.mortbay.jetty.servlet.ServletHandler$CachedChain.doFilter(ServletHandler.java:1212)
	at org.mortbay.jetty.servlet.ServletHandler.handle(ServletHandler.java:399)
	at org.mortbay.jetty.security.SecurityHandler.handle(SecurityHandler.java:216)
	at org.mortbay.jetty.servlet.SessionHandler.handle(SessionHandler.java:182)
	at org.mortbay.jetty.handler.ContextHandler.handle(ContextHandler.java:766)
	at org.mortbay.jetty.webapp.WebAppContext.handle(WebAppContext.java:450)
	at org.mortbay.jetty.handler.ContextHandlerCollection.handle(ContextHandlerCollection.java:230)
	at org.mortbay.jetty.handler.HandlerCollection.handle(HandlerCollection.java:114)
	at org.mortbay.jetty.handler.HandlerWrapper.handle(HandlerWrapper.java:152)
	at org.mortbay.jetty.Server.handle(Server.java:326)
	at org.mortbay.jetty.HttpConnection.handleRequest(HttpConnection.java:542)
	at org.mortbay.jetty.HttpConnection$RequestHandler.headerComplete(HttpConnection.java:928)
	at org.mortbay.jetty.HttpParser.parseNext(HttpParser.java:549)
	at org.mortbay.jetty.HttpParser.parseAvailable(HttpParser.java:212)
	at org.mortbay.jetty.HttpConnection.handle(HttpConnection.java:404)
	at org.mortbay.io.nio.SelectChannelEndPoint.run(SelectChannelEndPoint.java:410)
	at org.mortbay.thread.QueuedThreadPool$PoolThread.run(QueuedThreadPool.java:582)

[ERROR] [2013-12-24 17:57:02] callMethod (BaseResource.java:361) 
 java.lang.reflect.InvocationTargetException
	at sun.reflect.NativeMethodAccessorImpl.invoke0(Native Method)
	at sun.reflect.NativeMethodAccessorImpl.invoke(NativeMethodAccessorImpl.java:39)
	at sun.reflect.DelegatingMethodAccessorImpl.invoke(DelegatingMethodAccessorImpl.java:25)
	at java.lang.reflect.Method.invoke(Method.java:597)
	at cn.newcapec.framework.core.rest.BaseResource.callMethod(BaseResource.java:345)
	at cn.newcapec.framework.core.rest.BaseResource.handleGet(BaseResource.java:205)
	at org.restlet.Finder.handle(Finder.java:353)
	at org.restlet.Filter.doHandle(Filter.java:150)
	at org.restlet.Filter.handle(Filter.java:195)
	at org.restlet.Router.handle(Router.java:504)
	at org.restlet.Filter.doHandle(Filter.java:150)
	at org.restlet.Filter.handle(Filter.java:195)
	at org.restlet.Router.handle(Router.java:504)
	at org.restlet.Filter.doHandle(Filter.java:150)
	at org.restlet.Filter.handle(Filter.java:195)
	at org.restlet.Filter.doHandle(Filter.java:150)
	at org.restlet.Filter.handle(Filter.java:195)
	at org.restlet.Filter.doHandle(Filter.java:150)
	at com.noelios.restlet.StatusFilter.doHandle(StatusFilter.java:130)
	at org.restlet.Filter.handle(Filter.java:195)
	at org.restlet.Filter.doHandle(Filter.java:150)
	at org.restlet.Filter.handle(Filter.java:195)
	at com.noelios.restlet.ChainHelper.handle(ChainHelper.java:124)
	at com.noelios.restlet.application.ApplicationHelper.handle(ApplicationHelper.java:112)
	at org.restlet.Application.handle(Application.java:341)
	at org.restlet.Filter.doHandle(Filter.java:150)
	at org.restlet.Filter.handle(Filter.java:195)
	at org.restlet.Router.handle(Router.java:504)
	at org.restlet.Filter.doHandle(Filter.java:150)
	at org.restlet.Filter.handle(Filter.java:195)
	at org.restlet.Router.handle(Router.java:504)
	at org.restlet.Filter.doHandle(Filter.java:150)
	at com.noelios.restlet.StatusFilter.doHandle(StatusFilter.java:130)
	at org.restlet.Filter.handle(Filter.java:195)
	at org.restlet.Filter.doHandle(Filter.java:150)
	at org.restlet.Filter.handle(Filter.java:195)
	at com.noelios.restlet.ChainHelper.handle(ChainHelper.java:124)
	at org.restlet.Component.handle(Component.java:673)
	at org.restlet.Server.handle(Server.java:331)
	at com.noelios.restlet.ServerHelper.handle(ServerHelper.java:68)
	at com.noelios.restlet.http.HttpServerHelper.handle(HttpServerHelper.java:147)
	at com.noelios.restlet.ext.servlet.ServerServlet.service(ServerServlet.java:881)
	at javax.servlet.http.HttpServlet.service(HttpServlet.java:820)
	at org.mortbay.jetty.servlet.ServletHolder.handle(ServletHolder.java:511)
	at org.mortbay.jetty.servlet.ServletHandler$CachedChain.doFilter(ServletHandler.java:1221)
	at cn.newcapec.framework.core.filter.PagerFilter.doFilter(PagerFilter.java:24)
	at org.mortbay.jetty.servlet.ServletHandler$CachedChain.doFilter(ServletHandler.java:1212)
	at org.springframework.web.filter.CharacterEncodingFilter.doFilterInternal(CharacterEncodingFilter.java:88)
	at org.springframework.web.filter.OncePerRequestFilter.doFilter(OncePerRequestFilter.java:107)
	at org.mortbay.jetty.servlet.ServletHandler$CachedChain.doFilter(ServletHandler.java:1212)
	at cn.newcapec.framework.core.filter.RequestEncodeFilter.doFilter(RequestEncodeFilter.java:63)
	at org.mortbay.jetty.servlet.ServletHandler$CachedChain.doFilter(ServletHandler.java:1212)
	at org.springframework.orm.hibernate3.support.OpenSessionInViewFilter.doFilterInternal(OpenSessionInViewFilter.java:230)
	at org.springframework.web.filter.OncePerRequestFilter.doFilter(OncePerRequestFilter.java:107)
	at org.mortbay.jetty.servlet.ServletHandler$CachedChain.doFilter(ServletHandler.java:1212)
	at org.mortbay.jetty.servlet.ServletHandler.handle(ServletHandler.java:399)
	at org.mortbay.jetty.security.SecurityHandler.handle(SecurityHandler.java:216)
	at org.mortbay.jetty.servlet.SessionHandler.handle(SessionHandler.java:182)
	at org.mortbay.jetty.handler.ContextHandler.handle(ContextHandler.java:766)
	at org.mortbay.jetty.webapp.WebAppContext.handle(WebAppContext.java:450)
	at org.mortbay.jetty.handler.ContextHandlerCollection.handle(ContextHandlerCollection.java:230)
	at org.mortbay.jetty.handler.HandlerCollection.handle(HandlerCollection.java:114)
	at org.mortbay.jetty.handler.HandlerWrapper.handle(HandlerWrapper.java:152)
	at org.mortbay.jetty.Server.handle(Server.java:326)
	at org.mortbay.jetty.HttpConnection.handleRequest(HttpConnection.java:542)
	at org.mortbay.jetty.HttpConnection$RequestHandler.headerComplete(HttpConnection.java:928)
	at org.mortbay.jetty.HttpParser.parseNext(HttpParser.java:549)
	at org.mortbay.jetty.HttpParser.parseAvailable(HttpParser.java:212)
	at org.mortbay.jetty.HttpConnection.handle(HttpConnection.java:404)
	at org.mortbay.io.nio.SelectChannelEndPoint.run(SelectChannelEndPoint.java:410)
	at org.mortbay.thread.QueuedThreadPool$PoolThread.run(QueuedThreadPool.java:582)
Caused by: cn.newcapec.framework.core.exception.BaseException: 视图不存在！
	at cn.newcapec.framework.core.exception.asserts.Assert.isTrue(Assert.java:14)
	at cn.newcapec.foundation.portal.rest.TraditionResource$1.AssertMethod(TraditionResource.java:67)
	at cn.newcapec.framework.core.rest.BaseResource.doExpAssert(BaseResource.java:94)
	at cn.newcapec.foundation.portal.rest.TraditionResource.index(TraditionResource.java:61)
	... 71 more

[ERROR] [2013-12-24 17:57:02] callMethod (BaseResource.java:366) 
 java.lang.reflect.InvocationTargetException
	at sun.reflect.NativeMethodAccessorImpl.invoke0(Native Method)
	at sun.reflect.NativeMethodAccessorImpl.invoke(NativeMethodAccessorImpl.java:39)
	at sun.reflect.DelegatingMethodAccessorImpl.invoke(DelegatingMethodAccessorImpl.java:25)
	at java.lang.reflect.Method.invoke(Method.java:597)
	at cn.newcapec.framework.core.rest.BaseResource.callMethod(BaseResource.java:345)
	at cn.newcapec.framework.core.rest.BaseResource.handleGet(BaseResource.java:205)
	at org.restlet.Finder.handle(Finder.java:353)
	at org.restlet.Filter.doHandle(Filter.java:150)
	at org.restlet.Filter.handle(Filter.java:195)
	at org.restlet.Router.handle(Router.java:504)
	at org.restlet.Filter.doHandle(Filter.java:150)
	at org.restlet.Filter.handle(Filter.java:195)
	at org.restlet.Router.handle(Router.java:504)
	at org.restlet.Filter.doHandle(Filter.java:150)
	at org.restlet.Filter.handle(Filter.java:195)
	at org.restlet.Filter.doHandle(Filter.java:150)
	at org.restlet.Filter.handle(Filter.java:195)
	at org.restlet.Filter.doHandle(Filter.java:150)
	at com.noelios.restlet.StatusFilter.doHandle(StatusFilter.java:130)
	at org.restlet.Filter.handle(Filter.java:195)
	at org.restlet.Filter.doHandle(Filter.java:150)
	at org.restlet.Filter.handle(Filter.java:195)
	at com.noelios.restlet.ChainHelper.handle(ChainHelper.java:124)
	at com.noelios.restlet.application.ApplicationHelper.handle(ApplicationHelper.java:112)
	at org.restlet.Application.handle(Application.java:341)
	at org.restlet.Filter.doHandle(Filter.java:150)
	at org.restlet.Filter.handle(Filter.java:195)
	at org.restlet.Router.handle(Router.java:504)
	at org.restlet.Filter.doHandle(Filter.java:150)
	at org.restlet.Filter.handle(Filter.java:195)
	at org.restlet.Router.handle(Router.java:504)
	at org.restlet.Filter.doHandle(Filter.java:150)
	at com.noelios.restlet.StatusFilter.doHandle(StatusFilter.java:130)
	at org.restlet.Filter.handle(Filter.java:195)
	at org.restlet.Filter.doHandle(Filter.java:150)
	at org.restlet.Filter.handle(Filter.java:195)
	at com.noelios.restlet.ChainHelper.handle(ChainHelper.java:124)
	at org.restlet.Component.handle(Component.java:673)
	at org.restlet.Server.handle(Server.java:331)
	at com.noelios.restlet.ServerHelper.handle(ServerHelper.java:68)
	at com.noelios.restlet.http.HttpServerHelper.handle(HttpServerHelper.java:147)
	at com.noelios.restlet.ext.servlet.ServerServlet.service(ServerServlet.java:881)
	at javax.servlet.http.HttpServlet.service(HttpServlet.java:820)
	at org.mortbay.jetty.servlet.ServletHolder.handle(ServletHolder.java:511)
	at org.mortbay.jetty.servlet.ServletHandler$CachedChain.doFilter(ServletHandler.java:1221)
	at cn.newcapec.framework.core.filter.PagerFilter.doFilter(PagerFilter.java:24)
	at org.mortbay.jetty.servlet.ServletHandler$CachedChain.doFilter(ServletHandler.java:1212)
	at org.springframework.web.filter.CharacterEncodingFilter.doFilterInternal(CharacterEncodingFilter.java:88)
	at org.springframework.web.filter.OncePerRequestFilter.doFilter(OncePerRequestFilter.java:107)
	at org.mortbay.jetty.servlet.ServletHandler$CachedChain.doFilter(ServletHandler.java:1212)
	at cn.newcapec.framework.core.filter.RequestEncodeFilter.doFilter(RequestEncodeFilter.java:63)
	at org.mortbay.jetty.servlet.ServletHandler$CachedChain.doFilter(ServletHandler.java:1212)
	at org.springframework.orm.hibernate3.support.OpenSessionInViewFilter.doFilterInternal(OpenSessionInViewFilter.java:230)
	at org.springframework.web.filter.OncePerRequestFilter.doFilter(OncePerRequestFilter.java:107)
	at org.mortbay.jetty.servlet.ServletHandler$CachedChain.doFilter(ServletHandler.java:1212)
	at org.mortbay.jetty.servlet.ServletHandler.handle(ServletHandler.java:399)
	at org.mortbay.jetty.security.SecurityHandler.handle(SecurityHandler.java:216)
	at org.mortbay.jetty.servlet.SessionHandler.handle(SessionHandler.java:182)
	at org.mortbay.jetty.handler.ContextHandler.handle(ContextHandler.java:766)
	at org.mortbay.jetty.webapp.WebAppContext.handle(WebAppContext.java:450)
	at org.mortbay.jetty.handler.ContextHandlerCollection.handle(ContextHandlerCollection.java:230)
	at org.mortbay.jetty.handler.HandlerCollection.handle(HandlerCollection.java:114)
	at org.mortbay.jetty.handler.HandlerWrapper.handle(HandlerWrapper.java:152)
	at org.mortbay.jetty.Server.handle(Server.java:326)
	at org.mortbay.jetty.HttpConnection.handleRequest(HttpConnection.java:542)
	at org.mortbay.jetty.HttpConnection$RequestHandler.headerComplete(HttpConnection.java:928)
	at org.mortbay.jetty.HttpParser.parseNext(HttpParser.java:549)
	at org.mortbay.jetty.HttpParser.parseAvailable(HttpParser.java:212)
	at org.mortbay.jetty.HttpConnection.handle(HttpConnection.java:404)
	at org.mortbay.io.nio.SelectChannelEndPoint.run(SelectChannelEndPoint.java:410)
	at org.mortbay.thread.QueuedThreadPool$PoolThread.run(QueuedThreadPool.java:582)
Caused by: cn.newcapec.framework.core.exception.BaseException: 视图不存在！
	at cn.newcapec.framework.core.exception.asserts.Assert.isTrue(Assert.java:14)
	at cn.newcapec.foundation.portal.rest.TraditionResource$1.AssertMethod(TraditionResource.java:67)
	at cn.newcapec.framework.core.rest.BaseResource.doExpAssert(BaseResource.java:94)
	at cn.newcapec.foundation.portal.rest.TraditionResource.index(TraditionResource.java:61)
	... 71 more

